TN:
SF:src/alchemy/deployers.ts
FNF:10
FNH:6
DA:11,128
DA:12,140
DA:13,140
DA:15,125
DA:20,90
DA:26,58
DA:28,85
DA:29,35
DA:30,9
DA:33,116
DA:36,109
DA:37,26
DA:38,86
DA:41,47
DA:42,40
DA:43,50
DA:44,72
DA:45,118
DA:46,78
DA:47,11
DA:48,17
DA:50,112
DA:51,128
DA:54,194
DA:56,43
DA:57,40
DA:58,48
DA:59,302
DA:60,11
DA:61,35
DA:62,40
DA:63,50
DA:64,78
DA:65,280
DA:66,48
DA:67,62
DA:68,56
DA:69,64
DA:70,112
DA:71,22
DA:72,21
DA:74,46
DA:75,36
DA:76,46
DA:77,72
DA:78,138
DA:79,118
DA:80,25
DA:85,122
DA:86,70
DA:87,48
DA:88,50
DA:89,38
DA:90,14
DA:92,37
DA:99,51
DA:100,66
DA:101,30
DA:102,118
DA:103,12
DA:106,76
DA:107,217
DA:108,138
DA:109,102
DA:110,52
DA:111,54
DA:112,42
DA:113,14
DA:114,9
DA:117,96
DA:118,126
DA:120,28
DA:121,172
DA:122,42
DA:123,60
DA:124,60
DA:125,18
DA:126,38
DA:127,14
DA:130,9
DA:131,20
DA:132,17
DA:133,10
DA:135,138
DA:138,188
DA:140,158
DA:142,66
DA:143,42
DA:144,96
DA:145,98
DA:146,76
DA:147,12
DA:149,156
DA:151,70
DA:152,49
DA:153,52
DA:154,38
DA:155,28
DA:156,51
DA:157,8
DA:159,39
DA:160,83
DA:161,7
DA:162,26
DA:163,9
DA:166,0
DA:167,0
DA:168,0
DA:169,0
DA:170,0
DA:171,0
DA:172,0
DA:173,0
DA:174,0
DA:175,0
DA:176,0
DA:177,0
DA:178,0
DA:179,0
DA:180,0
DA:181,0
DA:182,0
DA:183,0
DA:184,0
DA:185,56
DA:187,2
DA:193,68
DA:194,0
DA:195,0
DA:196,0
DA:197,0
DA:198,0
DA:199,0
DA:200,0
DA:201,0
DA:202,0
DA:203,0
DA:204,0
DA:205,0
DA:206,0
DA:207,0
DA:208,0
DA:209,0
DA:210,0
DA:211,0
DA:212,0
DA:213,0
DA:214,0
DA:215,0
DA:216,0
DA:217,0
DA:218,0
DA:219,0
DA:220,0
DA:221,0
DA:222,0
DA:223,0
DA:224,0
DA:225,0
DA:226,0
DA:227,0
DA:228,0
DA:229,0
DA:230,0
DA:231,0
DA:232,56
DA:234,2
LF:234
LH:110
end_of_record
TN:
SF:src/alchemy/deployment.ts
FNF:1
FNH:1
DA:17,96
DA:18,74
DA:19,75
DA:20,56
LF:20
LH:4
end_of_record
TN:
SF:src/alchemy/index.ts
FNF:1
FNH:1
DA:11,29
DA:12,30
DA:15,32
DA:18,27
DA:19,43
DA:20,36
DA:21,31
DA:22,30
LF:22
LH:8
end_of_record
TN:
SF:src/alchemy/resolver.ts
FNF:16
FNH:0
DA:11,75
DA:13,70
DA:40,62
DA:41,61
DA:42,65
DA:43,63
DA:48,0
DA:49,0
DA:50,0
DA:51,0
DA:52,0
DA:53,0
DA:54,1
DA:60,0
DA:61,0
DA:62,0
DA:63,0
DA:64,0
DA:65,0
DA:66,0
DA:67,0
DA:68,0
DA:69,0
DA:70,0
DA:71,0
DA:72,0
DA:73,0
DA:74,0
DA:75,1
DA:102,0
DA:103,0
DA:104,0
DA:105,0
DA:106,0
DA:107,0
DA:108,1
DA:119,0
DA:120,0
DA:121,0
DA:122,0
DA:123,0
DA:124,0
DA:125,0
DA:126,0
DA:127,0
DA:128,0
DA:129,0
DA:130,0
DA:131,0
DA:132,0
DA:133,0
DA:134,0
DA:135,0
DA:136,0
DA:137,0
DA:138,0
DA:139,0
DA:140,0
DA:141,0
DA:142,0
DA:143,0
DA:144,0
DA:145,0
DA:146,0
DA:147,0
DA:148,0
DA:149,0
DA:150,1
DA:159,0
DA:160,0
DA:161,0
DA:162,0
DA:163,0
DA:164,0
DA:165,0
DA:166,0
DA:167,0
DA:168,0
DA:169,0
DA:170,0
DA:171,0
DA:172,0
DA:173,0
DA:174,0
DA:175,0
DA:176,0
DA:177,0
DA:178,0
DA:179,0
DA:180,0
DA:181,0
DA:182,0
DA:183,0
DA:184,0
DA:185,0
DA:186,0
DA:187,0
DA:188,0
DA:189,1
DA:195,0
DA:196,0
DA:197,0
DA:198,0
DA:199,0
DA:200,0
DA:201,0
DA:202,0
DA:203,0
DA:204,0
DA:205,0
DA:206,0
DA:207,0
DA:208,0
DA:209,0
DA:210,0
DA:211,0
DA:212,0
DA:213,0
DA:221,0
DA:222,0
DA:223,0
DA:224,0
DA:225,0
DA:226,0
DA:227,0
DA:228,0
DA:229,0
DA:230,0
DA:231,0
DA:232,0
DA:233,0
DA:234,0
DA:235,0
DA:236,0
DA:237,0
DA:238,0
DA:239,0
DA:240,0
DA:241,0
DA:242,0
DA:243,0
DA:244,0
DA:245,0
DA:246,0
DA:247,0
DA:248,0
DA:249,0
DA:250,0
DA:251,0
DA:252,0
DA:253,0
DA:254,0
DA:255,0
DA:256,0
DA:257,0
DA:258,0
DA:259,0
DA:260,0
DA:261,0
DA:262,0
DA:263,0
DA:264,1
DA:274,0
DA:275,0
DA:276,0
DA:277,0
DA:278,0
DA:279,0
DA:280,0
DA:281,0
DA:282,0
DA:283,0
DA:284,0
DA:285,0
DA:286,0
DA:287,0
DA:288,0
DA:289,1
DA:298,0
DA:299,0
DA:300,0
DA:301,0
DA:302,0
DA:303,0
DA:304,0
DA:305,0
DA:306,0
DA:307,0
DA:308,0
DA:309,0
DA:310,0
DA:311,0
DA:312,0
DA:313,1
DA:319,0
DA:320,0
DA:321,0
DA:322,0
DA:323,0
DA:324,0
DA:325,0
DA:326,0
DA:327,0
DA:328,0
DA:329,0
DA:330,0
DA:331,0
DA:332,0
DA:333,0
DA:334,0
DA:335,0
DA:336,0
DA:337,1
DA:343,0
DA:344,0
DA:345,0
DA:346,0
DA:347,0
DA:348,0
DA:349,0
DA:350,0
DA:351,0
DA:352,0
DA:353,0
DA:354,0
DA:355,0
DA:356,0
DA:357,0
DA:358,0
DA:359,0
DA:360,0
DA:361,0
DA:362,0
DA:363,0
DA:364,0
DA:365,0
DA:366,0
DA:367,0
DA:368,1
DA:374,0
DA:375,0
DA:376,0
DA:377,0
DA:378,0
DA:379,0
DA:380,1
DA:387,0
DA:388,0
DA:389,0
DA:390,0
DA:391,0
DA:392,0
DA:393,0
DA:394,0
DA:395,0
DA:396,0
DA:397,0
DA:398,0
DA:399,0
DA:400,0
DA:401,0
DA:402,0
DA:409,0
DA:410,0
DA:411,0
DA:412,0
DA:413,0
DA:414,0
DA:415,0
DA:416,0
DA:417,0
DA:418,0
DA:419,0
DA:420,0
DA:421,0
DA:422,1
DA:429,0
DA:430,0
DA:431,0
DA:432,0
DA:433,0
DA:434,0
DA:435,0
DA:436,0
DA:437,0
DA:438,0
DA:439,0
DA:440,0
DA:441,0
DA:442,0
DA:443,0
DA:444,0
DA:445,0
DA:446,0
DA:447,0
DA:448,0
DA:449,0
DA:450,1
DA:457,0
DA:458,0
DA:459,0
DA:460,0
DA:461,0
DA:462,0
DA:463,0
DA:464,0
DA:465,0
DA:466,0
DA:467,0
DA:468,0
DA:469,0
DA:470,0
DA:471,0
DA:472,0
DA:473,0
DA:474,0
DA:475,0
DA:476,0
DA:477,0
DA:478,0
DA:479,0
LF:481
LH:19
end_of_record
TN:
SF:src/alchemy/resource-registration.ts
FNF:9
FNH:2
DA:11,46
DA:12,62
DA:13,87
DA:17,75
DA:18,74
DA:23,33
DA:31,6
DA:32,10
DA:33,3
DA:34,68
DA:37,43
DA:38,40
DA:39,2
DA:42,36
DA:43,56
DA:44,56
DA:45,23
DA:46,2
DA:49,34
DA:50,12
DA:51,0
DA:52,0
DA:53,0
DA:54,0
DA:55,0
DA:56,0
DA:57,0
DA:58,0
DA:59,0
DA:60,0
DA:61,0
DA:62,0
DA:63,0
DA:64,0
DA:65,0
DA:66,0
DA:67,0
DA:68,0
DA:69,0
DA:70,0
DA:71,0
DA:72,0
DA:73,0
DA:74,0
DA:75,0
DA:76,0
DA:77,0
DA:78,0
DA:79,0
DA:80,0
DA:81,0
DA:82,0
DA:83,0
DA:84,0
DA:85,0
DA:86,0
DA:87,0
DA:88,0
DA:92,4
DA:95,54
DA:97,23
DA:104,0
DA:105,0
DA:106,0
DA:107,0
DA:108,0
DA:109,0
DA:110,0
DA:111,0
DA:112,0
DA:113,0
DA:114,0
DA:115,0
DA:116,0
DA:117,0
DA:118,0
DA:119,0
DA:120,0
DA:121,0
DA:122,0
DA:123,0
DA:124,0
DA:125,0
DA:126,0
DA:127,0
DA:128,0
DA:135,0
DA:136,0
DA:137,0
DA:138,0
DA:139,0
DA:140,0
DA:141,0
DA:142,0
DA:143,0
DA:144,0
DA:145,0
DA:153,0
DA:154,0
DA:155,0
DA:156,0
DA:157,0
DA:158,0
DA:159,0
DA:160,0
DA:161,0
DA:162,0
DA:163,0
DA:164,0
DA:165,0
DA:166,0
DA:167,0
DA:168,0
DA:169,0
DA:176,0
DA:177,0
DA:178,0
DA:179,0
DA:180,0
DA:181,0
DA:182,0
DA:183,0
DA:184,0
DA:185,0
DA:186,0
DA:187,0
DA:188,0
DA:189,0
DA:190,0
DA:191,0
DA:192,0
DA:193,0
DA:194,0
DA:195,0
DA:196,0
DA:197,0
DA:198,0
DA:199,0
DA:200,0
DA:201,0
DA:202,0
DA:209,0
DA:210,0
DA:211,0
DA:212,0
DA:213,0
DA:214,0
DA:215,0
DA:216,0
DA:217,0
DA:218,0
DA:219,0
DA:220,0
DA:221,0
DA:222,0
DA:223,0
DA:224,0
DA:225,0
DA:226,0
DA:227,0
DA:228,0
DA:229,0
DA:230,0
DA:231,0
DA:232,0
DA:233,0
DA:234,0
DA:235,0
DA:236,0
DA:237,0
DA:238,0
DA:239,0
DA:240,0
DA:241,0
DA:242,0
DA:243,0
DA:244,0
DA:245,0
DA:246,0
DA:253,0
DA:254,0
DA:255,0
DA:256,0
DA:257,0
DA:258,0
DA:259,0
DA:260,0
DA:261,0
DA:262,0
DA:263,0
DA:264,0
DA:265,0
DA:266,0
DA:267,0
DA:268,0
DA:269,0
DA:270,0
DA:271,0
DA:272,0
DA:273,0
DA:274,0
DA:275,0
DA:276,1
DA:283,11
DA:284,26
LF:285
LH:26
end_of_record
TN:
SF:src/alchemy/type-inference.ts
FNF:2
FNH:2
DA:13,47
DA:14,13
DA:15,13
DA:16,12
DA:17,10
DA:18,11
DA:19,12
DA:20,10
DA:21,3
DA:26,35
DA:27,17
DA:28,46
DA:29,44
DA:30,1
DA:35,10
DA:36,10
DA:37,0
DA:38,2
DA:40,58
DA:41,117
DA:42,2
DA:44,64
DA:45,137
DA:46,2
DA:48,58
DA:49,80
DA:50,2
DA:57,6
DA:58,10
DA:59,3
DA:61,24
DA:62,77
DA:63,2
DA:66,42
DA:69,99
DA:70,37
DA:71,2
DA:74,50
DA:75,30
DA:76,2
DA:80,37
LF:81
LH:40
end_of_record
TN:
SF:src/alchemy/types.ts
FNF:0
FNH:0
LF:112
LH:0
end_of_record
TN:
SF:src/alchemy/utilities.ts
FNF:1
FNH:0
DA:9,70
DA:14,0
DA:15,0
DA:16,0
DA:17,0
DA:18,0
DA:19,0
DA:20,0
LF:22
LH:1
end_of_record
TN:
SF:src/alchemy/wrapper.ts
FNF:1
FNH:0
DA:8,106
DA:13,0
DA:14,0
DA:15,0
DA:16,0
DA:17,1
DA:23,79
LF:26
LH:3
end_of_record
TN:
SF:src/core.ts
FNF:1
FNH:1
DA:14,142
DA:25,241
DA:43,84
DA:54,153
DA:63,266
DA:78,149
DA:94,43
DA:106,215
DA:119,86
DA:125,55
DA:129,225
DA:146,277
DA:163,132
LF:175
LH:13
end_of_record
TN:
SF:src/core/composition/composition.ts
FNF:14
FNH:7
DA:15,214
DA:52,0
DA:53,0
DA:54,0
DA:55,0
DA:56,0
DA:57,0
DA:58,1
DA:61,17
DA:62,24
DA:63,68
DA:64,4
DA:66,26
DA:67,35
DA:68,17
DA:69,27
DA:70,58
DA:71,32
DA:72,6
DA:73,13
DA:74,37
DA:75,54
DA:76,19
DA:77,51
DA:78,17
DA:79,25
DA:80,15
DA:81,32
DA:82,37
DA:83,43
DA:84,57
DA:85,69
DA:86,72
DA:87,11
DA:88,15
DA:89,53
DA:90,7
DA:91,5
DA:92,3
DA:93,3
DA:96,0
DA:97,0
DA:98,0
DA:99,0
DA:100,0
DA:101,0
DA:102,0
DA:103,0
DA:104,0
DA:105,0
DA:106,0
DA:107,0
DA:108,0
DA:109,0
DA:110,0
DA:111,0
DA:112,0
DA:113,0
DA:114,0
DA:115,0
DA:116,0
DA:117,0
DA:118,0
DA:119,0
DA:120,0
DA:121,0
DA:122,0
DA:123,0
DA:124,0
DA:125,0
DA:126,0
DA:127,0
DA:128,0
DA:129,0
DA:130,0
DA:131,0
DA:132,0
DA:133,0
DA:134,1
DA:137,0
DA:138,0
DA:139,0
DA:140,0
DA:141,0
DA:142,0
DA:143,0
DA:144,0
DA:145,0
DA:146,0
DA:147,0
DA:148,0
DA:149,0
DA:150,0
DA:151,0
DA:152,0
DA:153,0
DA:154,0
DA:155,0
DA:156,0
DA:157,0
DA:158,0
DA:159,0
DA:160,0
DA:161,0
DA:162,0
DA:163,0
DA:164,1
DA:167,0
DA:168,0
DA:169,0
DA:170,0
DA:171,0
DA:172,0
DA:173,0
DA:174,0
DA:175,0
DA:176,0
DA:177,0
DA:178,0
DA:179,0
DA:180,0
DA:181,0
DA:182,0
DA:183,0
DA:184,0
DA:185,0
DA:186,0
DA:187,0
DA:188,0
DA:189,0
DA:190,0
DA:191,0
DA:192,0
DA:193,0
DA:194,0
DA:195,1
DA:198,17
DA:199,25
DA:200,35
DA:201,92
DA:202,19
DA:203,3
DA:206,14
DA:210,3
DA:211,19
DA:212,92
DA:213,31
DA:214,3
DA:217,14
DA:223,3
DA:224,34
DA:225,92
DA:226,13
DA:227,62
DA:228,71
DA:229,20
DA:230,21
DA:231,28
DA:232,7
DA:233,5
DA:234,3
DA:235,3
DA:238,14
DA:245,3
DA:246,18
DA:247,23
DA:248,28
DA:249,31
DA:250,28
DA:251,6
DA:252,36
DA:253,33
DA:254,4
DA:255,31
DA:256,22
DA:257,9
DA:258,25
DA:259,21
DA:260,22
DA:261,21
DA:262,32
DA:263,51
DA:264,9
DA:265,7
DA:266,5
DA:267,4
DA:268,2
DA:269,36
DA:270,92
DA:271,6
DA:272,3
DA:275,14
DA:282,3
DA:283,23
DA:284,35
DA:285,92
DA:286,13
DA:287,32
DA:288,29
DA:289,43
DA:290,27
DA:291,33
DA:292,3
DA:293,3
DA:296,0
DA:297,0
DA:298,0
DA:299,0
DA:300,0
DA:301,0
DA:302,0
DA:303,0
DA:304,0
DA:305,0
DA:306,0
DA:307,0
DA:308,0
DA:309,0
DA:310,0
DA:311,0
DA:312,0
DA:313,0
DA:314,0
DA:315,1
DA:318,0
DA:319,0
DA:320,0
DA:321,0
DA:322,0
DA:323,0
DA:324,0
DA:325,0
DA:326,0
DA:327,0
DA:328,0
DA:329,0
DA:330,0
DA:331,0
DA:332,0
DA:333,0
DA:334,1
DA:342,0
DA:343,0
DA:344,0
DA:345,0
DA:346,0
DA:347,0
DA:348,0
DA:349,0
DA:350,0
DA:351,0
DA:352,0
DA:353,0
DA:354,0
DA:355,0
DA:356,0
DA:357,0
DA:358,0
DA:359,0
DA:360,0
DA:361,0
DA:362,0
DA:363,0
DA:364,0
DA:365,0
DA:366,0
LF:369
LH:107
end_of_record
TN:
SF:src/core/composition/index.ts
FNF:1
FNH:1
DA:10,230
DA:26,68
LF:51
LH:2
end_of_record
TN:
SF:src/core/composition/typekro-runtime/index.ts
FNF:1
FNH:1
DA:1,62
LF:3
LH:1
end_of_record
TN:
SF:src/core/composition/typekro-runtime/typekro-runtime.ts
FNF:3
FNH:3
DA:1,63
DA:2,76
DA:3,75
DA:4,70
DA:5,76
DA:6,48
DA:7,70
DA:37,22
DA:38,53
DA:39,50
DA:41,23
DA:42,5
DA:43,38
DA:44,39
DA:45,27
DA:46,29
DA:47,30
DA:48,2
DA:49,18
DA:51,34
DA:52,19
DA:53,33
DA:54,8
DA:55,25
DA:56,7
DA:59,31
DA:60,19
DA:61,17
DA:62,8
DA:63,22
DA:64,7
DA:67,28
DA:68,34
DA:69,6
DA:70,26
DA:71,73
DA:72,85
DA:73,38
DA:74,7
DA:77,35
DA:78,28
DA:79,31
DA:80,39
DA:81,21
DA:82,18
DA:83,21
DA:84,7
DA:86,35
DA:87,18
DA:88,23
DA:89,16
DA:90,20
DA:91,48
DA:92,25
DA:93,8
DA:94,21
DA:95,24
DA:96,4
DA:97,2
DA:98,30
DA:100,16
DA:101,39
DA:102,38
DA:103,6
DA:104,19
DA:106,23
DA:108,77
DA:109,3
DA:110,1
DA:111,1
LF:113
LH:70
end_of_record
TN:
SF:src/core/composition/typekro-runtime/types.ts
FNF:1
FNH:1
DA:1,31
DA:3,41
DA:4,20
DA:5,3
DA:7,43
DA:8,71
DA:9,17
DA:10,26
DA:11,22
DA:12,2
DA:13,2
LF:20
LH:11
end_of_record
TN:
SF:src/core/constants/brands.ts
FNF:3
FNH:0
DA:11,72
DA:16,72
DA:21,72
DA:26,28
DA:30,0
DA:31,0
DA:32,0
DA:33,0
DA:34,0
DA:35,0
DA:36,2
DA:42,0
DA:43,0
DA:44,0
DA:45,0
DA:46,0
DA:47,0
DA:48,2
DA:54,0
DA:55,0
DA:56,0
DA:57,0
DA:58,0
DA:59,0
DA:60,1
DA:62,1
LF:62
LH:8
end_of_record
TN:
SF:src/core/dependencies/graph.ts
FNF:19
FNH:17
DA:8,109
DA:12,47
DA:13,35
DA:18,47
DA:19,61
DA:20,153
DA:21,9
DA:23,52
DA:24,18
DA:25,30
DA:26,56
DA:27,46
DA:28,14
DA:36,73
DA:37,100
DA:38,104
DA:40,45
DA:41,143
DA:42,9
DA:43,47
DA:44,147
DA:45,9
DA:47,90
DA:48,86
DA:54,0
DA:55,33
DA:61,27
DA:62,57
DA:68,35
DA:69,72
DA:70,97
DA:76,33
DA:77,72
DA:78,93
DA:84,25
DA:85,22
DA:86,66
DA:87,32
DA:88,42
DA:89,106
DA:96,26
DA:97,56
DA:98,70
DA:99,44
DA:101,73
DA:102,81
DA:104,96
DA:105,118
DA:106,19
DA:107,13
DA:109,58
DA:110,13
DA:111,13
DA:113,52
DA:114,66
DA:115,48
DA:117,84
DA:118,37
DA:119,113
DA:120,74
DA:121,13
DA:122,13
DA:124,72
DA:125,41
DA:128,93
DA:129,69
DA:130,44
DA:131,9
DA:132,9
DA:134,33
DA:141,35
DA:142,58
DA:143,42
DA:144,44
DA:147,95
DA:148,102
DA:149,85
DA:150,50
DA:151,9
DA:152,9
DA:155,63
DA:156,70
DA:157,62
DA:158,52
DA:160,84
DA:161,64
DA:162,103
DA:163,116
DA:164,120
DA:165,96
DA:166,94
DA:168,67
DA:169,64
DA:170,13
DA:171,9
DA:172,9
DA:175,91
DA:176,78
DA:177,72
DA:178,124
DA:179,175
DA:180,9
DA:182,33
DA:188,28
DA:189,80
DA:190,102
DA:191,45
DA:197,28
DA:198,80
DA:199,98
DA:200,45
DA:206,21
DA:207,78
DA:210,87
DA:211,76
DA:212,9
DA:215,87
DA:216,109
DA:217,78
DA:218,9
DA:219,9
DA:221,33
DA:227,41
DA:228,82
DA:229,78
DA:232,73
DA:233,84
DA:234,37
DA:235,92
DA:236,9
DA:237,9
DA:240,73
DA:241,84
DA:242,37
DA:243,113
DA:244,91
DA:245,98
DA:246,17
DA:247,13
DA:248,9
DA:249,9
DA:251,36
DA:253,2
LF:256
LH:142
end_of_record
TN:
SF:src/core/dependencies/index.ts
FNF:1
FNH:1
DA:8,45
DA:10,50
LF:11
LH:2
end_of_record
TN:
SF:src/core/dependencies/resolver.ts
FNF:15
FNH:14
DA:8,136
DA:9,110
DA:10,114
DA:11,124
DA:14,89
DA:16,53
DA:17,105
DA:22,22
DA:23,22
DA:24,10
DA:25,76
DA:28,81
DA:29,82
DA:30,9
DA:33,81
DA:34,116
DA:36,77
DA:38,95
DA:39,34
DA:40,108
DA:41,19
DA:44,65
DA:45,51
DA:46,41
DA:47,30
DA:49,13
DA:50,9
DA:51,9
DA:53,31
DA:59,45
DA:60,75
DA:66,42
DA:67,59
DA:68,80
DA:69,72
DA:70,124
DA:71,175
DA:72,9
DA:78,19
DA:79,20
DA:80,10
DA:81,40
DA:83,87
DA:84,86
DA:85,13
DA:86,13
DA:88,69
DA:89,42
DA:90,82
DA:92,128
DA:93,56
DA:94,78
DA:95,79
DA:96,89
DA:97,16
DA:98,88
DA:99,117
DA:100,107
DA:101,13
DA:102,21
DA:105,46
DA:106,29
DA:112,54
DA:113,40
DA:117,92
DA:118,88
DA:120,59
DA:121,102
DA:123,40
DA:124,72
DA:125,38
DA:126,76
DA:127,18
DA:129,80
DA:130,9
DA:132,29
DA:138,48
DA:139,114
DA:140,44
DA:141,60
DA:144,111
DA:145,60
DA:147,103
DA:148,83
DA:149,34
DA:150,17
DA:153,126
DA:154,176
DA:156,81
DA:157,76
DA:158,13
DA:159,13
DA:161,70
DA:162,93
DA:163,13
DA:165,64
DA:166,102
DA:167,9
DA:169,28
DA:170,26
DA:171,92
DA:172,134
DA:173,9
DA:179,42
DA:180,112
DA:181,71
DA:187,50
DA:188,61
DA:194,47
DA:195,60
DA:197,2
LF:206
LH:111
end_of_record
TN:
SF:src/core/dependencies/type-guards.ts
FNF:2
FNH:2
DA:8,84
DA:15,14
DA:20,78
DA:21,12
DA:22,2
DA:23,55
DA:29,16
DA:30,53
DA:31,12
DA:32,2
DA:34,20
DA:36,7
DA:37,31
DA:38,38
DA:39,23
DA:40,34
LF:42
LH:16
end_of_record
TN:
SF:src/core/deployment/deployment-strategies.ts
FNF:1
FNH:1
DA:13,141
LF:18
LH:1
end_of_record
TN:
SF:src/core/deployment/direct-factory.ts
FNF:32
FNH:28
DA:7,124
DA:8,106
DA:9,114
DA:10,152
DA:11,258
DA:17,184
DA:18,116
DA:19,122
DA:20,106
DA:33,164
DA:59,1
DA:61,13
DA:62,12
DA:63,22
DA:64,36
DA:65,28
DA:66,10
DA:67,42
DA:68,104
DA:69,90
DA:70,102
DA:71,62
DA:72,86
DA:73,90
DA:74,68
DA:83,33
DA:84,65
DA:85,146
DA:86,5
DA:87,33
DA:93,50
DA:95,61
DA:96,160
DA:97,147
DA:98,9
DA:101,62
DA:102,166
DA:104,12
DA:106,170
DA:107,90
DA:108,14
DA:110,109
DA:116,35
DA:117,69
DA:118,178
DA:121,108
DA:122,112
DA:125,102
DA:126,24
DA:127,22
DA:128,22
DA:129,16
DA:130,16
DA:132,148
DA:133,110
DA:134,104
DA:135,14
DA:136,5
DA:137,40
DA:143,30
DA:145,100
DA:146,98
DA:149,172
DA:150,21
DA:151,67
DA:152,51
DA:153,34
DA:154,5
DA:157,57
DA:158,55
DA:160,23
DA:166,37
DA:168,100
DA:169,22
DA:170,32
DA:171,46
DA:172,42
DA:173,56
DA:174,8
DA:175,12
DA:178,102
DA:179,37
DA:180,11
DA:181,16
DA:182,23
DA:183,21
DA:184,19
DA:185,12
DA:186,6
DA:187,5
DA:189,31
DA:195,28
DA:196,113
DA:202,38
DA:203,108
DA:204,43
DA:205,97
DA:206,5
DA:208,11
DA:210,48
DA:211,52
DA:214,42
DA:215,21
DA:216,16
DA:217,94
DA:218,19
DA:225,25
DA:226,96
DA:229,54
DA:231,58
DA:233,45
DA:234,9
DA:236,28
DA:237,44
DA:238,44
DA:239,92
DA:240,64
DA:241,76
DA:242,20
DA:243,0
DA:244,0
DA:245,0
DA:246,0
DA:247,0
DA:248,0
DA:249,0
DA:250,0
DA:251,0
DA:252,0
DA:253,0
DA:254,0
DA:255,0
DA:256,0
DA:257,0
DA:258,0
DA:259,0
DA:260,0
DA:261,0
DA:262,0
DA:263,0
DA:264,0
DA:265,0
DA:266,0
DA:267,0
DA:268,0
DA:269,0
DA:270,0
DA:271,0
DA:272,0
DA:273,0
DA:274,0
DA:275,0
DA:276,0
DA:277,0
DA:278,0
DA:279,0
DA:280,0
DA:281,0
DA:282,0
DA:283,0
DA:284,0
DA:285,0
DA:286,0
DA:287,0
DA:288,0
DA:289,0
DA:290,0
DA:291,0
DA:292,0
DA:293,0
DA:294,0
DA:295,0
DA:296,0
DA:297,0
DA:298,0
DA:299,0
DA:300,0
DA:301,0
DA:302,0
DA:303,0
DA:304,0
DA:305,0
DA:306,0
DA:307,0
DA:308,0
DA:309,0
DA:310,0
DA:311,0
DA:312,0
DA:313,0
DA:314,0
DA:315,0
DA:316,0
DA:317,0
DA:318,0
DA:319,0
DA:320,0
DA:321,0
DA:322,0
DA:323,0
DA:324,0
DA:325,0
DA:326,0
DA:327,0
DA:328,0
DA:329,0
DA:330,0
DA:331,0
DA:332,0
DA:333,0
DA:334,0
DA:335,0
DA:336,0
DA:337,0
DA:338,0
DA:339,0
DA:340,0
DA:341,0
DA:342,0
DA:343,0
DA:344,0
DA:345,0
DA:346,0
DA:347,0
DA:348,0
DA:349,0
DA:350,32
DA:358,22
DA:367,10
DA:368,150
DA:371,96
DA:372,69
DA:373,32
DA:374,52
DA:375,146
DA:376,32
DA:377,7
DA:378,5
DA:380,11
DA:381,48
DA:382,63
DA:384,44
DA:385,18
DA:386,28
DA:387,75
DA:388,18
DA:389,8
DA:390,7
DA:392,47
DA:393,68
DA:395,27
DA:396,28
DA:397,26
DA:398,29
DA:399,30
DA:402,57
DA:403,69
DA:404,27
DA:406,17
DA:407,35
DA:408,69
DA:409,42
DA:410,27
DA:411,44
DA:412,51
DA:413,13
DA:414,14
DA:415,64
DA:417,80
DA:419,28
DA:420,27
DA:421,22
DA:422,41
DA:424,27
DA:425,26
DA:426,35
DA:427,46
DA:428,33
DA:429,79
DA:430,31
DA:431,14
DA:432,50
DA:434,7
DA:435,7
DA:437,93
DA:439,16
DA:440,15
DA:441,27
DA:442,32
DA:443,34
DA:444,30
DA:445,29
DA:446,10
DA:447,26
DA:448,8
DA:449,21
DA:450,64
DA:451,16
DA:452,25
DA:453,73
DA:454,19
DA:455,13
DA:456,34
DA:457,31
DA:458,77
DA:459,29
DA:460,9
DA:461,7
DA:462,19
DA:469,24
DA:470,140
DA:473,104
DA:474,108
DA:477,152
DA:480,152
DA:482,102
DA:483,96
DA:484,120
DA:485,14
DA:488,166
DA:489,112
DA:490,128
DA:491,14
DA:494,70
DA:496,92
DA:497,56
DA:498,104
DA:499,14
DA:501,0
DA:502,0
DA:503,0
DA:504,0
DA:505,0
DA:506,0
DA:507,0
DA:508,0
DA:509,0
DA:510,0
DA:511,0
DA:512,0
DA:513,0
DA:514,0
DA:515,0
DA:516,0
DA:517,0
DA:518,0
DA:519,0
DA:520,0
DA:521,0
DA:522,81
DA:528,30
DA:530,130
DA:533,151
DA:535,88
DA:536,60
DA:539,132
DA:540,76
DA:542,88
DA:543,46
DA:546,89
DA:547,146
DA:548,66
DA:549,34
DA:550,13
DA:553,90
DA:556,71
DA:557,122
DA:558,7
DA:559,36
DA:560,26
DA:561,55
DA:562,62
DA:563,20
DA:564,91
DA:565,21
DA:566,12
DA:568,4
DA:569,34
DA:570,13
DA:572,90
DA:575,71
DA:576,122
DA:577,7
DA:578,36
DA:579,133
DA:580,4
DA:581,34
DA:582,13
DA:584,42
DA:585,12
DA:587,63
DA:593,0
DA:594,0
DA:595,0
DA:596,0
DA:597,0
DA:598,0
DA:599,0
DA:600,0
DA:601,0
DA:602,0
DA:603,0
DA:604,0
DA:605,0
DA:606,0
DA:607,0
DA:608,0
DA:609,0
DA:610,0
DA:611,0
DA:612,0
DA:613,0
DA:614,0
DA:615,0
DA:616,0
DA:617,0
DA:618,0
DA:619,0
DA:620,0
DA:621,0
DA:622,0
DA:623,0
DA:624,0
DA:625,0
DA:626,0
DA:627,0
DA:628,0
DA:629,0
DA:630,0
DA:631,0
DA:632,0
DA:633,0
DA:634,0
DA:635,0
DA:636,0
DA:637,0
DA:638,8
DA:645,47
DA:646,66
DA:647,137
DA:648,26
DA:651,172
DA:652,98
DA:653,23
DA:655,77
DA:656,49
DA:658,9
DA:660,55
DA:667,105
DA:668,112
DA:669,22
DA:670,56
DA:671,126
DA:672,14
DA:675,155
DA:676,190
DA:677,108
DA:678,60
DA:680,188
DA:681,95
DA:682,177
DA:683,80
DA:684,88
DA:685,134
DA:686,34
DA:687,94
DA:688,96
DA:689,22
DA:690,35
DA:691,182
DA:692,34
DA:693,34
DA:694,72
DA:695,26
DA:696,52
DA:699,13
DA:700,138
DA:701,26
DA:702,66
DA:703,18
DA:704,43
DA:705,9
DA:708,75
DA:709,182
DA:711,98
DA:715,199
DA:716,76
DA:717,154
DA:721,100
DA:722,16
DA:723,126
DA:724,26
DA:725,74
DA:726,18
DA:728,51
DA:729,9
DA:732,71
DA:733,108
DA:734,73
DA:735,137
DA:736,7
DA:737,9
DA:739,105
DA:740,168
DA:741,52
DA:742,123
DA:743,180
DA:744,13
DA:747,104
DA:748,91
DA:749,166
DA:750,130
DA:751,54
DA:752,56
DA:753,60
DA:754,46
DA:755,18
DA:756,13
DA:758,35
DA:759,9
DA:761,168
DA:763,37
DA:769,0
DA:770,0
DA:771,39
DA:773,2
DA:778,47
DA:781,2
DA:782,12
DA:783,22
DA:784,36
DA:785,28
DA:786,6
DA:787,163
LF:792
LH:359
end_of_record
TN:
SF:src/core/deployment/engine.ts
FNF:52
FNH:40
DA:8,94
DA:9,124
DA:10,110
DA:11,114
DA:12,150
DA:30,130
DA:37,116
DA:38,108
DA:39,131
DA:49,1
DA:51,13
DA:52,90
DA:53,16
DA:54,38
DA:55,162
DA:56,10
DA:57,106
DA:58,226
DA:59,156
DA:60,140
DA:61,116
DA:64,0
DA:65,0
DA:66,0
DA:67,0
DA:68,0
DA:69,0
DA:70,8
DA:71,12
DA:78,32
DA:79,48
DA:85,71
DA:86,22
DA:88,156
DA:90,65
DA:93,62
DA:94,130
DA:95,76
DA:96,46
DA:97,80
DA:98,94
DA:99,18
DA:100,20
DA:103,130
DA:106,122
DA:108,76
DA:109,22
DA:110,160
DA:111,47
DA:112,18
DA:113,80
DA:114,44
DA:115,16
DA:116,13
DA:117,28
DA:119,31
DA:121,62
DA:122,130
DA:123,76
DA:124,46
DA:125,80
DA:126,94
DA:127,18
DA:128,20
DA:130,130
DA:131,140
DA:133,21
DA:134,65
DA:135,14
DA:136,40
DA:137,36
DA:138,36
DA:139,43
DA:140,9
DA:141,25
DA:148,0
DA:149,60
DA:155,50
DA:156,106
DA:157,66
DA:158,66
DA:159,44
DA:160,208
DA:161,124
DA:163,22
DA:164,66
DA:165,48
DA:166,156
DA:167,50
DA:168,18
DA:171,208
DA:172,140
DA:175,164
DA:176,198
DA:177,124
DA:178,90
DA:179,108
DA:180,102
DA:181,18
DA:184,50
DA:185,52
DA:186,78
DA:187,124
DA:188,78
DA:189,16
DA:192,179
DA:193,126
DA:194,59
DA:195,34
DA:196,17
DA:198,108
DA:199,64
DA:200,84
DA:201,22
DA:202,226
DA:205,84
DA:208,136
DA:209,144
DA:210,126
DA:212,150
DA:213,55
DA:214,128
DA:215,182
DA:216,44
DA:217,58
DA:218,50
DA:219,48
DA:220,54
DA:221,72
DA:222,44
DA:223,66
DA:224,26
DA:225,13
DA:226,21
DA:228,122
DA:229,72
DA:230,84
DA:231,98
DA:232,26
DA:234,34
DA:235,130
DA:238,188
DA:241,172
DA:242,114
DA:243,46
DA:244,18
DA:245,14
DA:246,28
DA:247,134
DA:249,44
DA:250,56
DA:251,50
DA:252,56
DA:253,16
DA:254,54
DA:255,140
DA:256,76
DA:257,58
DA:258,86
DA:259,132
DA:260,152
DA:261,84
DA:262,62
DA:263,70
DA:264,34
DA:265,28
DA:266,44
DA:267,58
DA:268,50
DA:269,94
DA:270,48
DA:271,54
DA:272,72
DA:273,44
DA:274,66
DA:275,26
DA:276,24
DA:278,20
DA:281,138
DA:284,74
DA:285,91
DA:286,95
DA:287,100
DA:288,163
DA:289,140
DA:290,43
DA:291,76
DA:292,89
DA:293,100
DA:294,29
DA:295,111
DA:296,144
DA:297,46
DA:299,20
DA:301,36
DA:302,115
DA:304,17
DA:307,123
DA:308,150
DA:309,150
DA:311,100
DA:312,74
DA:313,58
DA:314,148
DA:315,58
DA:316,26
DA:317,40
DA:318,50
DA:319,82
DA:320,102
DA:321,42
DA:322,58
DA:323,32
DA:324,11
DA:325,17
DA:328,116
DA:329,220
DA:330,268
DA:331,198
DA:333,113
DA:334,162
DA:335,76
DA:336,60
DA:337,68
DA:338,86
DA:339,158
DA:340,18
DA:341,13
DA:343,92
DA:344,176
DA:345,213
DA:348,194
DA:350,109
DA:351,158
DA:352,64
DA:353,108
DA:354,106
DA:355,108
DA:356,170
DA:357,112
DA:358,78
DA:359,284
DA:360,24
DA:361,18
DA:363,66
DA:364,117
DA:365,312
DA:366,50
DA:367,18
DA:370,96
DA:371,42
DA:372,74
DA:373,94
DA:374,78
DA:375,52
DA:376,193
DA:377,26
DA:378,18
DA:380,32
DA:381,42
DA:382,74
DA:383,94
DA:384,34
DA:385,30
DA:386,24
DA:387,10
DA:388,42
DA:390,109
DA:391,29
DA:392,7
DA:394,46
DA:395,33
DA:396,23
DA:397,47
DA:398,28
DA:399,11
DA:400,9
DA:403,48
DA:404,21
DA:405,37
DA:406,47
DA:407,39
DA:408,26
DA:409,25
DA:410,13
DA:411,9
DA:413,16
DA:414,21
DA:415,37
DA:416,47
DA:417,17
DA:418,25
DA:419,19
DA:420,13
DA:421,37
DA:422,32
DA:423,18
DA:424,29
DA:425,9
DA:426,7
DA:427,14
DA:434,0
DA:435,0
DA:436,0
DA:437,0
DA:438,0
DA:439,0
DA:440,0
DA:441,0
DA:442,0
DA:443,0
DA:444,0
DA:445,0
DA:446,0
DA:447,0
DA:448,0
DA:449,0
DA:450,0
DA:451,0
DA:452,0
DA:453,0
DA:454,0
DA:455,0
DA:456,0
DA:457,0
DA:458,0
DA:459,0
DA:460,0
DA:461,0
DA:462,0
DA:463,0
DA:464,0
DA:465,0
DA:466,0
DA:467,33
DA:474,0
DA:475,0
DA:476,0
DA:477,0
DA:478,0
DA:479,0
DA:480,16
DA:486,0
DA:487,0
DA:488,0
DA:489,0
DA:490,0
DA:491,0
DA:492,0
DA:493,0
DA:494,0
DA:495,0
DA:496,0
DA:497,15
DA:503,0
DA:504,0
DA:505,0
DA:506,0
DA:507,0
DA:508,0
DA:509,0
DA:510,0
DA:511,0
DA:512,0
DA:513,0
DA:514,0
DA:515,0
DA:516,0
DA:517,0
DA:518,0
DA:519,0
DA:520,0
DA:521,0
DA:522,0
DA:523,0
DA:524,0
DA:525,0
DA:526,0
DA:527,0
DA:528,0
DA:529,0
DA:530,0
DA:531,0
DA:532,0
DA:533,0
DA:534,0
DA:535,0
DA:536,0
DA:537,0
DA:538,0
DA:539,0
DA:540,0
DA:541,0
DA:542,0
DA:543,0
DA:544,0
DA:545,0
DA:546,0
DA:547,0
DA:548,0
DA:549,0
DA:550,0
DA:551,0
DA:552,0
DA:553,0
DA:554,0
DA:555,0
DA:556,0
DA:557,0
DA:558,0
DA:559,0
DA:560,0
DA:561,0
DA:562,0
DA:563,0
DA:564,0
DA:565,0
DA:566,0
DA:567,0
DA:568,0
DA:569,0
DA:570,0
DA:571,0
DA:572,0
DA:573,0
DA:574,0
DA:575,0
DA:576,0
DA:577,0
DA:578,0
DA:579,0
DA:580,0
DA:581,0
DA:582,0
DA:583,0
DA:584,0
DA:585,0
DA:586,0
DA:587,0
DA:588,0
DA:589,0
DA:590,0
DA:591,0
DA:592,0
DA:593,0
DA:594,0
DA:595,0
DA:596,0
DA:597,0
DA:598,0
DA:599,0
DA:600,0
DA:601,0
DA:602,0
DA:603,0
DA:604,0
DA:605,0
DA:606,0
DA:607,0
DA:608,0
DA:609,0
DA:610,0
DA:611,0
DA:612,0
DA:613,0
DA:614,0
DA:615,0
DA:616,0
DA:617,0
DA:618,0
DA:619,0
DA:620,0
DA:621,0
DA:622,0
DA:623,0
DA:624,0
DA:625,0
DA:626,0
DA:627,0
DA:628,0
DA:629,0
DA:630,0
DA:631,0
DA:632,0
DA:633,0
DA:634,0
DA:635,0
DA:636,0
DA:637,0
DA:638,0
DA:639,0
DA:640,0
DA:641,0
DA:642,0
DA:643,0
DA:644,0
DA:645,0
DA:646,0
DA:647,0
DA:648,0
DA:649,0
DA:650,0
DA:651,0
DA:652,0
DA:653,0
DA:654,0
DA:655,0
DA:656,0
DA:657,0
DA:658,0
DA:659,0
DA:660,0
DA:661,0
DA:662,0
DA:663,0
DA:664,0
DA:665,0
DA:666,0
DA:667,0
DA:668,0
DA:669,0
DA:670,0
DA:671,0
DA:672,0
DA:673,0
DA:674,0
DA:675,0
DA:676,0
DA:677,0
DA:678,0
DA:679,0
DA:680,0
DA:681,0
DA:682,0
DA:683,0
DA:684,0
DA:685,0
DA:686,0
DA:687,0
DA:688,0
DA:689,0
DA:690,0
DA:691,0
DA:692,0
DA:693,0
DA:694,0
DA:695,0
DA:696,0
DA:697,0
DA:698,0
DA:699,0
DA:700,0
DA:701,0
DA:702,0
DA:703,0
DA:704,0
DA:705,0
DA:706,0
DA:707,0
DA:708,0
DA:709,0
DA:710,0
DA:711,0
DA:712,0
DA:713,0
DA:714,0
DA:715,0
DA:716,0
DA:717,0
DA:718,0
DA:719,0
DA:720,0
DA:721,0
DA:722,0
DA:723,0
DA:724,0
DA:725,0
DA:726,0
DA:727,0
DA:728,0
DA:729,0
DA:730,0
DA:731,0
DA:732,0
DA:733,0
DA:734,0
DA:735,0
DA:736,0
DA:737,0
DA:738,0
DA:739,0
DA:740,0
DA:741,0
DA:742,0
DA:743,0
DA:744,0
DA:745,0
DA:746,0
DA:747,0
DA:748,0
DA:749,0
DA:750,0
DA:751,0
DA:752,0
DA:753,0
DA:754,0
DA:755,0
DA:756,0
DA:757,0
DA:758,0
DA:759,0
DA:760,0
DA:761,0
DA:762,0
DA:763,0
DA:764,0
DA:765,0
DA:766,0
DA:767,0
DA:768,0
DA:769,0
DA:770,0
DA:771,0
DA:772,0
DA:773,0
DA:774,0
DA:775,0
DA:776,0
DA:777,0
DA:778,0
DA:779,0
DA:780,0
DA:781,0
DA:782,0
DA:783,0
DA:784,0
DA:785,0
DA:786,0
DA:787,0
DA:788,0
DA:789,0
DA:790,0
DA:791,0
DA:792,0
DA:793,0
DA:794,0
DA:795,0
DA:796,0
DA:797,0
DA:798,0
DA:799,0
DA:800,0
DA:801,0
DA:802,0
DA:803,0
DA:804,0
DA:805,0
DA:806,0
DA:807,0
DA:808,0
DA:809,0
DA:810,0
DA:811,0
DA:812,0
DA:813,0
DA:814,0
DA:815,0
DA:816,0
DA:817,0
DA:818,0
DA:819,0
DA:820,0
DA:821,0
DA:822,0
DA:823,0
DA:824,0
DA:825,0
DA:826,0
DA:827,0
DA:828,0
DA:829,0
DA:830,0
DA:831,0
DA:832,0
DA:833,0
DA:834,0
DA:835,0
DA:836,0
DA:837,0
DA:838,0
DA:839,0
DA:840,0
DA:841,0
DA:842,0
DA:843,0
DA:844,0
DA:845,0
DA:846,0
DA:847,0
DA:848,0
DA:849,0
DA:850,0
DA:851,0
DA:852,0
DA:853,0
DA:854,0
DA:855,0
DA:856,0
DA:857,0
DA:858,0
DA:859,0
DA:860,0
DA:861,0
DA:862,0
DA:863,0
DA:864,0
DA:865,0
DA:866,0
DA:867,0
DA:868,0
DA:869,0
DA:870,0
DA:871,0
DA:872,0
DA:873,0
DA:874,0
DA:875,0
DA:876,0
DA:877,0
DA:878,0
DA:879,0
DA:880,0
DA:881,0
DA:882,0
DA:883,0
DA:884,0
DA:885,0
DA:886,0
DA:887,0
DA:888,0
DA:889,0
DA:890,0
DA:891,0
DA:892,0
DA:893,0
DA:894,0
DA:895,0
DA:896,0
DA:897,0
DA:898,0
DA:899,0
DA:900,0
DA:901,0
DA:902,0
DA:903,0
DA:904,0
DA:905,0
DA:906,0
DA:907,0
DA:908,0
DA:909,0
DA:910,0
DA:911,0
DA:912,0
DA:913,0
DA:914,0
DA:915,0
DA:916,0
DA:917,0
DA:918,0
DA:919,0
DA:920,0
DA:921,0
DA:922,0
DA:923,0
DA:924,0
DA:925,0
DA:926,0
DA:927,18
DA:933,23
DA:934,20
DA:935,18
DA:936,17
DA:937,10
DA:938,200
DA:939,96
DA:940,34
DA:941,52
DA:942,66
DA:943,14
DA:944,128
DA:946,62
DA:947,46
DA:948,34
DA:949,142
DA:950,46
DA:951,14
DA:954,50
DA:955,22
DA:956,126
DA:957,82
DA:958,18
DA:959,108
DA:960,94
DA:961,136
DA:962,53
DA:963,163
DA:964,14
DA:965,18
DA:966,132
DA:967,104
DA:968,132
DA:969,16
DA:970,21
DA:971,89
DA:972,41
DA:976,235
DA:977,152
DA:978,86
DA:979,124
DA:980,140
DA:981,18
DA:984,64
DA:985,68
DA:986,68
DA:987,16
DA:990,80
DA:991,50
DA:992,54
DA:993,16
DA:996,138
DA:997,65
DA:998,152
DA:999,72
DA:1000,56
DA:1001,58
DA:1002,46
DA:1003,18
DA:1004,13
DA:1006,86
DA:1007,9
DA:1010,48
DA:1012,53
DA:1014,146
DA:1015,60
DA:1016,50
DA:1017,48
DA:1018,72
DA:1019,52
DA:1020,14
DA:1021,12
DA:1022,27
DA:1024,104
DA:1025,44
DA:1026,58
DA:1027,54
DA:1028,42
DA:1029,16
DA:1031,40
DA:1032,151
DA:1033,30
DA:1034,152
DA:1037,46
DA:1038,34
DA:1039,114
DA:1040,108
DA:1041,84
DA:1042,54
DA:1043,120
DA:1044,148
DA:1045,26
DA:1046,30
DA:1047,77
DA:1048,54
DA:1050,74
DA:1051,79
DA:1052,24
DA:1053,42
DA:1056,53
DA:1058,124
DA:1059,148
DA:1060,90
DA:1061,39
DA:1063,140
DA:1064,152
DA:1065,113
DA:1068,134
DA:1069,112
DA:1070,132
DA:1071,109
DA:1072,34
DA:1073,26
DA:1076,22
DA:1077,50
DA:1078,56
DA:1079,188
DA:1082,103
DA:1083,68
DA:1084,92
DA:1085,72
DA:1086,18
DA:1087,13
DA:1088,21
DA:1091,46
DA:1092,138
DA:1093,40
DA:1094,24
DA:1096,132
DA:1097,66
DA:1098,94
DA:1099,30
DA:1100,26
DA:1103,145
DA:1105,18
DA:1109,64
DA:1110,42
DA:1111,94
DA:1112,114
DA:1113,134
DA:1114,66
DA:1115,50
DA:1116,48
DA:1117,12
DA:1120,85
DA:1121,126
DA:1122,130
DA:1123,76
DA:1124,9
DA:1126,130
DA:1127,59
DA:1133,23
DA:1134,36
DA:1135,17
DA:1136,10
DA:1137,212
DA:1140,168
DA:1141,77
DA:1142,11
DA:1143,9
DA:1146,152
DA:1150,63
DA:1151,282
DA:1152,144
DA:1153,63
DA:1154,9
DA:1156,66
DA:1157,92
DA:1158,52
DA:1160,95
DA:1161,26
DA:1163,130
DA:1164,130
DA:1165,76
DA:1166,46
DA:1167,80
DA:1168,94
DA:1169,18
DA:1170,22
DA:1172,112
DA:1174,76
DA:1175,25
DA:1176,49
DA:1178,39
DA:1179,37
DA:1180,46
DA:1181,100
DA:1182,31
DA:1183,15
DA:1185,17
DA:1186,9
DA:1187,160
DA:1188,60
DA:1189,61
DA:1190,98
DA:1192,78
DA:1193,74
DA:1194,92
DA:1195,236
DA:1196,62
DA:1197,30
DA:1199,23
DA:1200,17
DA:1201,18
DA:1204,175
DA:1205,74
DA:1206,72
DA:1207,88
DA:1208,192
DA:1209,58
DA:1210,22
DA:1211,17
DA:1214,129
DA:1216,46
DA:1218,70
DA:1219,68
DA:1220,84
DA:1221,219
DA:1222,54
DA:1223,22
DA:1226,135
DA:1228,9
DA:1231,71
DA:1232,193
DA:1233,175
DA:1235,75
DA:1241,28
DA:1242,38
DA:1243,17
DA:1244,10
DA:1245,62
DA:1246,46
DA:1247,114
DA:1248,46
DA:1249,14
DA:1251,70
DA:1252,44
DA:1255,126
DA:1257,97
DA:1259,85
DA:1260,30
DA:1261,13
DA:1263,26
DA:1264,72
DA:1265,114
DA:1266,60
DA:1267,46
DA:1268,64
DA:1269,78
DA:1270,18
DA:1271,22
DA:1273,139
DA:1274,46
DA:1276,146
DA:1277,32
DA:1278,68
DA:1279,60
DA:1280,54
DA:1281,22
DA:1283,46
DA:1284,68
DA:1285,56
DA:1286,32
DA:1287,54
DA:1288,27
DA:1290,9
DA:1292,84
DA:1298,36
DA:1299,159
DA:1305,53
DA:1306,73
DA:1307,72
DA:1308,14
DA:1314,17
DA:1315,20
DA:1316,17
DA:1317,10
DA:1318,46
DA:1319,56
DA:1320,74
DA:1321,120
DA:1322,74
DA:1323,12
DA:1325,0
DA:1326,0
DA:1327,0
DA:1328,0
DA:1329,0
DA:1330,0
DA:1331,0
DA:1332,0
DA:1333,0
DA:1334,0
DA:1335,0
DA:1336,0
DA:1337,0
DA:1338,0
DA:1339,0
DA:1340,0
DA:1341,0
DA:1342,0
DA:1343,0
DA:1344,0
DA:1345,0
DA:1346,0
DA:1347,0
DA:1348,0
DA:1349,0
DA:1350,0
DA:1351,0
DA:1352,0
DA:1353,0
DA:1354,0
DA:1355,0
DA:1356,0
DA:1357,0
DA:1358,0
DA:1359,0
DA:1360,0
DA:1361,0
DA:1362,0
DA:1363,0
DA:1364,0
DA:1365,0
DA:1366,0
DA:1367,0
DA:1368,0
DA:1369,0
DA:1370,0
DA:1371,0
DA:1372,0
DA:1373,0
DA:1374,0
DA:1375,0
DA:1376,0
DA:1377,0
DA:1378,0
DA:1379,0
DA:1380,0
DA:1381,0
DA:1382,0
DA:1383,0
DA:1384,0
DA:1385,0
DA:1386,0
DA:1387,0
DA:1388,0
DA:1389,63
DA:1395,48
DA:1396,66
DA:1397,136
DA:1399,59
DA:1400,151
DA:1401,9
DA:1403,22
DA:1404,154
DA:1405,56
DA:1406,48
DA:1407,16
DA:1409,96
DA:1410,108
DA:1412,32
DA:1413,42
DA:1414,56
DA:1415,82
DA:1416,30
DA:1417,24
DA:1418,9
DA:1419,21
DA:1421,16
DA:1422,21
DA:1423,32
DA:1424,41
DA:1425,25
DA:1426,20
DA:1427,35
DA:1428,28
DA:1429,16
DA:1430,27
DA:1431,8
DA:1432,19
DA:1439,49
DA:1440,136
DA:1442,59
DA:1443,32
DA:1444,42
DA:1445,52
DA:1446,56
DA:1447,38
DA:1448,7
DA:1449,9
DA:1451,44
DA:1452,38
DA:1453,124
DA:1454,72
DA:1455,88
DA:1456,82
DA:1457,12
DA:1459,73
DA:1460,96
DA:1461,192
DA:1462,9
DA:1464,34
DA:1470,0
DA:1471,0
DA:1472,0
DA:1473,0
DA:1474,0
DA:1475,24
DA:1481,29
DA:1482,20
DA:1483,18
DA:1484,15
DA:1485,10
DA:1487,89
DA:1488,17
DA:1489,9
DA:1491,126
DA:1492,34
DA:1493,73
DA:1494,28
DA:1495,37
DA:1496,9
DA:1497,11
DA:1498,9
DA:1500,158
DA:1501,68
DA:1502,22
DA:1503,14
DA:1505,178
DA:1507,166
DA:1508,68
DA:1509,22
DA:1510,15
DA:1516,0
DA:1517,0
DA:1518,60
DA:1524,48
DA:1525,94
DA:1526,17
DA:1527,9
DA:1530,64
DA:1531,22
DA:1532,32
DA:1533,54
DA:1534,58
DA:1535,36
DA:1536,74
DA:1537,52
DA:1538,64
DA:1539,80
DA:1540,68
DA:1541,66
DA:1542,64
DA:1543,46
DA:1544,46
DA:1545,34
DA:1546,62
DA:1547,62
DA:1548,56
DA:1549,50
DA:1550,90
DA:1551,46
DA:1552,52
DA:1553,12
DA:1555,120
DA:1561,53
DA:1562,94
DA:1563,16
DA:1564,9
DA:1567,82
DA:1568,16
DA:1569,9
DA:1572,118
DA:1573,135
DA:1575,30
DA:1576,16
DA:1577,9
DA:1579,22
DA:1581,72
DA:1582,54
DA:1583,52
DA:1584,16
DA:1587,0
DA:1588,0
DA:1589,0
DA:1590,46
DA:1591,16
DA:1593,42
DA:1594,40
DA:1595,8
DA:1596,42
DA:1598,189
DA:1602,90
DA:1603,109
DA:1605,67
DA:1611,26
DA:1612,10
DA:1613,18
DA:1614,15
DA:1615,10
DA:1616,78
DA:1617,92
DA:1618,66
DA:1619,68
DA:1621,172
DA:1623,95
DA:1624,26
DA:1626,104
DA:1627,96
DA:1628,86
DA:1629,70
DA:1630,22
DA:1632,136
DA:1633,170
DA:1635,111
DA:1636,138
DA:1637,21
DA:1638,17
DA:1640,148
DA:1641,36
DA:1642,136
DA:1643,20
DA:1645,23
DA:1648,78
DA:1649,18
DA:1650,28
DA:1651,22
DA:1655,114
DA:1656,9
DA:1659,187
DA:1663,2
LF:1664
LH:756
end_of_record
TN:
SF:src/core/deployment/index.ts
FNF:1
FNH:1
DA:6,97
DA:10,53
DA:11,58
DA:12,54
DA:13,66
DA:14,60
DA:17,38
DA:18,43
DA:19,123
LF:20
LH:9
end_of_record
TN:
SF:src/core/deployment/kro-factory.ts
FNF:34
FNH:19
DA:8,94
DA:9,114
DA:10,258
DA:32,118
DA:33,148
DA:34,144
DA:35,106
DA:36,112
DA:37,182
DA:38,154
DA:39,158
DA:40,240
DA:41,130
DA:67,1
DA:69,13
DA:70,12
DA:71,22
DA:72,36
DA:73,32
DA:74,28
DA:75,10
DA:76,42
DA:77,104
DA:78,90
DA:79,102
DA:80,108
DA:81,62
DA:82,86
DA:83,90
DA:84,82
DA:85,68
DA:86,76
DA:89,76
DA:99,42
DA:100,103
DA:101,17
DA:102,9
DA:107,132
DA:108,108
DA:109,88
DA:110,14
DA:117,0
DA:118,0
DA:119,0
DA:120,0
DA:121,0
DA:122,0
DA:123,0
DA:124,0
DA:125,0
DA:126,0
DA:127,0
DA:128,0
DA:129,0
DA:130,0
DA:131,0
DA:132,0
DA:133,0
DA:134,0
DA:135,0
DA:136,0
DA:137,0
DA:138,0
DA:139,0
DA:140,0
DA:141,0
DA:142,0
DA:143,0
DA:144,0
DA:145,0
DA:146,0
DA:147,0
DA:148,0
DA:149,0
DA:150,0
DA:151,0
DA:152,0
DA:153,0
DA:154,0
DA:155,0
DA:156,0
DA:157,0
DA:158,0
DA:159,0
DA:160,0
DA:161,0
DA:162,0
DA:163,0
DA:164,0
DA:165,0
DA:166,0
DA:167,7
DA:173,47
DA:175,84
DA:176,125
DA:177,9
DA:179,72
DA:180,66
DA:181,108
DA:182,9
DA:185,70
DA:186,72
DA:187,36
DA:190,128
DA:191,260
DA:192,9
DA:194,72
DA:195,163
DA:196,9
DA:198,49
DA:204,33
DA:205,65
DA:206,146
DA:207,5
DA:208,33
DA:214,50
DA:216,54
DA:217,80
DA:218,76
DA:219,9
DA:222,62
DA:223,166
DA:225,12
DA:227,170
DA:228,90
DA:229,14
DA:231,109
DA:237,29
DA:238,104
DA:239,86
DA:247,30
DA:249,124
DA:250,84
DA:251,65
DA:252,9
DA:255,92
DA:257,60
DA:258,40
DA:259,14
DA:260,48
DA:268,48
DA:269,96
DA:270,14
DA:271,9
DA:273,132
DA:274,102
DA:275,14
DA:280,74
DA:281,52
DA:282,64
DA:283,66
DA:284,76
DA:285,269
DA:287,12
DA:289,149
DA:290,26
DA:292,89
DA:293,46
DA:295,245
DA:296,31
DA:297,17
DA:299,156
DA:301,5
DA:303,26
DA:306,33
DA:307,84
DA:308,63
DA:309,32
DA:310,33
DA:311,0
DA:312,138
DA:314,6
DA:317,75
DA:318,13
DA:319,70
DA:325,57
DA:326,36
DA:328,61
DA:329,28
DA:330,37
DA:331,11
DA:332,23
DA:334,82
DA:335,107
DA:336,30
DA:337,32
DA:338,13
DA:339,20
DA:340,9
DA:342,142
DA:343,132
DA:345,5
DA:347,62
DA:348,37
DA:349,7
DA:351,0
DA:352,0
DA:353,0
DA:354,0
DA:355,0
DA:356,0
DA:357,0
DA:358,0
DA:359,0
DA:360,0
DA:361,0
DA:362,0
DA:363,0
DA:364,0
DA:365,0
DA:366,0
DA:367,0
DA:368,0
DA:369,0
DA:370,0
DA:371,0
DA:372,0
DA:373,0
DA:374,0
DA:375,0
DA:376,0
DA:377,0
DA:378,0
DA:379,0
DA:380,0
DA:381,0
DA:382,0
DA:383,0
DA:384,0
DA:385,0
DA:386,0
DA:387,0
DA:388,0
DA:389,0
DA:390,0
DA:391,0
DA:392,0
DA:393,0
DA:394,0
DA:395,0
DA:396,0
DA:397,0
DA:398,0
DA:399,0
DA:400,0
DA:401,0
DA:402,0
DA:403,0
DA:404,0
DA:405,0
DA:406,0
DA:407,0
DA:408,0
DA:409,0
DA:410,0
DA:411,0
DA:412,0
DA:413,0
DA:414,0
DA:415,0
DA:416,0
DA:417,0
DA:418,0
DA:419,0
DA:420,0
DA:421,0
DA:422,0
DA:423,0
DA:424,0
DA:425,0
DA:426,0
DA:427,0
DA:428,0
DA:429,0
DA:430,0
DA:431,0
DA:432,0
DA:433,0
DA:434,0
DA:435,0
DA:436,0
DA:437,0
DA:438,0
DA:439,0
DA:440,0
DA:441,0
DA:442,0
DA:443,0
DA:444,0
DA:445,0
DA:446,0
DA:447,0
DA:448,0
DA:449,0
DA:450,0
DA:451,0
DA:452,0
DA:453,0
DA:454,0
DA:455,0
DA:456,0
DA:457,0
DA:458,0
DA:459,0
DA:460,0
DA:461,0
DA:462,0
DA:463,0
DA:464,0
DA:465,0
DA:466,0
DA:467,0
DA:468,0
DA:469,0
DA:470,0
DA:471,0
DA:472,0
DA:473,0
DA:474,0
DA:475,0
DA:476,0
DA:477,0
DA:478,0
DA:479,0
DA:480,0
DA:481,0
DA:482,0
DA:483,0
DA:484,0
DA:485,0
DA:486,0
DA:487,0
DA:488,0
DA:489,0
DA:490,0
DA:491,0
DA:492,0
DA:493,0
DA:494,0
DA:495,0
DA:496,0
DA:497,0
DA:498,0
DA:499,0
DA:500,0
DA:501,0
DA:502,0
DA:503,0
DA:504,0
DA:505,0
DA:506,0
DA:507,0
DA:508,0
DA:509,0
DA:510,0
DA:511,0
DA:512,0
DA:513,0
DA:514,0
DA:515,0
DA:516,0
DA:517,0
DA:518,0
DA:519,0
DA:520,0
DA:521,0
DA:522,0
DA:523,0
DA:524,0
DA:525,0
DA:526,0
DA:527,0
DA:528,0
DA:529,0
DA:530,0
DA:531,0
DA:532,0
DA:533,0
DA:534,0
DA:535,0
DA:536,0
DA:537,0
DA:538,0
DA:539,0
DA:540,0
DA:541,0
DA:542,0
DA:543,0
DA:544,0
DA:545,0
DA:546,0
DA:547,0
DA:548,0
DA:549,0
DA:550,0
DA:551,0
DA:552,0
DA:553,0
DA:554,0
DA:555,0
DA:556,0
DA:557,0
DA:558,0
DA:559,0
DA:560,0
DA:561,0
DA:562,0
DA:563,0
DA:564,0
DA:565,0
DA:566,0
DA:567,0
DA:568,0
DA:569,0
DA:570,0
DA:571,0
DA:572,0
DA:573,0
DA:574,0
DA:575,0
DA:576,0
DA:577,0
DA:578,0
DA:579,13
DA:585,28
DA:586,158
DA:588,22
DA:589,88
DA:590,78
DA:591,80
DA:592,42
DA:593,58
DA:594,66
DA:595,14
DA:596,18
DA:598,64
DA:612,56
DA:613,80
DA:614,22
DA:615,54
DA:617,93
DA:618,56
DA:619,7
DA:621,16
DA:622,27
DA:623,14
DA:624,49
DA:625,61
DA:626,8
DA:627,21
DA:628,29
DA:629,42
DA:630,18
DA:631,29
DA:632,27
DA:633,22
DA:634,8
DA:635,7
DA:636,94
DA:651,30
DA:652,33
DA:654,118
DA:655,166
DA:657,112
DA:658,78
DA:660,88
DA:661,82
DA:663,236
DA:664,27
DA:666,248
DA:667,0
DA:668,0
DA:669,0
DA:670,0
DA:671,0
DA:672,0
DA:673,0
DA:674,0
DA:675,0
DA:676,0
DA:677,0
DA:678,0
DA:679,0
DA:680,0
DA:681,0
DA:682,0
DA:683,0
DA:684,0
DA:685,0
DA:686,0
DA:687,0
DA:688,0
DA:689,0
DA:690,0
DA:691,0
DA:692,0
DA:693,0
DA:694,0
DA:695,0
DA:696,0
DA:697,0
DA:698,0
DA:699,0
DA:700,0
DA:701,0
DA:702,0
DA:703,0
DA:704,0
DA:705,0
DA:706,0
DA:707,0
DA:708,0
DA:709,0
DA:710,0
DA:711,0
DA:712,0
DA:713,0
DA:714,0
DA:715,0
DA:716,0
DA:717,0
DA:718,0
DA:719,0
DA:720,0
DA:721,0
DA:722,0
DA:723,0
DA:724,0
DA:725,0
DA:726,0
DA:727,0
DA:728,0
DA:729,0
DA:730,0
DA:731,0
DA:732,0
DA:733,0
DA:734,0
DA:735,0
DA:736,0
DA:737,0
DA:738,0
DA:739,0
DA:740,0
DA:741,0
DA:742,0
DA:743,0
DA:744,0
DA:745,0
DA:746,0
DA:747,0
DA:748,0
DA:749,0
DA:750,0
DA:751,0
DA:752,0
DA:753,0
DA:754,0
DA:755,0
DA:756,0
DA:757,0
DA:758,0
DA:759,0
DA:760,0
DA:761,0
DA:762,0
DA:763,0
DA:764,0
DA:765,0
DA:766,55
DA:772,44
DA:774,107
DA:775,54
DA:778,169
DA:779,117
DA:780,75
DA:781,13
DA:782,5
DA:783,5
DA:786,42
DA:792,80
DA:795,135
DA:796,37
DA:797,99
DA:799,28
DA:800,34
DA:801,78
DA:802,38
DA:803,54
DA:804,62
DA:805,16
DA:806,16
DA:807,0
DA:808,0
DA:809,0
DA:810,0
DA:811,0
DA:812,0
DA:813,0
DA:814,0
DA:815,0
DA:816,0
DA:817,0
DA:818,0
DA:819,0
DA:820,0
DA:821,0
DA:822,0
DA:823,0
DA:824,0
DA:825,0
DA:826,0
DA:827,0
DA:828,0
DA:829,0
DA:830,0
DA:831,0
DA:832,0
DA:833,0
DA:834,0
DA:835,0
DA:836,0
DA:837,0
DA:838,0
DA:839,0
DA:840,0
DA:841,0
DA:842,0
DA:843,0
DA:844,0
DA:845,0
DA:846,0
DA:847,0
DA:848,0
DA:849,0
DA:850,0
DA:851,0
DA:852,0
DA:853,0
DA:854,0
DA:855,0
DA:856,0
DA:857,0
DA:858,0
DA:859,0
DA:860,0
DA:861,0
DA:862,0
DA:863,0
DA:864,0
DA:865,0
DA:866,0
DA:867,0
DA:868,0
DA:869,0
DA:870,0
DA:871,0
DA:872,0
DA:873,0
DA:874,0
DA:875,0
DA:876,0
DA:877,0
DA:878,0
DA:879,0
DA:880,0
DA:881,0
DA:882,0
DA:883,0
DA:884,0
DA:885,0
DA:886,0
DA:887,0
DA:888,0
DA:889,0
DA:890,0
DA:891,0
DA:892,0
DA:893,0
DA:894,0
DA:895,0
DA:896,0
DA:897,0
DA:898,0
DA:899,0
DA:900,0
DA:901,0
DA:902,0
DA:903,0
DA:904,0
DA:905,0
DA:906,0
DA:907,0
DA:908,0
DA:909,0
DA:910,0
DA:911,0
DA:912,0
DA:913,0
DA:914,0
DA:915,0
DA:916,0
DA:917,0
DA:918,0
DA:919,0
DA:920,0
DA:921,0
DA:922,0
DA:923,0
DA:924,0
DA:925,0
DA:926,0
DA:927,0
DA:928,0
DA:929,0
DA:930,0
DA:931,0
DA:932,0
DA:933,0
DA:934,0
DA:935,0
DA:936,0
DA:937,0
DA:938,0
DA:939,0
DA:940,0
DA:941,0
DA:942,0
DA:943,0
DA:944,0
DA:945,0
DA:946,0
DA:947,0
DA:948,0
DA:949,0
DA:950,0
DA:951,0
DA:952,0
DA:953,0
DA:954,0
DA:955,0
DA:956,0
DA:957,0
DA:958,0
DA:959,0
DA:960,0
DA:961,0
DA:962,0
DA:963,0
DA:964,0
DA:965,0
DA:966,0
DA:967,0
DA:968,0
DA:969,0
DA:970,0
DA:971,0
DA:972,0
DA:973,0
DA:974,0
DA:975,0
DA:976,0
DA:977,0
DA:978,0
DA:979,0
DA:980,0
DA:981,0
DA:982,0
DA:983,0
DA:984,0
DA:985,0
DA:986,0
DA:987,0
DA:988,0
DA:989,0
DA:990,0
DA:991,0
DA:992,0
DA:993,0
DA:994,0
DA:995,0
DA:996,0
DA:997,0
DA:998,0
DA:999,0
DA:1000,0
DA:1001,0
DA:1002,0
DA:1003,0
DA:1004,0
DA:1005,0
DA:1006,0
DA:1007,0
DA:1008,0
DA:1009,0
DA:1010,0
DA:1011,0
DA:1012,0
DA:1013,0
DA:1014,0
DA:1015,0
DA:1016,0
DA:1017,0
DA:1018,0
DA:1019,0
DA:1020,0
DA:1021,0
DA:1022,0
DA:1023,0
DA:1024,0
DA:1025,0
DA:1026,0
DA:1027,0
DA:1028,27
DA:1030,2
DA:1035,44
DA:1038,2
DA:1039,12
DA:1040,22
DA:1041,36
DA:1042,32
DA:1043,28
DA:1044,6
DA:1045,189
LF:1050
LH:225
end_of_record
TN:
SF:src/core/deployment/readiness.ts
FNF:10
FNH:5
DA:9,141
DA:17,1
DA:19,89
DA:24,50
DA:25,0
DA:26,0
DA:27,0
DA:28,0
DA:29,0
DA:30,0
DA:31,0
DA:32,0
DA:33,0
DA:34,0
DA:35,0
DA:36,0
DA:37,0
DA:38,0
DA:39,0
DA:40,0
DA:41,0
DA:42,0
DA:43,0
DA:44,0
DA:45,0
DA:46,0
DA:47,0
DA:48,0
DA:49,0
DA:50,0
DA:51,0
DA:52,0
DA:53,8
DA:59,0
DA:60,0
DA:61,0
DA:62,0
DA:63,0
DA:64,0
DA:65,0
DA:66,0
DA:67,0
DA:68,0
DA:69,0
DA:70,0
DA:71,0
DA:72,0
DA:73,0
DA:74,0
DA:75,0
DA:76,0
DA:77,0
DA:78,0
DA:79,0
DA:80,0
DA:81,0
DA:82,0
DA:83,0
DA:84,0
DA:85,0
DA:86,0
DA:87,0
DA:88,0
DA:89,0
DA:90,0
DA:91,0
DA:92,0
DA:93,0
DA:94,0
DA:95,0
DA:96,0
DA:97,0
DA:98,0
DA:99,0
DA:100,0
DA:101,0
DA:102,0
DA:103,0
DA:104,0
DA:105,0
DA:106,0
DA:107,0
DA:108,0
DA:109,0
DA:110,0
DA:111,0
DA:112,0
DA:113,0
DA:114,0
DA:115,0
DA:116,0
DA:117,0
DA:118,0
DA:119,0
DA:120,0
DA:121,0
DA:122,0
DA:123,0
DA:124,0
DA:125,0
DA:126,0
DA:127,0
DA:128,0
DA:129,0
DA:130,0
DA:131,0
DA:132,0
DA:133,0
DA:134,0
DA:135,0
DA:136,0
DA:137,0
DA:138,0
DA:139,0
DA:140,0
DA:141,0
DA:142,0
DA:143,0
DA:144,0
DA:145,89
DA:151,0
DA:152,0
DA:153,0
DA:154,0
DA:155,0
DA:156,0
DA:157,0
DA:158,0
DA:159,8
DA:165,61
DA:166,41
DA:172,19
DA:173,20
DA:174,10
DA:175,102
DA:177,27
DA:178,9
DA:180,121
DA:190,47
DA:191,104
DA:194,39
DA:195,29
DA:196,5
DA:199,51
DA:207,0
DA:208,0
DA:209,0
DA:210,0
DA:211,0
DA:212,0
DA:213,0
DA:214,0
DA:215,0
DA:216,0
DA:217,0
DA:218,0
DA:219,0
DA:220,0
DA:221,0
DA:222,0
DA:223,0
DA:224,0
DA:225,17
DA:227,2
LF:228
LH:24
end_of_record
TN:
SF:src/core/deployment/rollback-manager.ts
FNF:16
FNH:15
DA:8,94
DA:9,114
DA:27,1
DA:29,94
DA:34,20
DA:35,22
DA:36,25
DA:37,10
DA:38,66
DA:39,70
DA:40,44
DA:43,60
DA:44,46
DA:45,136
DA:46,46
DA:47,14
DA:50,110
DA:52,97
DA:53,26
DA:54,120
DA:55,142
DA:57,68
DA:58,54
DA:59,118
DA:60,180
DA:61,54
DA:62,21
DA:63,46
DA:64,128
DA:65,46
DA:66,42
DA:67,56
DA:68,121
DA:69,54
DA:70,22
DA:72,68
DA:73,50
DA:74,42
DA:75,268
DA:76,60
DA:77,115
DA:78,22
DA:81,105
DA:83,9
DA:85,88
DA:86,209
DA:88,60
DA:89,48
DA:90,204
DA:91,46
DA:92,14
DA:94,28
DA:95,90
DA:96,52
DA:97,30
DA:98,26
DA:99,20
DA:100,15
DA:106,25
DA:107,20
DA:108,15
DA:109,10
DA:111,132
DA:112,152
DA:114,35
DA:115,201
DA:116,9
DA:118,22
DA:120,60
DA:121,80
DA:122,56
DA:123,48
DA:124,16
DA:126,47
DA:127,100
DA:128,13
DA:130,174
DA:133,85
DA:134,134
DA:135,12
DA:136,42
DA:137,58
DA:140,83
DA:141,19
DA:142,13
DA:145,115
DA:146,30
DA:147,102
DA:148,24
DA:149,62
DA:151,38
DA:153,13
DA:155,42
DA:162,51
DA:163,132
DA:164,152
DA:166,28
DA:167,109
DA:168,9
DA:170,56
DA:171,76
DA:172,52
DA:173,44
DA:174,12
DA:176,43
DA:177,96
DA:178,9
DA:180,142
DA:186,26
DA:187,20
DA:188,17
DA:189,10
DA:190,66
DA:191,0
DA:192,0
DA:193,0
DA:194,0
DA:195,0
DA:196,0
DA:197,0
DA:198,0
DA:199,0
DA:200,0
DA:201,0
DA:202,0
DA:203,0
DA:204,0
DA:205,0
DA:206,0
DA:207,0
DA:208,0
DA:209,0
DA:210,0
DA:211,0
DA:212,0
DA:213,0
DA:214,0
DA:215,0
DA:216,0
DA:217,0
DA:218,0
DA:219,0
DA:220,0
DA:221,0
DA:222,0
DA:223,0
DA:224,0
DA:225,0
DA:226,69
DA:228,9
DA:230,202
DA:236,44
DA:237,75
DA:238,29
DA:239,9
DA:240,132
DA:241,25
DA:242,9
DA:243,19
DA:249,53
DA:250,158
DA:251,178
DA:252,103
DA:258,51
DA:259,57
DA:260,56
DA:261,8
DA:263,2
DA:268,65
DA:269,88
DA:275,87
DA:276,134
DA:277,87
LF:278
LH:138
end_of_record
TN:
SF:src/core/deployment/shared-utilities.ts
FNF:7
FNH:5
DA:15,5
DA:18,1
DA:19,6
DA:20,18
DA:21,3
DA:22,55
DA:23,38
DA:24,0
DA:25,2
DA:31,6
DA:32,16
DA:33,11
DA:34,17
DA:35,3
DA:36,12
DA:37,9
DA:38,17
DA:39,66
DA:40,54
DA:41,59
DA:42,81
DA:43,90
DA:44,2
DA:50,15
DA:52,51
DA:53,25
DA:56,82
DA:57,56
DA:58,33
DA:59,0
DA:60,0
DA:61,0
DA:64,1
DA:70,6
DA:71,14
DA:72,11
DA:73,13
DA:74,6
DA:75,3
DA:76,12
DA:77,23
DA:78,14
DA:79,15
DA:80,40
DA:81,27
DA:82,6
DA:83,20
DA:84,54
DA:85,3
DA:86,2
DA:92,25
DA:93,32
DA:95,68
DA:96,32
DA:97,23
DA:98,38
DA:99,4
DA:100,19
DA:101,0
DA:102,1
DA:108,0
DA:109,0
DA:110,0
DA:111,0
DA:112,0
DA:113,0
DA:114,0
DA:115,0
DA:116,1
DA:122,0
DA:123,0
DA:124,0
DA:125,0
DA:126,0
DA:127,0
DA:128,0
DA:129,0
DA:130,0
DA:131,0
LF:133
LH:56
end_of_record
TN:
SF:src/core/deployment/status-hydrator.ts
FNF:16
FNH:13
DA:2,114
DA:46,1
DA:48,13
DA:49,66
DA:50,28
DA:51,10
DA:52,133
DA:58,16
DA:59,20
DA:60,35
DA:61,10
DA:62,22
DA:63,124
DA:64,64
DA:67,92
DA:68,46
DA:69,82
DA:70,50
DA:71,122
DA:72,54
DA:73,54
DA:74,52
DA:75,16
DA:77,100
DA:80,93
DA:81,102
DA:82,45
DA:84,144
DA:85,113
DA:86,13
DA:87,13
DA:90,132
DA:92,51
DA:93,201
DA:94,13
DA:97,78
DA:99,43
DA:100,195
DA:101,13
DA:104,136
DA:107,93
DA:108,76
DA:109,13
DA:111,111
DA:112,21
DA:113,62
DA:114,75
DA:115,16
DA:116,23
DA:117,19
DA:118,27
DA:119,70
DA:120,0
DA:121,0
DA:122,0
DA:123,0
DA:124,0
DA:125,0
DA:126,0
DA:127,0
DA:128,0
DA:129,0
DA:130,0
DA:131,0
DA:132,0
DA:133,0
DA:134,0
DA:135,0
DA:136,0
DA:137,0
DA:138,0
DA:139,0
DA:140,0
DA:141,0
DA:142,0
DA:143,0
DA:144,0
DA:145,0
DA:146,0
DA:147,0
DA:148,0
DA:149,0
DA:150,0
DA:151,0
DA:152,0
DA:153,0
DA:154,0
DA:155,0
DA:156,0
DA:157,0
DA:158,0
DA:159,0
DA:160,0
DA:161,13
DA:168,24
DA:169,20
DA:170,16
DA:171,32
DA:172,10
DA:173,170
DA:174,118
DA:176,112
DA:177,70
DA:178,86
DA:179,14
DA:182,80
DA:185,112
DA:187,91
DA:189,83
DA:190,30
DA:193,90
DA:194,74
DA:195,172
DA:196,25
DA:197,103
DA:199,9
DA:200,14
DA:207,23
DA:208,30
DA:209,37
DA:210,10
DA:211,128
DA:212,114
DA:214,22
DA:216,0
DA:217,0
DA:218,39
DA:219,16
DA:221,61
DA:222,148
DA:223,19
DA:224,7
DA:227,78
DA:229,30
DA:230,84
DA:231,7
DA:232,21
DA:233,85
DA:240,22
DA:241,35
DA:242,10
DA:243,130
DA:244,72
DA:245,138
DA:247,63
DA:248,212
DA:249,27
DA:250,9
DA:252,22
DA:254,98
DA:255,38
DA:256,26
DA:257,42
DA:258,30
DA:259,34
DA:260,14
DA:261,18
DA:263,48
DA:264,42
DA:265,58
DA:266,83
DA:267,90
DA:268,31
DA:269,145
DA:271,35
DA:278,59
DA:279,263
DA:285,34
DA:286,88
DA:287,37
DA:288,27
DA:289,9
DA:291,54
DA:292,84
DA:293,35
DA:294,16
DA:295,9
DA:297,41
DA:303,42
DA:304,66
DA:305,22
DA:306,56
DA:307,72
DA:308,14
DA:314,26
DA:315,58
DA:321,29
DA:322,28
DA:323,68
DA:324,90
DA:325,8
DA:327,2
DA:332,0
DA:333,0
DA:334,0
DA:335,0
DA:336,0
DA:337,0
DA:338,0
DA:339,0
DA:340,0
DA:341,0
DA:342,0
DA:343,0
DA:344,0
DA:345,0
DA:346,0
DA:347,0
DA:348,0
DA:349,0
DA:350,0
DA:351,24
LF:352
LH:150
end_of_record
TN:
SF:src/core/deployment/strategies/alchemy-strategy.ts
FNF:5
FNH:0
DA:61,1
DA:63,0
DA:64,0
DA:65,0
DA:66,0
DA:67,0
DA:68,0
DA:69,0
DA:70,0
DA:71,0
DA:72,0
DA:73,0
DA:74,0
DA:75,0
DA:76,0
DA:77,0
DA:78,0
DA:79,0
DA:80,0
DA:81,0
DA:82,0
DA:83,0
DA:84,0
DA:85,0
DA:86,0
DA:87,0
DA:88,0
DA:89,0
DA:90,0
DA:91,0
DA:92,0
DA:93,0
DA:94,0
DA:95,0
DA:96,0
DA:97,0
DA:98,0
DA:99,0
DA:100,0
DA:101,0
DA:102,0
DA:103,0
DA:104,0
DA:105,0
DA:106,0
DA:107,0
DA:108,0
DA:109,0
DA:110,0
DA:111,0
DA:112,0
DA:113,0
DA:114,0
DA:115,0
DA:116,0
DA:117,0
DA:118,0
DA:119,0
DA:120,0
DA:121,0
DA:122,0
DA:123,0
DA:124,0
DA:125,0
DA:126,0
DA:127,0
DA:128,0
DA:129,0
DA:130,0
DA:131,0
DA:132,0
DA:133,0
DA:134,0
DA:135,0
DA:136,0
DA:137,0
DA:138,0
DA:139,0
DA:140,0
DA:141,0
DA:142,0
DA:143,0
DA:144,0
DA:145,0
DA:146,0
DA:147,0
DA:148,0
DA:149,0
DA:150,0
DA:151,0
DA:152,0
DA:153,0
DA:154,0
DA:155,0
DA:156,0
DA:157,0
DA:158,0
DA:159,0
DA:160,0
DA:161,0
DA:162,0
DA:163,0
DA:164,0
DA:165,0
DA:166,0
DA:167,0
DA:168,0
DA:169,0
DA:170,0
DA:171,0
DA:172,0
DA:173,0
DA:174,0
DA:175,0
DA:176,0
DA:177,0
DA:178,0
DA:179,0
DA:180,0
DA:181,0
DA:182,0
DA:183,0
DA:184,0
DA:185,0
DA:186,0
DA:187,0
DA:188,0
DA:189,0
DA:190,0
DA:191,0
DA:192,0
DA:193,0
DA:194,0
DA:195,0
DA:196,0
DA:197,0
DA:198,0
DA:199,0
DA:200,0
DA:201,0
DA:202,0
DA:203,0
DA:204,0
DA:205,0
DA:206,0
DA:207,0
DA:208,0
DA:209,0
DA:210,0
DA:211,0
DA:212,0
DA:213,0
DA:214,0
DA:215,0
DA:216,0
DA:217,0
DA:218,0
DA:219,0
DA:220,0
DA:221,0
DA:222,0
DA:223,0
DA:224,0
DA:225,0
DA:226,0
DA:227,0
DA:228,0
DA:229,0
DA:230,0
DA:231,0
DA:232,0
DA:233,0
DA:234,0
DA:235,0
DA:236,0
DA:237,0
DA:238,0
DA:239,0
DA:240,0
DA:241,0
DA:242,0
DA:243,0
DA:244,0
DA:245,0
DA:246,0
DA:247,0
DA:248,0
DA:249,0
DA:250,0
DA:251,0
DA:252,0
DA:253,0
DA:254,0
DA:255,0
DA:256,0
DA:257,0
DA:258,0
DA:259,0
DA:260,0
DA:261,0
DA:262,0
DA:263,0
DA:264,0
DA:265,0
DA:266,0
DA:267,0
DA:268,0
DA:269,0
DA:270,0
DA:271,0
DA:272,0
DA:273,0
DA:274,0
DA:275,0
DA:276,0
DA:277,0
DA:278,0
DA:279,0
DA:280,0
DA:281,0
DA:282,0
DA:283,0
DA:284,0
DA:285,0
DA:286,0
DA:287,0
DA:288,0
DA:289,0
DA:290,0
DA:291,0
DA:292,0
DA:293,0
DA:294,0
DA:295,0
DA:296,0
DA:297,0
DA:298,0
DA:299,0
DA:300,0
DA:301,0
DA:302,0
DA:303,0
DA:304,0
DA:305,0
DA:306,0
DA:307,0
DA:308,0
DA:309,0
DA:310,23
DA:314,0
DA:315,22
DA:321,0
DA:322,0
DA:323,0
DA:324,0
DA:325,0
DA:326,0
DA:327,0
DA:328,0
DA:329,0
DA:330,0
DA:331,0
DA:332,0
DA:333,0
DA:334,0
DA:335,0
DA:336,0
DA:337,0
DA:338,0
DA:339,0
DA:340,0
DA:341,0
DA:342,0
DA:343,0
DA:344,0
DA:345,0
DA:346,0
DA:347,0
DA:348,0
DA:349,0
DA:350,0
DA:351,0
DA:352,0
DA:353,0
DA:354,0
DA:355,0
DA:356,0
DA:357,0
DA:358,0
DA:359,0
DA:360,0
DA:361,0
DA:362,0
DA:363,0
DA:364,0
DA:365,0
DA:366,0
DA:367,8
DA:373,0
DA:374,0
DA:375,0
DA:376,0
DA:377,0
DA:378,0
DA:379,0
DA:380,0
DA:381,0
DA:382,0
DA:383,0
DA:384,0
DA:385,0
DA:386,0
DA:387,0
DA:388,0
DA:389,0
DA:390,0
DA:391,0
DA:392,0
DA:393,0
DA:394,0
DA:395,0
DA:396,0
DA:397,0
DA:398,0
DA:399,0
DA:400,0
DA:401,0
DA:402,0
DA:403,0
DA:404,0
DA:405,0
DA:406,0
DA:407,0
DA:408,0
DA:409,0
DA:410,0
DA:411,0
DA:412,0
DA:413,0
DA:414,0
DA:415,0
DA:416,0
DA:417,0
DA:418,0
DA:419,0
DA:420,0
DA:421,0
DA:422,0
DA:423,0
DA:424,0
DA:425,0
DA:426,0
DA:427,0
DA:428,0
DA:429,0
DA:430,0
DA:431,0
DA:432,0
DA:433,0
DA:434,0
DA:435,0
DA:436,0
DA:437,0
DA:438,0
DA:439,0
DA:440,0
DA:441,0
DA:442,0
DA:443,0
DA:444,0
DA:445,0
DA:446,0
DA:447,0
DA:448,0
DA:449,0
DA:450,0
DA:451,0
DA:452,0
DA:453,0
DA:454,0
DA:455,0
DA:456,0
DA:457,0
DA:458,0
DA:459,0
DA:460,0
DA:461,0
DA:462,0
DA:463,0
DA:464,0
DA:465,0
DA:466,0
DA:467,0
DA:468,0
DA:469,0
DA:470,0
DA:471,0
DA:472,0
DA:473,0
DA:474,0
DA:475,0
DA:476,0
DA:477,0
DA:478,0
DA:479,0
DA:480,0
DA:481,0
DA:482,0
DA:483,0
DA:484,0
DA:485,0
DA:486,0
DA:487,0
DA:488,0
DA:489,0
DA:490,0
DA:491,0
DA:492,0
DA:493,0
DA:494,0
DA:495,0
DA:496,0
DA:497,0
DA:498,0
DA:499,0
DA:500,0
DA:501,0
DA:502,0
DA:503,0
DA:504,0
DA:505,0
DA:506,0
DA:507,0
DA:508,0
DA:509,0
DA:510,0
DA:511,0
DA:512,0
DA:513,0
DA:514,0
DA:515,0
DA:516,0
DA:517,0
DA:518,0
DA:519,0
DA:520,0
DA:521,0
DA:522,0
DA:523,0
DA:524,0
DA:525,0
DA:526,0
DA:527,30
DA:529,1
LF:530
LH:6
end_of_record
TN:
SF:src/core/deployment/strategies/base-strategy.ts
FNF:6
FNH:6
DA:11,199
DA:31,13
DA:32,96
DA:33,84
DA:34,126
DA:35,120
DA:36,10
DA:41,30
DA:43,92
DA:46,104
DA:49,156
DA:52,146
DA:66,21
DA:67,12
DA:68,28
DA:69,36
DA:70,10
DA:71,80
DA:72,28
DA:73,32
DA:74,36
DA:75,44
DA:76,12
DA:79,73
DA:80,112
DA:81,170
DA:84,170
DA:85,54
DA:86,54
DA:87,63
DA:88,9
DA:89,9
DA:92,40
DA:93,8
DA:94,40
DA:95,70
DA:96,77
DA:97,14
DA:98,116
DA:99,142
DA:100,45
DA:101,9
DA:102,9
DA:104,28
DA:105,78
DA:106,54
DA:107,22
DA:108,26
DA:109,24
DA:110,9
DA:121,29
DA:122,51
DA:128,23
DA:129,56
DA:131,2
LF:132
LH:55
end_of_record
TN:
SF:src/core/deployment/strategies/direct-strategy.ts
FNF:5
FNH:4
DA:22,13
DA:23,26
DA:24,22
DA:25,36
DA:26,32
DA:27,126
DA:28,132
DA:29,10
DA:30,136
DA:33,71
DA:34,22
DA:36,174
DA:39,100
DA:40,42
DA:41,32
DA:42,16
DA:43,16
DA:46,116
DA:49,54
DA:50,182
DA:52,57
DA:61,63
DA:62,15
DA:63,10
DA:64,19
DA:65,6
DA:66,32
DA:67,8
DA:68,31
DA:70,201
DA:73,92
DA:74,61
DA:75,52
DA:76,18
DA:77,17
DA:78,51
DA:79,10
DA:81,51
DA:82,95
DA:83,9
DA:84,28
DA:85,13
DA:87,54
DA:88,42
DA:89,130
DA:96,0
DA:97,0
DA:98,0
DA:99,0
DA:100,0
DA:101,0
DA:102,0
DA:103,0
DA:104,0
DA:105,0
DA:106,0
DA:107,0
DA:108,0
DA:109,0
DA:110,0
DA:111,0
DA:112,0
DA:113,0
DA:114,0
DA:115,0
DA:116,8
DA:119,31
DA:120,36
DA:122,1
LF:122
LH:49
end_of_record
TN:
SF:src/core/deployment/strategies/index.ts
FNF:1
FNH:1
DA:10,60
DA:13,64
DA:14,58
DA:15,65
LF:15
LH:4
end_of_record
TN:
SF:src/core/deployment/strategies/kro-strategy.ts
FNF:19
FNH:15
DA:27,13
DA:28,26
DA:29,22
DA:30,36
DA:31,32
DA:32,102
DA:33,94
DA:34,130
DA:35,10
DA:36,136
DA:39,69
DA:40,22
DA:41,134
DA:44,98
DA:47,190
DA:49,144
DA:50,76
DA:51,42
DA:52,62
DA:53,18
DA:55,32
DA:56,52
DA:57,116
DA:58,100
DA:59,90
DA:60,40
DA:61,32
DA:62,10
DA:63,42
DA:64,124
DA:68,31
DA:69,31
DA:72,29
DA:74,111
DA:75,37
DA:76,97
DA:79,23
DA:80,78
DA:86,45
DA:87,130
DA:88,134
DA:91,94
DA:92,36
DA:93,46
DA:94,44
DA:95,50
DA:96,12
DA:99,54
DA:100,74
DA:101,76
DA:102,38
DA:103,44
DA:104,62
DA:105,16
DA:106,30
DA:107,52
DA:108,0
DA:109,0
DA:110,0
DA:111,16
DA:112,10
DA:113,12
DA:116,122
DA:119,64
DA:120,36
DA:121,30
DA:122,12
DA:125,122
DA:126,36
DA:127,64
DA:128,50
DA:129,98
DA:130,14
DA:132,138
DA:133,28
DA:134,58
DA:135,20
DA:141,80
DA:142,130
DA:145,88
DA:146,68
DA:147,34
DA:148,78
DA:149,38
DA:150,54
DA:151,62
DA:152,16
DA:153,16
DA:154,12
DA:157,112
DA:158,96
DA:159,72
DA:160,38
DA:161,94
DA:162,108
DA:163,16
DA:164,66
DA:165,14
DA:168,86
DA:169,58
DA:170,46
DA:171,44
DA:172,80
DA:173,54
DA:174,62
DA:175,10
DA:176,12
DA:180,194
DA:181,36
DA:182,64
DA:183,52
DA:184,100
DA:185,14
DA:188,105
DA:189,184
DA:190,9
DA:192,140
DA:193,38
DA:194,78
DA:195,58
DA:196,14
DA:198,28
DA:199,112
DA:200,72
DA:201,86
DA:202,36
DA:203,48
DA:204,28
DA:205,10
DA:211,47
DA:213,84
DA:214,111
DA:215,9
DA:217,72
DA:218,66
DA:219,94
DA:220,9
DA:223,70
DA:224,72
DA:225,36
DA:228,128
DA:229,253
DA:230,9
DA:232,72
DA:233,156
DA:234,9
DA:236,54
DA:242,81
DA:243,130
DA:244,66
DA:246,164
DA:248,95
DA:249,26
DA:250,96
DA:251,120
DA:253,92
DA:254,42
DA:255,86
DA:256,46
DA:257,62
DA:258,70
DA:259,18
DA:260,22
DA:262,78
DA:263,78
DA:265,36
DA:266,84
DA:267,68
DA:268,17
DA:269,17
DA:272,70
DA:273,102
DA:274,166
DA:277,94
DA:278,110
DA:279,186
DA:281,88
DA:282,120
DA:284,106
DA:285,46
DA:286,32
DA:287,38
DA:288,38
DA:289,64
DA:290,36
DA:291,22
DA:294,123
DA:295,130
DA:296,21
DA:297,9
DA:300,35
DA:301,79
DA:302,75
DA:303,75
DA:304,9
DA:306,74
DA:307,23
DA:308,16
DA:309,19
DA:310,29
DA:311,11
DA:313,23
DA:314,31
DA:315,44
DA:316,20
DA:317,9
DA:319,90
DA:323,62
DA:324,5
DA:326,105
DA:328,1
LF:328
LH:208
end_of_record
TN:
SF:src/core/errors.ts
FNF:17
FNH:11
DA:7,13
DA:8,18
DA:9,54
DA:10,73
DA:11,10
DA:12,38
DA:13,61
DA:15,2
DA:17,104
DA:18,13
DA:19,18
DA:20,132
DA:21,132
DA:22,76
DA:23,123
DA:24,10
DA:25,84
DA:26,38
DA:27,38
DA:28,24
DA:29,30
DA:30,14
DA:31,67
DA:33,2
DA:35,116
DA:36,13
DA:37,18
DA:38,132
DA:39,116
DA:40,108
DA:41,123
DA:42,10
DA:43,82
DA:44,38
DA:45,34
DA:46,32
DA:47,30
DA:48,14
DA:49,79
DA:51,2
DA:53,120
DA:54,13
DA:55,18
DA:56,76
DA:57,123
DA:58,10
DA:59,90
DA:60,24
DA:61,30
DA:62,14
DA:63,83
DA:65,2
DA:70,40
DA:71,14
DA:72,28
DA:73,28
DA:74,14
DA:75,6
DA:76,80
DA:78,63
DA:79,54
DA:80,100
DA:81,28
DA:82,28
DA:83,22
DA:84,110
DA:85,5
DA:86,5
DA:89,70
DA:90,118
DA:91,116
DA:92,84
DA:94,170
DA:95,86
DA:96,164
DA:98,50
DA:101,83
DA:102,182
DA:103,164
DA:104,90
DA:105,152
DA:106,77
DA:107,132
DA:108,122
DA:109,5
DA:110,48
DA:111,89
DA:112,6
DA:115,54
DA:116,47
DA:117,0
DA:118,0
DA:119,62
DA:120,6
DA:121,80
DA:122,5
DA:124,177
DA:130,59
DA:131,108
DA:132,104
DA:133,57
DA:134,53
DA:135,54
DA:136,37
DA:137,65
DA:138,33
DA:139,3
DA:140,20
DA:146,42
DA:147,32
DA:148,28
DA:149,22
DA:150,40
DA:151,6
DA:152,370
DA:154,50
DA:157,101
DA:158,16
DA:159,58
DA:160,58
DA:161,83
DA:162,8
DA:164,75
DA:165,180
DA:166,5
DA:168,152
DA:169,34
DA:170,156
DA:171,8
DA:172,154
DA:174,194
DA:180,0
DA:181,0
DA:182,0
DA:183,0
DA:184,0
DA:185,0
DA:186,0
DA:187,0
DA:188,0
DA:189,0
DA:190,0
DA:191,66
DA:197,59
DA:198,76
DA:199,22
DA:200,86
DA:202,118
DA:203,118
DA:205,85
DA:206,89
DA:207,117
DA:208,48
DA:209,48
DA:210,48
DA:211,68
DA:212,12
DA:213,5
DA:214,5
DA:216,86
DA:222,124
DA:223,0
DA:224,0
DA:225,0
DA:226,0
DA:227,0
DA:228,0
DA:229,0
DA:230,0
DA:231,0
DA:232,0
DA:233,0
DA:234,45
DA:236,2
DA:241,106
DA:242,0
DA:243,0
DA:244,0
DA:245,0
DA:246,0
DA:247,0
DA:248,0
DA:249,0
DA:250,0
DA:251,0
DA:252,0
DA:253,0
DA:254,0
DA:255,0
DA:256,0
DA:257,36
DA:259,2
DA:264,122
DA:265,0
DA:266,0
DA:267,0
DA:268,0
DA:269,0
DA:270,0
DA:271,0
DA:272,0
DA:273,0
DA:274,0
DA:275,0
DA:276,0
DA:277,0
DA:278,0
DA:279,0
DA:280,44
DA:282,1
LF:283
LH:156
end_of_record
TN:
SF:src/core/evaluation/cel-optimizer.ts
FNF:10
FNH:8
DA:21,78
DA:22,57
DA:23,61
DA:39,18
DA:40,40
DA:43,32
DA:44,0
DA:45,2
DA:48,83
DA:49,14
DA:50,0
DA:51,2
DA:54,41
DA:55,25
DA:57,34
DA:58,62
DA:59,0
DA:60,13
DA:62,35
DA:64,0
DA:67,0
DA:68,0
DA:69,0
DA:70,0
DA:71,0
DA:74,1
DA:83,6
DA:84,12
DA:85,9
DA:86,3
DA:87,27
DA:88,27
DA:90,35
DA:91,0
DA:92,0
DA:93,0
DA:94,0
DA:95,0
DA:96,2
DA:98,33
DA:99,0
DA:100,0
DA:101,0
DA:102,0
DA:103,0
DA:104,2
DA:106,50
DA:110,79
DA:111,64
DA:113,0
DA:114,0
DA:116,0
DA:117,0
DA:118,0
DA:119,0
DA:120,0
DA:122,0
DA:123,4
DA:127,111
DA:128,143
DA:131,46
DA:132,85
DA:134,14
DA:135,0
DA:136,4
DA:138,12
DA:139,4
DA:141,12
DA:142,36
DA:143,17
DA:144,15
DA:145,2
DA:156,6
DA:157,16
DA:158,9
DA:159,3
DA:160,31
DA:161,29
DA:163,19
DA:164,34
DA:165,64
DA:166,22
DA:167,105
DA:170,69
DA:172,12
DA:173,0
DA:175,0
DA:176,0
DA:177,0
DA:178,0
DA:180,0
DA:181,0
DA:182,4
DA:184,34
DA:185,59
DA:186,24
DA:187,0
DA:188,0
DA:189,6
DA:190,17
DA:191,36
DA:192,41
DA:193,50
DA:194,1
DA:195,4
DA:197,80
DA:198,33
DA:199,64
DA:200,74
DA:201,6
DA:202,22
DA:203,4
DA:205,14
DA:208,74
DA:209,70
DA:210,2
DA:212,12
DA:213,32
DA:214,33
DA:215,1
LF:216
LH:83
end_of_record
TN:
SF:src/core/kubernetes/api.ts
FNF:6
FNH:3
DA:2,94
DA:3,114
DA:4,139
DA:43,1
DA:45,27
DA:46,88
DA:49,56
DA:50,36
DA:51,64
DA:52,66
DA:53,112
DA:54,96
DA:55,16
DA:56,30
DA:57,58
DA:58,56
DA:59,16
DA:60,60
DA:61,12
DA:63,144
DA:64,90
DA:65,104
DA:72,33
DA:73,112
DA:74,108
DA:75,100
DA:76,152
DA:78,38
DA:79,78
DA:80,9
DA:81,36
DA:82,77
DA:83,9
DA:86,51
DA:87,276
DA:88,72
DA:89,66
DA:90,84
DA:91,14
DA:92,9
DA:95,136
DA:97,28
DA:98,32
DA:99,36
DA:100,54
DA:101,34
DA:102,9
DA:108,104
DA:110,89
DA:111,77
DA:112,226
DA:113,76
DA:114,96
DA:115,40
DA:116,192
DA:117,18
DA:118,92
DA:119,234
DA:120,76
DA:121,90
DA:122,34
DA:123,18
DA:124,90
DA:125,182
DA:126,76
DA:127,94
DA:128,34
DA:129,18
DA:130,10
DA:131,100
DA:132,174
DA:133,72
DA:134,80
DA:135,36
DA:136,130
DA:137,14
DA:138,0
DA:139,0
DA:140,0
DA:141,0
DA:142,0
DA:143,0
DA:144,0
DA:145,0
DA:146,0
DA:147,0
DA:148,0
DA:149,0
DA:150,0
DA:151,0
DA:152,0
DA:153,0
DA:154,0
DA:155,0
DA:156,0
DA:157,0
DA:158,0
DA:159,0
DA:160,0
DA:161,0
DA:162,0
DA:163,0
DA:164,0
DA:165,0
DA:166,0
DA:167,0
DA:168,0
DA:169,0
DA:170,0
DA:171,0
DA:172,0
DA:173,0
DA:174,0
DA:175,0
DA:176,0
DA:177,0
DA:178,0
DA:179,0
DA:180,0
DA:181,0
DA:182,0
DA:183,0
DA:184,0
DA:185,0
DA:186,0
DA:187,0
DA:188,0
DA:189,0
DA:190,0
DA:191,0
DA:192,0
DA:193,0
DA:194,0
DA:195,0
DA:196,0
DA:197,0
DA:198,0
DA:199,0
DA:200,0
DA:201,0
DA:202,0
DA:203,0
DA:204,0
DA:205,0
DA:206,0
DA:207,0
DA:208,0
DA:209,0
DA:210,0
DA:211,0
DA:212,0
DA:213,0
DA:214,0
DA:215,0
DA:216,0
DA:217,0
DA:218,0
DA:219,0
DA:220,0
DA:221,0
DA:222,0
DA:223,0
DA:224,0
DA:225,0
DA:226,0
DA:227,0
DA:228,0
DA:229,0
DA:230,0
DA:231,0
DA:232,0
DA:233,0
DA:234,0
DA:235,0
DA:236,0
DA:237,0
DA:238,0
DA:239,0
DA:240,0
DA:241,0
DA:242,0
DA:243,0
DA:244,0
DA:245,0
DA:246,0
DA:247,0
DA:248,0
DA:249,0
DA:250,0
DA:251,0
DA:252,0
DA:253,0
DA:254,0
DA:255,0
DA:256,0
DA:257,0
DA:258,84
DA:261,2
LF:261
LH:78
end_of_record
TN:
SF:src/core/kubernetes/client-provider.ts
FNF:27
FNH:13
DA:13,94
DA:14,114
DA:107,1
DA:109,37
DA:114,0
DA:115,0
DA:116,0
DA:117,0
DA:118,61
DA:125,42
DA:126,100
DA:127,30
DA:128,32
DA:129,9
DA:130,37
DA:137,38
DA:139,108
DA:140,90
DA:141,11
DA:142,9
DA:144,136
DA:145,52
DA:146,86
DA:147,72
DA:148,60
DA:149,94
DA:150,84
DA:151,14
DA:153,22
DA:154,66
DA:155,118
DA:156,150
DA:157,60
DA:159,194
DA:161,109
DA:162,172
DA:163,120
DA:164,120
DA:165,148
DA:166,126
DA:167,108
DA:168,17
DA:169,42
DA:170,164
DA:171,38
DA:172,214
DA:173,68
DA:174,52
DA:182,60
DA:183,192
DA:185,22
DA:186,70
DA:187,150
DA:188,60
DA:189,50
DA:191,198
DA:192,120
DA:193,120
DA:194,142
DA:195,17
DA:196,42
DA:197,172
DA:198,38
DA:199,222
DA:200,68
DA:201,50
DA:209,29
DA:210,58
DA:211,51
DA:218,32
DA:219,58
DA:220,43
DA:226,0
DA:227,0
DA:228,0
DA:229,0
DA:230,0
DA:231,9
DA:237,0
DA:238,0
DA:239,0
DA:240,0
DA:241,0
DA:242,9
DA:248,0
DA:249,53
DA:255,44
DA:256,68
DA:259,83
DA:260,138
DA:262,124
DA:264,48
DA:265,68
DA:266,82
DA:267,210
DA:268,140
DA:269,128
DA:270,18
DA:272,42
DA:273,68
DA:274,122
DA:275,140
DA:276,140
DA:277,134
DA:278,122
DA:279,18
DA:281,48
DA:282,52
DA:283,74
DA:284,56
DA:285,18
DA:287,76
DA:288,102
DA:290,162
DA:291,86
DA:292,18
DA:294,26
DA:295,64
DA:296,47
DA:297,35
DA:298,75
DA:302,98
DA:303,23
DA:305,106
DA:306,31
DA:307,91
DA:308,11
DA:311,26
DA:312,31
DA:313,53
DA:314,27
DA:315,11
DA:317,23
DA:318,28
DA:319,27
DA:320,11
DA:322,26
DA:323,31
DA:324,34
DA:325,25
DA:326,11
DA:328,52
DA:330,14
DA:331,126
DA:335,114
DA:337,25
DA:343,60
DA:344,86
DA:347,108
DA:348,44
DA:350,88
DA:351,33
DA:352,76
DA:353,9
DA:354,7
DA:356,82
DA:357,80
DA:359,65
DA:360,41
DA:361,7
DA:362,9
DA:365,66
DA:366,67
DA:367,79
DA:369,58
DA:370,27
DA:371,7
DA:372,9
DA:375,46
DA:376,13
DA:377,45
DA:378,61
DA:379,31
DA:380,11
DA:381,23
DA:382,61
DA:383,43
DA:384,62
DA:385,11
DA:386,82
DA:388,9
DA:394,71
DA:395,86
DA:397,69
DA:398,204
DA:401,226
DA:402,62
DA:403,78
DA:404,88
DA:405,164
DA:406,154
DA:407,14
DA:408,27
DA:409,156
DA:410,58
DA:411,23
DA:415,55
DA:416,26
DA:417,63
DA:418,46
DA:419,114
DA:420,66
DA:421,56
DA:422,27
DA:424,9
DA:430,0
DA:431,0
DA:432,0
DA:433,0
DA:434,68
DA:440,33
DA:441,124
DA:442,90
DA:443,9
DA:449,21
DA:450,54
DA:451,46
DA:452,46
DA:453,72
DA:459,0
DA:460,0
DA:461,0
DA:462,0
DA:463,47
DA:469,0
DA:470,82
DA:476,0
DA:477,0
DA:478,0
DA:479,0
DA:480,0
DA:481,0
DA:482,0
DA:483,0
DA:484,0
DA:485,0
DA:486,0
DA:487,0
DA:488,0
DA:489,0
DA:490,0
DA:491,0
DA:492,0
DA:493,0
DA:494,0
DA:495,0
DA:496,0
DA:497,0
DA:498,7
DA:500,2
DA:505,0
DA:506,49
DA:512,74
DA:513,122
DA:514,33
DA:515,60
DA:516,5
DA:517,34
DA:523,96
DA:524,122
DA:525,96
DA:526,34
DA:533,0
DA:534,0
DA:535,0
DA:536,0
DA:537,0
DA:538,38
DA:545,0
DA:546,0
DA:547,0
DA:548,0
DA:549,0
DA:550,34
LF:551
LH:217
end_of_record
TN:
SF:src/core/logging/config.ts
FNF:2
FNH:2
DA:6,39
DA:7,16
DA:8,16
DA:9,14
DA:10,20
DA:11,19
DA:12,11
DA:13,2
DA:14,2
DA:19,11
DA:20,46
DA:23,64
DA:24,93
DA:25,26
DA:26,2
DA:29,93
DA:30,23
DA:31,2
DA:34,40
DA:35,0
DA:36,2
DA:39,50
DA:40,0
DA:41,2
DA:44,49
DA:45,0
DA:46,2
DA:49,44
DA:50,0
DA:51,2
DA:53,14
DA:59,17
DA:60,75
DA:61,45
DA:62,96
DA:63,2
DA:65,70
DA:66,51
DA:67,1
LF:68
LH:35
end_of_record
TN:
SF:src/core/logging/index.ts
FNF:1
FNH:1
DA:1,28
DA:2,27
DA:3,27
LF:3
LH:3
end_of_record
TN:
SF:src/core/logging/logger.ts
FNF:14
FNH:13
DA:1,48
DA:3,150
DA:9,1
DA:11,47
DA:12,66
DA:15,39
DA:16,74
DA:19,39
DA:20,74
DA:23,38
DA:24,72
DA:27,38
DA:28,72
DA:31,53
DA:32,64
DA:33,35
DA:34,50
DA:35,50
DA:36,62
DA:37,48
DA:38,12
DA:39,9
DA:40,80
DA:43,53
DA:44,64
DA:45,35
DA:46,50
DA:47,50
DA:48,62
DA:49,48
DA:50,12
DA:51,9
DA:52,80
DA:55,37
DA:56,114
DA:58,2
DA:63,56
DA:64,130
DA:65,72
DA:67,50
DA:68,58
DA:69,112
DA:70,38
DA:71,78
DA:72,6
DA:73,8
DA:76,32
DA:78,57
DA:79,38
DA:80,56
DA:81,36
DA:82,46
DA:83,76
DA:84,56
DA:85,10
DA:86,8
DA:87,155
DA:88,19
DA:89,26
DA:90,18
DA:91,42
DA:92,5
DA:93,4
DA:94,6
DA:96,193
DA:98,70
DA:104,0
DA:105,0
DA:106,32
DA:112,74
DA:117,106
DA:118,116
DA:124,107
DA:125,118
DA:131,135
DA:132,143
LF:133
LH:74
end_of_record
TN:
SF:src/core/logging/types.ts
FNF:0
FNH:0
LF:109
LH:0
end_of_record
TN:
SF:src/core/readiness/index.ts
FNF:1
FNH:1
DA:5,58
LF:6
LH:1
end_of_record
TN:
SF:src/core/readiness/registry.ts
FNF:7
FNH:4
DA:19,1
DA:21,37
DA:25,27
DA:26,97
DA:27,146
DA:28,9
DA:29,91
DA:35,87
DA:36,42
DA:37,32
DA:38,36
DA:39,50
DA:40,56
DA:41,12
DA:43,84
DA:49,43
DA:50,98
DA:51,69
DA:57,0
DA:58,44
DA:64,0
DA:65,0
DA:66,0
DA:67,0
DA:68,0
DA:69,0
DA:70,0
DA:71,0
DA:72,0
DA:73,0
DA:74,8
DA:80,0
DA:81,34
DA:83,1
LF:84
LH:22
end_of_record
TN:
SF:src/core/references/cel-evaluator.ts
FNF:36
FNH:26
DA:23,67
DA:24,110
DA:25,124
DA:27,120
DA:30,60
DA:34,62
DA:35,22
DA:37,146
DA:40,54
DA:42,80
DA:43,65
DA:44,69
DA:45,0
DA:46,0
DA:47,0
DA:48,0
DA:49,36
DA:51,63
DA:52,34
DA:53,64
DA:54,21
DA:56,108
DA:58,90
DA:59,46
DA:60,16
DA:62,152
DA:64,34
DA:65,42
DA:66,107
DA:73,41
DA:74,22
DA:75,110
DA:77,73
DA:78,105
DA:79,13
DA:81,62
DA:82,150
DA:83,58
DA:85,61
DA:86,69
DA:87,73
DA:88,0
DA:89,0
DA:90,0
DA:91,0
DA:92,42
DA:94,0
DA:95,0
DA:96,0
DA:97,0
DA:98,0
DA:99,74
DA:101,69
DA:102,50
DA:103,20
DA:104,127
DA:106,42
DA:107,106
DA:114,44
DA:115,22
DA:116,110
DA:117,71
DA:118,51
DA:119,31
DA:120,36
DA:121,46
DA:122,94
DA:123,16
DA:125,21
DA:126,16
DA:127,21
DA:128,67
DA:129,18
DA:136,18
DA:137,24
DA:138,17
DA:139,10
DA:140,52
DA:143,59
DA:144,98
DA:145,9
DA:148,158
DA:150,77
DA:151,122
DA:152,47
DA:153,143
DA:154,13
DA:157,83
DA:158,88
DA:159,9
DA:160,9
DA:162,42
DA:168,27
DA:169,24
DA:170,10
DA:171,40
DA:174,136
DA:175,88
DA:177,59
DA:178,110
DA:179,97
DA:180,42
DA:181,42
DA:182,88
DA:183,18
DA:184,13
DA:185,80
DA:186,9
DA:188,43
DA:194,66
DA:195,60
DA:198,71
DA:199,76
DA:200,130
DA:201,129
DA:202,12
DA:204,30
DA:205,68
DA:206,28
DA:207,24
DA:213,38
DA:217,57
DA:218,38
DA:219,45
DA:220,75
DA:221,99
DA:222,17
DA:223,44
DA:224,4
DA:225,34
DA:227,34
DA:228,72
DA:229,70
DA:230,18
DA:236,27
DA:237,22
DA:238,22
DA:239,30
DA:240,14
DA:241,101
DA:242,99
DA:243,22
DA:245,34
DA:246,72
DA:247,198
DA:248,18
DA:254,45
DA:255,68
DA:256,114
DA:257,13
DA:262,47
DA:263,68
DA:264,116
DA:265,13
DA:270,77
DA:271,68
DA:272,154
DA:273,13
DA:278,75
DA:279,68
DA:280,152
DA:281,13
DA:286,71
DA:287,68
DA:288,148
DA:289,13
DA:294,67
DA:295,68
DA:296,146
DA:297,13
DA:302,73
DA:303,68
DA:304,152
DA:305,13
DA:310,73
DA:311,68
DA:312,152
DA:313,13
DA:318,67
DA:319,68
DA:320,146
DA:321,7
DA:322,6
DA:323,1
LF:324
LH:171
end_of_record
TN:
SF:src/core/references/cel.ts
FNF:16
FNH:11
DA:1,89
DA:2,61
DA:10,1
DA:11,23
DA:12,7
DA:13,3
DA:14,15
DA:15,18
DA:18,4
DA:19,22
DA:20,42
DA:21,34
DA:22,0
DA:23,0
DA:24,0
DA:25,11
DA:26,49
DA:29,47
DA:30,33
DA:32,28
DA:33,4
DA:35,33
DA:36,22
DA:37,4
DA:39,36
DA:40,11
DA:41,4
DA:43,58
DA:44,0
DA:45,4
DA:48,19
DA:49,4
DA:51,39
DA:53,13
DA:54,32
DA:55,12
DA:56,1
DA:69,0
DA:70,0
DA:71,0
DA:72,0
DA:73,0
DA:74,0
DA:75,0
DA:76,0
DA:77,0
DA:78,0
DA:79,0
DA:80,0
DA:81,0
DA:82,0
DA:83,0
DA:84,0
DA:85,0
DA:86,0
DA:87,0
DA:88,0
DA:89,0
DA:90,0
DA:91,0
DA:92,0
DA:93,0
DA:94,0
DA:95,0
DA:96,0
DA:97,0
DA:119,1
DA:120,20
DA:121,22
DA:122,23
DA:123,12
DA:124,3
DA:125,29
DA:127,0
DA:128,0
DA:129,11
DA:131,90
DA:145,1
DA:146,20
DA:147,28
DA:148,10
DA:149,3
DA:150,14
DA:151,16
DA:152,21
DA:154,48
DA:156,35
DA:157,82
DA:158,0
DA:160,0
DA:161,0
DA:162,2
DA:165,54
DA:166,31
DA:167,26
DA:168,4
DA:169,31
DA:170,20
DA:171,4
DA:172,17
DA:173,4
DA:175,24
DA:176,2
DA:177,52
DA:178,13
DA:199,1
DA:200,25
DA:201,31
DA:202,8
DA:203,3
DA:204,15
DA:205,21
DA:206,19
DA:208,53
DA:210,45
DA:211,84
DA:212,0
DA:214,0
DA:215,0
DA:216,2
DA:219,30
DA:220,21
DA:223,41
DA:224,44
DA:225,47
DA:226,36
DA:228,38
DA:229,6
DA:230,36
DA:232,32
DA:233,6
DA:235,20
DA:236,0
DA:237,0
DA:238,4
DA:241,13
DA:242,32
DA:243,23
DA:244,20
DA:245,1
DA:262,0
DA:263,0
DA:264,0
DA:265,0
DA:266,0
DA:267,0
DA:268,0
DA:269,0
DA:270,0
DA:271,0
DA:272,0
DA:273,0
DA:274,0
DA:275,0
DA:276,0
DA:277,0
DA:278,0
DA:279,0
DA:280,0
DA:281,0
DA:282,0
DA:283,0
DA:284,0
DA:285,0
DA:286,0
DA:287,0
DA:288,0
DA:289,0
DA:290,0
DA:291,0
DA:292,0
DA:293,0
DA:294,0
DA:295,0
DA:296,0
DA:297,0
DA:298,0
DA:299,0
DA:300,0
DA:301,0
DA:302,0
DA:303,0
DA:304,0
DA:305,0
DA:306,0
DA:307,0
DA:308,1
DA:314,21
DA:315,7
DA:316,7
DA:317,14
DA:318,7
DA:319,11
DA:320,9
DA:323,43
DA:324,43
DA:325,8
DA:326,18
DA:327,23
DA:328,35
DA:329,10
DA:332,0
DA:333,0
DA:334,0
DA:335,0
DA:336,0
DA:337,0
DA:338,0
DA:339,0
DA:340,0
DA:341,0
DA:342,0
DA:343,0
DA:344,0
DA:345,0
DA:346,0
DA:347,0
DA:348,0
DA:349,0
DA:350,0
DA:351,0
DA:352,0
DA:353,1
DA:354,1
LF:355
LH:114
end_of_record
TN:
SF:src/core/references/external-refs.ts
FNF:1
FNH:1
DA:8,59
DA:39,6
DA:40,12
DA:41,6
DA:42,14
DA:43,11
DA:44,3
DA:46,22
DA:47,15
DA:48,9
DA:49,17
DA:50,28
DA:51,30
DA:52,6
DA:53,13
DA:54,15
DA:56,21
DA:57,4
DA:60,31
LF:62
LH:19
end_of_record
TN:
SF:src/core/references/index.ts
FNF:1
FNH:1
DA:8,60
DA:10,25
DA:12,50
DA:14,95
DA:16,49
DA:18,66
DA:21,274
DA:23,94
LF:24
LH:8
end_of_record
TN:
SF:src/core/references/resolver.ts
FNF:28
FNH:24
DA:8,94
DA:9,144
DA:10,114
DA:12,142
DA:21,100
DA:22,140
DA:61,64
DA:62,26
DA:63,34
DA:64,4
DA:74,1
DA:76,13
DA:77,24
DA:78,80
DA:79,16
DA:80,10
DA:81,66
DA:82,82
DA:83,156
DA:84,87
DA:90,67
DA:92,83
DA:93,210
DA:94,35
DA:95,9
DA:97,192
DA:100,116
DA:102,66
DA:105,178
DA:106,106
DA:107,63
DA:108,43
DA:109,26
DA:110,28
DA:111,21
DA:112,7
DA:113,9
DA:115,106
DA:116,38
DA:122,73
DA:123,91
DA:124,29
DA:125,9
DA:128,50
DA:129,17
DA:130,9
DA:132,113
DA:133,27
DA:134,9
DA:136,61
DA:137,46
DA:138,148
DA:139,52
DA:140,31
DA:141,9
DA:143,71
DA:144,46
DA:145,182
DA:146,52
DA:147,31
DA:148,9
DA:150,31
DA:156,73
DA:157,145
DA:158,17
DA:159,9
DA:162,50
DA:163,11
DA:164,9
DA:167,237
DA:169,208
DA:170,9
DA:173,129
DA:175,208
DA:176,9
DA:179,61
DA:180,46
DA:181,65
DA:182,80
DA:183,13
DA:184,48
DA:185,27
DA:186,46
DA:187,97
DA:188,82
DA:189,13
DA:190,62
DA:197,21
DA:198,10
DA:199,18
DA:200,37
DA:201,10
DA:202,84
DA:203,15
DA:204,9
DA:207,50
DA:208,15
DA:209,9
DA:211,65
DA:213,109
DA:214,9
DA:216,65
DA:218,104
DA:220,61
DA:221,31
DA:223,118
DA:225,9
DA:227,61
DA:228,46
DA:229,89
DA:230,142
DA:231,13
DA:232,52
DA:233,25
DA:234,9
DA:236,71
DA:237,46
DA:238,113
DA:239,144
DA:240,13
DA:241,52
DA:242,25
DA:243,9
DA:245,33
DA:251,23
DA:252,10
DA:253,17
DA:254,10
DA:256,102
DA:257,59
DA:258,9
DA:262,116
DA:263,73
DA:264,67
DA:265,9
DA:268,160
DA:269,57
DA:270,170
DA:271,76
DA:272,29
DA:273,9
DA:276,22
DA:277,146
DA:278,136
DA:279,76
DA:280,32
DA:281,42
DA:282,105
DA:289,0
DA:290,0
DA:291,0
DA:292,0
DA:293,0
DA:294,0
DA:295,0
DA:296,0
DA:297,0
DA:298,0
DA:299,0
DA:300,0
DA:301,54
DA:307,0
DA:308,0
DA:309,0
DA:310,0
DA:311,0
DA:312,0
DA:313,0
DA:314,0
DA:315,0
DA:316,0
DA:317,0
DA:318,43
DA:330,24
DA:331,12
DA:332,17
DA:333,10
DA:335,92
DA:336,66
DA:337,36
DA:338,9
DA:340,22
DA:342,70
DA:345,133
DA:346,142
DA:347,13
DA:350,56
DA:351,64
DA:352,24
DA:354,14
DA:355,16
DA:358,144
DA:359,78
DA:360,34
DA:361,42
DA:362,95
DA:369,22
DA:370,24
DA:371,18
DA:372,10
DA:373,140
DA:379,27
DA:380,10
DA:381,17
DA:382,10
DA:383,90
DA:384,66
DA:385,56
DA:386,14
DA:388,22
DA:390,128
DA:391,132
DA:394,58
DA:395,88
DA:396,64
DA:397,42
DA:398,68
DA:399,150
DA:400,14
DA:401,16
DA:403,140
DA:406,118
DA:407,74
DA:409,140
DA:410,92
DA:411,66
DA:412,18
DA:415,72
DA:416,92
DA:417,68
DA:418,84
DA:419,56
DA:420,70
DA:421,126
DA:422,16
DA:424,58
DA:425,42
DA:426,58
DA:428,83
DA:429,122
DA:430,74
DA:431,62
DA:432,22
DA:433,70
DA:434,10
DA:435,124
DA:436,9
DA:437,7
DA:439,70
DA:440,35
DA:441,37
DA:442,9
DA:444,35
DA:445,5
DA:446,95
DA:447,14
DA:459,51
DA:461,66
DA:462,42
DA:463,69
DA:464,18
DA:465,25
DA:466,31
DA:467,22
DA:468,8
DA:469,64
DA:470,18
DA:471,25
DA:472,58
DA:473,22
DA:474,8
DA:475,5
DA:476,9
DA:479,136
DA:481,28
DA:482,60
DA:483,84
DA:484,40
DA:485,9
DA:491,49
DA:493,130
DA:494,57
DA:495,9
DA:496,118
DA:497,49
DA:498,9
DA:499,128
DA:500,51
DA:501,9
DA:502,66
DA:503,48
DA:504,9
DA:505,68
DA:506,67
DA:507,9
DA:508,116
DA:509,63
DA:510,9
DA:511,60
DA:512,51
DA:513,9
DA:514,68
DA:515,55
DA:516,9
DA:519,111
DA:525,0
DA:526,0
DA:527,0
DA:528,0
DA:529,0
DA:530,0
DA:531,0
DA:532,0
DA:533,0
DA:534,0
DA:535,0
DA:536,0
DA:537,0
DA:538,0
DA:539,0
DA:540,0
DA:541,0
DA:542,0
DA:543,0
DA:544,0
DA:545,0
DA:546,0
DA:547,0
DA:548,0
DA:549,0
DA:550,0
DA:551,46
DA:557,61
DA:558,78
DA:559,44
DA:561,65
DA:562,111
DA:563,19
DA:564,13
DA:567,83
DA:568,19
DA:569,13
DA:571,66
DA:574,109
DA:575,100
DA:576,40
DA:577,15
DA:578,17
DA:579,124
DA:581,43
DA:582,72
DA:583,17
DA:585,205
DA:586,66
DA:587,18
DA:588,28
DA:590,31
DA:591,75
DA:593,9
DA:595,0
DA:596,0
DA:597,0
DA:598,0
DA:599,0
DA:600,0
DA:601,0
DA:602,0
DA:603,0
DA:604,0
DA:605,0
DA:606,0
DA:607,0
DA:608,0
DA:609,0
DA:610,0
DA:611,0
DA:612,0
DA:613,0
DA:614,0
DA:615,0
DA:616,0
DA:617,0
DA:618,0
DA:619,0
DA:620,0
DA:621,0
DA:622,0
DA:623,0
DA:624,0
DA:625,0
DA:626,0
DA:627,0
DA:628,0
DA:629,0
DA:630,0
DA:631,0
DA:632,0
DA:633,0
DA:634,0
DA:635,0
DA:636,0
DA:637,0
DA:638,0
DA:639,0
DA:640,0
DA:641,0
DA:642,0
DA:643,0
DA:644,0
DA:645,0
DA:646,0
DA:647,0
DA:648,0
DA:649,0
DA:650,0
DA:651,0
DA:652,0
DA:653,0
DA:654,0
DA:655,0
DA:656,0
DA:657,0
DA:658,0
DA:659,0
DA:660,0
DA:661,0
DA:662,0
DA:663,0
DA:664,0
DA:665,0
DA:666,0
DA:667,0
DA:668,0
DA:669,0
DA:670,0
DA:671,0
DA:672,0
DA:673,0
DA:674,75
DA:681,26
DA:682,46
DA:688,29
DA:689,28
DA:690,56
DA:691,78
DA:692,8
DA:694,2
DA:697,107
DA:698,47
DA:699,188
DA:700,86
DA:701,45
DA:703,2
DA:705,95
DA:706,49
DA:707,172
DA:708,74
DA:709,45
DA:711,1
LF:714
LH:331
end_of_record
TN:
SF:src/core/references/schema-proxy.ts
FNF:10
FNH:7
DA:8,61
DA:15,15
DA:16,29
DA:19,95
DA:20,95
DA:21,91
DA:23,34
DA:24,22
DA:26,92
DA:27,19
DA:28,6
DA:32,4
DA:33,23
DA:34,22
DA:35,19
DA:36,20
DA:37,16
DA:38,0
DA:39,0
DA:40,6
DA:44,4
DA:45,19
DA:46,20
DA:47,16
DA:48,0
DA:49,0
DA:50,6
DA:53,63
DA:55,2
DA:62,14
DA:64,20
DA:66,30
DA:67,26
DA:68,29
DA:69,0
DA:70,6
DA:73,54
DA:75,3
DA:95,5
DA:98,6
DA:99,12
DA:100,41
DA:101,42
DA:102,2
DA:111,14
DA:112,39
DA:119,0
DA:120,0
DA:121,0
DA:122,0
DA:123,0
DA:124,0
DA:125,0
DA:126,0
DA:127,0
DA:128,0
DA:129,0
DA:130,0
DA:131,0
DA:132,0
DA:133,0
DA:134,0
DA:135,0
DA:136,0
DA:137,0
DA:138,0
DA:139,0
DA:140,0
DA:141,0
DA:142,0
DA:143,0
DA:144,0
DA:145,0
DA:146,0
DA:147,0
DA:155,0
DA:163,0
DA:164,0
DA:165,0
DA:166,0
DA:167,0
DA:168,0
DA:169,0
DA:170,0
DA:171,0
DA:172,0
DA:173,0
DA:174,0
DA:175,0
DA:176,0
DA:177,0
DA:178,0
DA:179,0
DA:180,0
DA:181,0
DA:182,0
DA:183,0
DA:184,0
DA:185,0
DA:186,0
DA:187,0
DA:188,0
DA:189,0
DA:190,0
DA:191,0
LF:196
LH:41
end_of_record
TN:
SF:src/core/serialization/core.ts
FNF:9
FNH:7
DA:9,62
DA:10,78
DA:11,72
DA:12,57
DA:13,59
DA:35,59
DA:36,57
DA:37,81
DA:38,71
DA:43,1
DA:44,15
DA:45,3
DA:46,23
DA:47,22
DA:49,62
DA:50,39
DA:52,26
DA:53,96
DA:55,27
DA:56,0
DA:58,3
DA:60,2
DA:62,30
DA:68,0
DA:69,0
DA:70,0
DA:71,0
DA:72,0
DA:73,0
DA:74,0
DA:75,0
DA:76,0
DA:77,0
DA:78,0
DA:79,0
DA:80,0
DA:81,0
DA:82,0
DA:83,0
DA:84,0
DA:85,0
DA:86,0
DA:87,0
DA:88,0
DA:89,0
DA:90,1
DA:101,5
DA:106,1
DA:107,12
DA:109,17
DA:111,15
DA:112,9
DA:113,3
DA:115,84
DA:125,1
DA:126,12
DA:127,17
DA:128,15
DA:129,9
DA:130,3
DA:131,90
DA:132,23
DA:133,5
DA:136,65
DA:137,131
DA:138,2
DA:140,45
DA:141,34
DA:142,103
DA:143,2
DA:146,35
DA:147,36
DA:148,16
DA:150,65
DA:151,266
DA:152,2
DA:154,37
DA:155,169
DA:156,2
DA:161,30
DA:162,52
DA:163,26
DA:164,26
DA:165,27
DA:166,4
DA:168,37
DA:169,48
DA:172,97
DA:175,66
DA:178,88
DA:179,24
DA:180,0
DA:181,0
DA:182,2
DA:185,40
DA:186,79
DA:187,50
DA:188,23
DA:189,23
DA:190,30
DA:191,6
DA:192,5
DA:193,2
DA:196,69
DA:197,121
DA:200,34
DA:201,86
DA:202,2
DA:206,12
DA:207,26
DA:208,48
DA:209,11
DA:211,12
DA:213,1
DA:214,6
DA:215,15
DA:216,7
DA:217,31
DA:218,50
DA:219,17
DA:220,19
DA:221,18
DA:222,31
DA:223,10
DA:224,20
DA:225,34
DA:226,44
DA:227,17
DA:228,19
DA:229,18
DA:230,16
DA:231,31
DA:232,10
DA:233,17
DA:234,0
DA:235,5
DA:239,10
DA:241,132
DA:242,93
DA:244,1
LF:246
LH:114
end_of_record
TN:
SF:src/core/serialization/index.ts
FNF:1
FNH:1
DA:15,44
DA:17,78
DA:20,101
DA:26,56
LF:27
LH:4
end_of_record
TN:
SF:src/core/serialization/schema.ts
FNF:2
FNH:1
DA:5,70
DA:12,0
DA:13,0
DA:14,0
DA:15,0
DA:16,0
DA:17,0
DA:18,0
DA:19,0
DA:20,0
DA:21,0
DA:22,0
DA:23,0
DA:24,0
DA:25,0
DA:26,0
DA:27,0
DA:28,0
DA:29,0
DA:30,0
DA:31,0
DA:32,0
DA:33,0
DA:34,1
DA:40,5
DA:43,1
DA:44,6
DA:45,18
DA:46,11
DA:47,16
DA:48,3
DA:49,76
LF:51
LH:10
end_of_record
TN:
SF:src/core/serialization/validation.ts
FNF:6
FNH:4
DA:5,98
DA:6,52
DA:13,6
DA:14,11
DA:15,3
DA:16,20
DA:19,30
DA:20,27
DA:22,70
DA:24,19
DA:25,25
DA:26,32
DA:27,15
DA:28,41
DA:29,28
DA:30,6
DA:31,32
DA:33,53
DA:34,30
DA:35,28
DA:36,25
DA:37,27
DA:38,26
DA:39,7
DA:40,2
DA:41,2
DA:44,37
DA:45,36
DA:46,57
DA:47,99
DA:48,42
DA:49,40
DA:50,80
DA:51,4
DA:52,2
DA:53,2
DA:56,26
DA:57,32
DA:59,14
DA:60,31
DA:61,0
DA:62,4
DA:63,24
DA:64,0
DA:65,4
DA:67,24
DA:68,31
DA:71,74
DA:72,38
DA:73,21
DA:74,0
DA:75,4
DA:76,4
DA:78,34
DA:79,14
DA:82,42
DA:83,53
DA:84,0
DA:85,0
DA:86,2
DA:87,2
DA:89,12
DA:90,31
DA:91,8
DA:92,2
DA:98,0
DA:99,0
DA:100,0
DA:101,0
DA:102,0
DA:103,0
DA:104,0
DA:105,0
DA:106,0
DA:107,0
DA:108,0
DA:109,0
DA:110,0
DA:111,0
DA:112,0
DA:113,0
DA:114,0
DA:115,0
DA:116,0
DA:117,0
DA:118,0
DA:119,0
DA:120,0
DA:121,0
DA:122,0
DA:123,0
DA:124,0
DA:125,0
DA:126,0
DA:127,0
DA:128,0
DA:129,0
DA:130,0
DA:131,0
DA:132,0
DA:133,0
DA:134,0
DA:135,0
DA:136,0
DA:137,0
DA:138,0
DA:139,0
DA:140,0
DA:141,0
DA:142,0
DA:143,0
DA:144,0
DA:145,0
DA:146,0
DA:147,0
DA:148,0
DA:149,0
DA:150,0
DA:151,0
DA:152,0
DA:153,0
DA:154,0
DA:155,0
DA:156,0
DA:157,0
DA:158,0
DA:159,0
DA:160,0
DA:161,0
DA:162,0
DA:163,0
DA:164,0
DA:165,0
DA:166,0
DA:167,0
DA:168,0
DA:169,0
DA:170,0
DA:171,0
DA:172,0
DA:173,0
DA:174,0
DA:175,1
DA:181,0
DA:182,0
DA:183,0
DA:184,0
DA:185,0
DA:186,0
DA:187,0
DA:188,0
DA:189,0
DA:190,0
DA:191,0
DA:192,0
DA:193,0
DA:194,0
DA:195,0
DA:196,0
DA:197,0
DA:198,0
DA:199,0
DA:200,0
DA:201,0
DA:202,0
DA:203,0
DA:204,0
DA:205,0
DA:206,0
LF:209
LH:61
end_of_record
TN:
SF:src/core/serialization/yaml.ts
FNF:2
FNH:2
DA:5,32
DA:6,127
DA:17,48
DA:22,6
DA:23,6
DA:24,11
DA:25,9
DA:26,14
DA:27,3
DA:29,21
DA:30,30
DA:31,59
DA:32,37
DA:33,4
DA:36,30
DA:37,26
DA:40,70
DA:42,19
DA:43,25
DA:44,32
DA:45,29
DA:46,41
DA:47,50
DA:48,6
DA:49,64
DA:52,53
DA:53,30
DA:54,27
DA:55,25
DA:56,27
DA:57,29
DA:58,20
DA:59,7
DA:60,2
DA:61,2
DA:64,27
DA:65,35
DA:66,36
DA:67,17
DA:68,11
DA:69,46
DA:70,6
DA:71,13
DA:72,65
DA:73,79
DA:74,11
DA:75,60
DA:76,6
DA:77,3
DA:78,4
DA:81,37
DA:82,33
DA:83,40
DA:84,36
DA:85,20
DA:86,21
DA:87,20
DA:88,2
LF:90
LH:58
end_of_record
TN:
SF:src/core/types/deployment.ts
FNF:2
FNH:1
DA:341,52
DA:342,41
DA:343,80
DA:344,42
DA:345,22
DA:347,1
DA:349,58
DA:350,0
DA:351,0
DA:352,1
LF:372
LH:8
end_of_record
TN:
SF:src/core/types/references.ts
FNF:1
FNH:1
DA:66,47
DA:67,25
DA:68,92
DA:69,37
DA:70,22
LF:73
LH:5
end_of_record
TN:
SF:src/core/validation/cel-validator.ts
FNF:11
FNH:9
DA:11,78
DA:29,13
DA:31,47
DA:33,29
DA:34,0
DA:37,0
DA:38,0
DA:39,0
DA:42,0
DA:43,0
DA:44,0
DA:47,0
DA:49,0
DA:50,0
DA:51,0
DA:52,0
DA:53,2
DA:55,24
DA:61,11
DA:62,32
DA:63,11
DA:64,2
DA:66,32
DA:68,40
DA:69,82
DA:70,42
DA:71,2
DA:73,73
DA:75,0
DA:76,2
DA:78,12
DA:84,6
DA:89,3
DA:90,24
DA:91,25
DA:93,52
DA:94,40
DA:95,29
DA:96,13
DA:97,30
DA:99,2
DA:101,12
DA:102,15
DA:103,16
DA:104,50
DA:105,49
DA:106,2
DA:112,22
DA:115,3
DA:116,26
DA:117,27
DA:120,58
DA:121,0
DA:122,2
DA:124,74
DA:125,159
DA:127,98
DA:129,23
DA:130,43
DA:131,6
DA:132,24
DA:133,45
DA:134,4
DA:135,51
DA:136,42
DA:137,13
DA:138,44
DA:140,2
DA:142,39
DA:148,6
DA:149,16
DA:150,11
DA:151,3
DA:152,20
DA:153,22
DA:154,87
DA:157,78
DA:160,24
DA:161,34
DA:162,42
DA:166,93
DA:167,66
DA:168,37
DA:169,44
DA:170,64
DA:171,0
DA:172,0
DA:173,0
DA:174,0
DA:175,0
DA:176,0
DA:177,8
DA:178,62
DA:179,4
DA:180,61
DA:182,64
DA:183,61
DA:184,4
DA:185,5
DA:189,73
DA:190,44
DA:191,2
DA:194,53
DA:195,56
DA:197,37
DA:198,21
DA:199,22
DA:200,21
DA:201,105
DA:202,82
DA:203,5
DA:204,2
DA:206,12
DA:207,33
DA:208,11
DA:209,10
DA:210,2
DA:216,20
DA:217,20
DA:219,61
[...]
FNF:1
FNH:1
DA:8,54
DA:9,74
LF:9
LH:2
end_of_record
TN:
SF:src/factories/kubernetes/index.ts
FNF:1
FNH:1
DA:12,37
DA:16,39
DA:20,40
DA:24,34
DA:28,40
DA:32,32
DA:36,38
DA:40,38
DA:44,34
DA:48,32
DA:52,38
DA:56,35
DA:60,27
DA:64,37
DA:68,32
DA:72,33
DA:76,32
LF:76
LH:17
end_of_record
TN:
SF:src/factories/kubernetes/networking/endpoint-slice.ts
FNF:1
FNH:1
DA:3,49
DA:5,6
DA:6,10
DA:7,3
DA:8,30
DA:9,13
DA:10,38
DA:11,26
DA:12,66
DA:13,2
LF:14
LH:10
end_of_record
TN:
SF:src/factories/kubernetes/networking/endpoints.ts
FNF:2
FNH:1
DA:3,49
DA:5,19
DA:6,30
DA:7,13
DA:8,21
DA:9,22
DA:10,62
DA:11,0
DA:12,0
DA:13,0
DA:14,0
DA:15,0
DA:16,0
DA:17,0
DA:18,0
DA:19,0
DA:20,0
DA:21,0
DA:22,0
DA:23,0
DA:24,0
DA:25,0
DA:26,0
DA:27,0
DA:28,0
DA:29,0
DA:30,0
DA:31,0
DA:32,0
DA:33,0
DA:34,0
DA:35,0
DA:36,0
DA:37,0
DA:38,0
DA:39,0
DA:40,0
DA:41,0
DA:44,1
LF:45
LH:8
end_of_record
TN:
SF:src/factories/kubernetes/networking/index.ts
FNF:1
FNH:1
DA:8,52
DA:9,43
DA:10,39
DA:11,50
DA:12,52
DA:13,38
LF:13
LH:6
end_of_record
TN:
SF:src/factories/kubernetes/networking/ingress-class.ts
FNF:2
FNH:1
DA:3,49
DA:7,19
DA:8,30
DA:9,13
DA:10,39
DA:11,25
DA:12,65
DA:13,0
DA:14,0
DA:15,0
DA:16,0
DA:17,0
DA:19,1
LF:21
LH:8
end_of_record
TN:
SF:src/factories/kubernetes/networking/ingress.ts
FNF:2
FNH:2
DA:3,49
DA:7,19
DA:8,30
DA:9,13
DA:10,39
DA:11,20
DA:12,60
DA:13,48
DA:14,11
DA:15,41
DA:17,21
DA:18,54
DA:19,6
DA:22,47
DA:23,52
DA:25,41
DA:27,16
DA:28,14
DA:29,15
DA:30,61
DA:31,52
DA:32,1
DA:33,0
DA:34,0
DA:35,0
DA:36,0
DA:37,0
DA:39,1
LF:40
LH:23
end_of_record
TN:
SF:src/factories/kubernetes/networking/network-policy.ts
FNF:2
FNH:1
DA:3,49
DA:7,19
DA:8,30
DA:9,13
DA:10,39
DA:11,26
DA:12,66
DA:13,0
DA:14,0
DA:15,0
DA:16,0
DA:17,0
DA:18,0
DA:20,1
LF:21
LH:8
end_of_record
TN:
SF:src/factories/kubernetes/networking/service.ts
FNF:2
FNH:2
DA:3,49
DA:6,19
DA:8,57
DA:10,30
DA:11,13
DA:12,21
DA:13,20
DA:14,60
DA:15,48
DA:16,11
DA:17,44
DA:18,67
DA:19,56
DA:20,49
DA:22,26
DA:23,20
DA:24,24
DA:25,110
DA:26,1
DA:27,17
DA:28,20
DA:29,25
DA:30,42
DA:31,82
DA:32,58
DA:33,1
DA:35,50
DA:36,66
DA:38,31
DA:39,20
DA:40,24
DA:41,93
DA:42,1
DA:43,17
DA:44,20
DA:45,25
DA:46,42
DA:47,71
DA:48,34
DA:49,1
DA:51,7
DA:54,16
DA:55,20
DA:56,48
DA:57,2
DA:58,21
DA:59,16
DA:60,21
DA:61,34
DA:62,64
DA:63,52
DA:64,1
DA:66,1
LF:67
LH:53
end_of_record
TN:
SF:src/factories/kubernetes/policy/index.ts
FNF:1
FNH:1
DA:8,46
DA:9,65
DA:10,51
LF:10
LH:3
end_of_record
TN:
SF:src/factories/kubernetes/policy/limit-range.ts
FNF:2
FNH:1
DA:3,49
DA:7,19
DA:8,30
DA:9,13
DA:10,21
DA:11,23
DA:12,63
DA:13,0
DA:14,0
DA:15,0
DA:16,0
DA:17,0
DA:18,0
DA:20,1
LF:21
LH:8
end_of_record
TN:
SF:src/factories/kubernetes/policy/pod-disruption-budget.ts
FNF:2
FNH:1
DA:3,49
DA:8,6
DA:9,10
DA:10,3
DA:11,30
DA:12,13
DA:13,28
DA:14,32
DA:15,56
DA:16,0
DA:17,0
DA:18,0
DA:19,0
DA:20,0
DA:21,0
DA:22,0
DA:23,0
DA:24,0
DA:25,0
DA:26,0
DA:27,0
DA:28,0
DA:29,0
DA:30,0
DA:31,0
DA:32,0
DA:33,0
DA:34,0
DA:35,0
DA:36,0
DA:37,0
DA:38,0
DA:39,0
DA:40,0
DA:41,0
DA:42,0
DA:43,0
DA:44,0
DA:45,0
DA:46,0
DA:47,0
DA:48,0
DA:49,0
DA:50,0
DA:51,0
DA:52,0
DA:53,0
DA:54,0
DA:55,0
DA:56,0
DA:57,0
DA:58,0
DA:61,1
LF:62
LH:10
end_of_record
TN:
SF:src/factories/kubernetes/policy/resource-quota.ts
FNF:2
FNH:1
DA:3,49
DA:8,6
DA:9,10
DA:10,3
DA:11,30
DA:12,13
DA:13,21
DA:14,26
DA:15,66
DA:16,0
DA:17,0
DA:18,0
DA:19,0
DA:20,0
DA:21,0
DA:22,0
DA:23,0
DA:24,0
DA:25,0
DA:26,0
DA:27,0
DA:28,0
DA:29,0
DA:30,0
DA:31,0
DA:32,0
DA:33,0
DA:34,0
DA:35,0
DA:36,0
DA:37,0
DA:38,0
DA:39,0
DA:40,0
DA:41,0
DA:42,0
DA:43,0
DA:44,0
DA:45,0
DA:46,0
DA:47,0
DA:48,0
DA:49,0
DA:52,1
LF:53
LH:10
end_of_record
TN:
SF:src/factories/kubernetes/rbac/cluster-role-binding.ts
FNF:2
FNH:1
DA:3,49
DA:5,6
DA:6,10
DA:7,3
DA:8,30
DA:9,13
DA:10,47
DA:11,31
DA:12,71
DA:13,0
DA:14,0
DA:15,0
DA:16,0
DA:17,0
DA:18,0
DA:20,1
LF:21
LH:10
end_of_record
TN:
SF:src/factories/kubernetes/rbac/cluster-role.ts
FNF:2
FNH:1
DA:3,49
DA:5,19
DA:6,30
DA:7,13
DA:8,47
DA:9,24
DA:10,64
DA:11,0
DA:12,0
DA:13,0
DA:14,0
DA:15,0
DA:16,0
DA:18,1
LF:19
LH:8
end_of_record
TN:
SF:src/factories/kubernetes/rbac/index.ts
FNF:1
FNH:1
DA:8,48
DA:9,63
DA:10,33
DA:11,48
DA:12,53
LF:12
LH:5
end_of_record
TN:
SF:src/factories/kubernetes/rbac/role-binding.ts
FNF:2
FNH:1
DA:3,49
DA:5,6
DA:6,10
DA:7,3
DA:8,30
DA:9,13
DA:10,47
DA:11,24
DA:12,64
DA:13,0
DA:14,0
DA:15,0
DA:16,0
DA:17,0
DA:18,0
DA:20,1
LF:21
LH:10
end_of_record
TN:
SF:src/factories/kubernetes/rbac/role.ts
FNF:2
FNH:1
DA:3,49
DA:5,19
DA:6,30
DA:7,13
DA:8,47
DA:9,17
DA:10,57
DA:11,0
DA:12,0
DA:13,0
DA:14,0
DA:15,0
DA:16,0
DA:18,1
LF:19
LH:8
end_of_record
TN:
SF:src/factories/kubernetes/rbac/service-account.ts
FNF:2
FNH:1
DA:3,49
DA:5,19
DA:6,30
DA:7,13
DA:8,21
DA:9,27
DA:10,67
DA:11,0
DA:12,0
DA:13,0
DA:14,0
DA:15,0
DA:16,0
DA:18,1
LF:19
LH:8
end_of_record
TN:
SF:src/factories/kubernetes/scheduling/index.ts
FNF:1
FNH:1
DA:8,52
DA:9,49
LF:9
LH:2
end_of_record
TN:
SF:src/factories/kubernetes/scheduling/priority-class.ts
FNF:2
FNH:1
DA:3,49
DA:5,6
DA:6,10
DA:7,3
DA:8,30
DA:9,13
DA:10,39
DA:11,26
DA:12,66
DA:13,0
DA:14,0
DA:15,0
DA:16,0
DA:17,0
DA:19,1
LF:21
LH:10
end_of_record
TN:
SF:src/factories/kubernetes/scheduling/runtime-class.ts
FNF:1
FNH:1
DA:3,49
DA:7,19
DA:8,30
DA:9,13
DA:10,33
DA:11,25
DA:12,65
DA:13,2
LF:14
LH:8
end_of_record
TN:
SF:src/factories/kubernetes/storage/csi-driver.ts
FNF:2
FNH:1
DA:3,49
DA:7,19
DA:8,30
DA:9,13
DA:10,36
DA:11,22
DA:12,62
DA:13,0
DA:14,0
DA:15,0
DA:16,0
DA:17,0
DA:19,1
LF:21
LH:8
end_of_record
TN:
SF:src/factories/kubernetes/storage/csi-node.ts
FNF:1
FNH:1
DA:3,49
DA:7,19
DA:8,30
DA:9,13
DA:10,36
DA:11,20
DA:12,60
DA:13,2
LF:14
LH:8
end_of_record
TN:
SF:src/factories/kubernetes/storage/index.ts
FNF:1
FNH:1
DA:8,44
DA:9,40
DA:10,58
DA:11,69
DA:12,50
DA:13,57
LF:13
LH:6
end_of_record
TN:
SF:src/factories/kubernetes/storage/persistent-volume-claim.ts
FNF:2
FNH:2
DA:3,49
DA:8,6
DA:9,10
DA:10,3
DA:11,30
DA:12,13
DA:13,21
DA:14,34
DA:15,56
DA:16,48
DA:17,11
DA:18,41
DA:20,12
DA:21,0
DA:22,6
DA:24,45
DA:26,16
DA:27,14
DA:28,15
DA:29,28
DA:30,54
DA:31,1
DA:32,0
DA:33,0
DA:34,0
DA:35,0
DA:36,0
DA:38,1
LF:39
LH:22
end_of_record
TN:
SF:src/factories/kubernetes/storage/persistent-volume.ts
FNF:2
FNH:1
DA:3,49
DA:8,19
DA:9,30
DA:10,13
DA:11,21
DA:12,29
DA:13,55
DA:14,0
DA:15,0
DA:16,0
DA:17,0
DA:18,0
DA:19,0
DA:20,0
DA:21,0
DA:22,0
DA:23,0
DA:24,0
DA:25,0
DA:26,0
DA:27,0
DA:28,0
DA:29,0
DA:30,0
DA:31,0
DA:32,0
DA:33,0
DA:34,0
DA:35,0
DA:36,0
DA:37,0
DA:38,0
DA:39,0
DA:40,0
DA:41,0
DA:42,0
DA:43,0
DA:44,0
DA:45,0
DA:46,0
DA:47,0
DA:48,0
DA:49,0
DA:50,0
DA:53,1
LF:54
LH:8
end_of_record
TN:
SF:src/factories/kubernetes/storage/storage-class.ts
FNF:2
FNH:1
DA:3,49
DA:5,6
DA:6,10
DA:7,3
DA:8,30
DA:9,13
DA:10,36
DA:11,25
DA:12,65
DA:13,0
DA:14,0
DA:15,0
DA:16,0
DA:17,0
DA:18,0
DA:20,1
LF:21
LH:10
end_of_record
TN:
SF:src/factories/kubernetes/storage/volume-attachment.ts
FNF:1
FNH:1
DA:3,49
DA:8,6
DA:9,10
DA:10,3
DA:11,30
DA:12,13
DA:13,36
DA:14,29
DA:15,69
DA:16,2
LF:17
LH:10
end_of_record
TN:
SF:src/factories/kubernetes/types.ts
FNF:0
FNH:0
LF:9
LH:0
end_of_record
TN:
SF:src/factories/kubernetes/workloads/cron-job.ts
FNF:2
FNH:2
DA:3,49
DA:8,19
DA:9,30
DA:10,13
DA:11,27
DA:12,20
DA:13,60
DA:14,48
DA:15,11
DA:16,41
DA:19,21
DA:20,18
DA:21,23
DA:22,34
DA:23,51
DA:24,1
DA:25,6
DA:29,55
DA:30,41
DA:31,56
DA:33,23
DA:34,18
DA:35,22
DA:36,49
DA:37,1
DA:38,6
DA:40,53
DA:41,18
DA:42,22
DA:43,69
DA:44,1
DA:45,6
DA:47,16
DA:48,21
DA:49,31
DA:50,54
DA:51,51
DA:52,1
DA:53,0
DA:54,0
DA:55,0
DA:56,0
DA:57,0
DA:58,0
DA:59,0
DA:61,1
LF:62
LH:39
end_of_record
TN:
SF:src/factories/kubernetes/workloads/daemon-set.ts
FNF:2
FNH:2
DA:3,49
DA:8,19
DA:9,30
DA:10,13
DA:11,26
DA:12,22
DA:13,62
DA:14,48
DA:15,11
DA:16,41
DA:17,12
DA:18,0
DA:19,6
DA:21,72
DA:22,50
DA:24,89
DA:26,16
DA:27,14
DA:28,15
DA:29,48
DA:30,58
DA:31,1
DA:32,0
DA:33,0
DA:34,0
DA:35,0
DA:36,0
DA:38,1
LF:39
LH:22
end_of_record
TN:
SF:src/factories/kubernetes/workloads/deployment.ts
FNF:2
FNH:2
DA:3,49
DA:6,19
DA:8,56
DA:11,30
DA:12,13
DA:13,26
DA:14,23
DA:15,63
DA:16,48
DA:17,11
DA:18,41
DA:21,21
DA:22,18
DA:23,23
DA:25,34
DA:26,57
DA:27,37
DA:28,1
DA:29,6
DA:31,54
DA:32,62
DA:36,95
DA:38,19
DA:39,18
DA:40,22
DA:41,149
DA:42,1
DA:43,15
DA:44,18
DA:45,23
DA:46,37
DA:47,138
DA:48,22
DA:49,29
DA:50,26
DA:51,30
DA:53,43
DA:54,11
DA:55,9
DA:56,2
DA:58,21
DA:59,16
DA:60,21
DA:61,34
DA:62,67
DA:63,57
DA:64,1
DA:66,1
LF:67
LH:48
end_of_record
TN:
SF:src/factories/kubernetes/workloads/index.ts
FNF:1
FNH:1
DA:8,40
DA:9,44
DA:10,45
DA:11,31
DA:12,46
DA:13,68
DA:14,47
LF:14
LH:7
end_of_record
TN:
SF:src/factories/kubernetes/workloads/job.ts
FNF:2
FNH:2
DA:3,49
DA:8,19
DA:10,62
DA:11,54
DA:12,71
DA:14,30
DA:15,13
DA:16,27
DA:17,16
DA:18,56
DA:19,48
DA:20,11
DA:21,41
DA:24,21
DA:25,18
DA:26,23
DA:27,34
DA:28,50
DA:29,69
DA:30,1
DA:31,6
DA:33,46
DA:34,40
DA:35,40
DA:38,94
DA:39,18
DA:40,23
DA:41,30
DA:42,109
DA:43,22
DA:44,32
DA:45,22
DA:46,19
DA:47,19
DA:48,53
DA:49,24
DA:50,9
DA:51,1
DA:52,6
DA:55,42
DA:57,56
DA:59,21
DA:60,20
DA:61,24
DA:62,103
DA:63,1
DA:64,0
DA:65,0
DA:66,0
DA:67,0
DA:68,0
DA:69,0
DA:70,0
DA:71,0
DA:72,0
DA:73,0
DA:74,0
DA:75,0
DA:76,0
DA:77,0
DA:79,15
DA:81,56
DA:83,21
DA:84,20
DA:85,24
DA:86,93
DA:87,1
DA:88,17
DA:89,20
DA:90,25
DA:91,36
DA:92,134
DA:93,24
DA:94,34
DA:95,24
DA:96,21
DA:97,21
DA:98,26
DA:99,26
DA:100,11
DA:101,2
DA:104,21
DA:105,16
DA:106,21
DA:107,34
DA:108,60
DA:109,89
DA:110,1
DA:112,1
LF:113
LH:75
end_of_record
TN:
SF:src/factories/kubernetes/workloads/replica-set.ts
FNF:2
FNH:1
DA:3,49
DA:8,19
DA:9,30
DA:10,13
DA:11,26
DA:12,23
DA:13,63
DA:14,0
DA:15,0
DA:16,0
DA:17,0
DA:18,0
DA:19,0
DA:20,0
DA:21,0
DA:22,0
DA:23,0
DA:24,0
DA:25,0
DA:26,0
DA:27,0
DA:28,0
DA:29,0
DA:30,0
DA:31,0
DA:32,0
DA:33,0
DA:34,0
DA:35,0
DA:36,0
DA:37,0
DA:40,1
LF:41
LH:8
end_of_record
TN:
SF:src/factories/kubernetes/workloads/replication-controller.ts
FNF:2
FNH:1
DA:3,49
DA:8,6
DA:9,10
DA:10,3
DA:12,56
DA:14,30
DA:15,13
DA:16,21
DA:17,34
DA:18,74
DA:19,0
DA:20,0
DA:21,0
DA:22,0
DA:23,0
DA:24,0
DA:25,0
DA:26,0
DA:27,0
DA:28,0
DA:29,0
DA:30,0
DA:31,0
DA:32,0
DA:33,0
DA:34,0
DA:35,0
DA:36,0
DA:37,0
DA:38,0
DA:39,0
DA:40,0
DA:41,0
DA:42,0
DA:43,0
DA:44,0
DA:45,0
DA:46,0
DA:47,0
DA:48,0
DA:49,0
DA:50,0
DA:51,0
DA:52,0
DA:53,0
DA:54,0
DA:55,0
DA:56,0
DA:57,0
DA:58,0
DA:59,0
DA:60,0
DA:61,0
DA:62,0
DA:65,1
LF:66
LH:11
end_of_record
TN:
SF:src/factories/kubernetes/workloads/stateful-set.ts
FNF:2
FNH:2
DA:3,49
DA:8,6
DA:9,10
DA:10,3
DA:12,56
DA:13,80
DA:15,30
DA:16,13
DA:17,26
DA:18,24
DA:19,64
DA:20,48
DA:21,11
DA:22,41
DA:25,21
DA:26,18
DA:27,23
DA:28,34
DA:29,58
DA:30,53
DA:31,1
DA:32,6
DA:34,54
DA:35,58
DA:36,58
DA:39,43
DA:40,57
DA:42,21
DA:43,20
DA:44,24
DA:45,99
DA:46,1
DA:47,0
DA:48,0
DA:49,0
DA:50,0
DA:51,0
DA:52,0
DA:53,0
DA:55,15
DA:57,52
DA:58,40
DA:59,45
DA:61,21
DA:62,20
DA:63,24
DA:64,113
DA:65,1
DA:66,17
DA:67,20
DA:68,25
DA:69,46
DA:70,200
DA:71,24
DA:72,31
DA:73,28
DA:74,30
DA:75,30
DA:76,26
DA:77,11
DA:78,2
DA:81,21
DA:82,16
DA:83,21
DA:84,34
DA:85,68
DA:86,73
DA:87,1
DA:89,1
LF:90
LH:62
end_of_record
TN:
SF:src/factories/kubernetes/yaml/index.ts
FNF:1
FNH:1
DA:5,31
DA:6,35
LF:6
LH:2
end_of_record
TN:
SF:src/factories/kubernetes/yaml/yaml-directory.ts
FNF:10
FNH:4
DA:1,32
DA:2,67
DA:7,75
DA:12,17
DA:13,46
DA:14,23
DA:16,33
DA:17,82
DA:18,24
DA:19,2
DA:20,2
DA:22,17
DA:65,17
DA:67,33
DA:68,42
DA:69,75
DA:70,42
DA:71,59
DA:72,33
DA:73,20
DA:75,26
DA:76,60
DA:78,46
DA:80,67
DA:82,42
DA:84,81
DA:85,58
DA:86,0
DA:88,0
DA:89,0
DA:90,0
DA:92,0
DA:94,0
DA:97,0
DA:98,0
DA:99,0
DA:100,0
DA:102,0
DA:103,0
DA:104,0
DA:105,0
DA:108,0
DA:109,0
DA:110,0
DA:111,0
DA:112,0
DA:113,0
DA:114,0
DA:116,0
DA:117,0
DA:119,0
DA:120,0
DA:121,0
DA:122,0
DA:123,0
DA:124,0
DA:125,0
DA:126,0
DA:127,0
DA:128,0
DA:130,0
DA:131,0
DA:133,0
DA:134,0
DA:135,0
DA:136,0
DA:137,0
DA:138,0
DA:139,0
DA:140,0
DA:141,0
DA:142,0
DA:143,0
DA:144,0
DA:146,0
DA:147,0
DA:148,0
DA:151,0
DA:153,0
DA:154,0
DA:156,0
DA:158,0
DA:159,0
DA:160,0
DA:161,0
DA:162,0
DA:163,0
DA:164,0
DA:165,0
DA:166,0
DA:167,0
DA:169,0
DA:171,0
DA:173,0
DA:175,0
DA:178,0
DA:179,0
DA:181,2
DA:188,26
DA:189,12
DA:190,17
DA:191,14
DA:192,7
DA:193,10
DA:194,7
DA:195,1
LF:195
LH:36
end_of_record
TN:
SF:src/factories/kubernetes/yaml/yaml-file.ts
FNF:5
FNH:4
DA:1,32
DA:2,67
DA:6,75
DA:11,17
DA:12,46
DA:13,23
DA:15,33
DA:16,82
DA:17,24
DA:18,2
DA:19,2
DA:21,17
DA:66,17
DA:68,33
DA:69,42
DA:72,81
DA:73,60
DA:74,20
DA:76,88
DA:77,66
DA:79,23
DA:80,60
DA:82,40
DA:83,64
DA:84,81
DA:85,6
DA:87,13
DA:89,35
DA:92,0
DA:93,0
DA:94,0
DA:95,0
DA:97,42
DA:98,0
DA:99,17
DA:100,98
DA:103,0
DA:104,0
DA:105,0
DA:106,0
DA:107,0
DA:108,1
DA:109,23
DA:111,69
DA:112,0
DA:114,0
DA:115,0
DA:116,0
DA:117,0
DA:118,0
DA:119,0
DA:120,0
DA:121,0
DA:122,0
DA:123,0
DA:125,0
DA:126,0
DA:128,0
DA:129,0
DA:130,0
DA:131,0
DA:132,0
DA:133,0
DA:134,0
DA:135,0
DA:136,0
DA:137,0
DA:138,0
DA:139,0
DA:141,0
DA:142,0
DA:143,0
DA:146,0
DA:148,0
DA:149,0
DA:151,0
DA:153,0
DA:154,0
DA:155,0
DA:156,0
DA:157,0
DA:158,0
DA:159,0
DA:160,0
DA:161,0
DA:162,0
DA:164,0
DA:166,0
DA:168,17
DA:170,11
DA:173,0
DA:175,2
DA:187,0
DA:188,0
DA:189,0
DA:190,0
DA:191,0
DA:192,0
LF:194
LH:37
end_of_record
TN:
SF:src/factories/shared.ts
FNF:19
FNH:13
DA:9,62
DA:10,67
DA:11,58
DA:18,85
DA:19,72
DA:20,73
DA:23,59
DA:26,55
DA:32,26
DA:33,29
DA:36,76
DA:37,74
DA:38,71
DA:41,51
DA:42,11
DA:43,19
DA:44,5
DA:45,52
DA:46,11
DA:47,19
DA:48,5
DA:50,34
DA:51,22
DA:52,51
DA:53,68
DA:55,2
DA:58,1
DA:59,12
DA:60,10
DA:61,8
DA:62,3
DA:63,18
DA:64,0
DA:65,2
DA:67,30
DA:68,26
DA:70,22
DA:71,0
DA:72,0
DA:73,0
DA:74,0
DA:75,0
DA:76,0
DA:78,6
DA:81,38
DA:82,16
DA:83,6
DA:86,25
DA:87,0
DA:89,0
DA:90,6
DA:93,25
DA:95,16
DA:96,15
DA:98,71
DA:101,0
DA:102,0
DA:103,0
DA:104,0
DA:105,0
DA:106,0
DA:107,2
DA:109,2
DA:112,1
DA:113,12
DA:114,10
DA:115,3
DA:116,53
DA:117,22
DA:118,22
DA:119,20
DA:120,5
DA:123,16
DA:124,18
DA:126,31
DA:133,16
DA:134,34
DA:136,32
DA:138,31
DA:139,23
DA:141,28
DA:142,35
DA:143,51
DA:144,4
DA:145,26
DA:146,36
DA:147,29
DA:148,15
DA:149,41
DA:150,10
DA:151,10
DA:152,13
DA:154,6
DA:155,29
DA:156,26
DA:157,41
DA:158,66
DA:159,8
DA:160,16
DA:161,6
DA:162,31
DA:163,28
DA:164,45
DA:165,72
DA:166,8
DA:167,18
DA:168,6
DA:169,33
DA:171,47
DA:172,84
DA:176,56
DA:177,65
DA:178,39
DA:179,0
DA:180,0
DA:181,0
DA:182,0
DA:183,0
DA:184,0
DA:185,10
DA:186,8
DA:187,8
DA:189,20
DA:190,6
DA:191,27
DA:192,17
DA:193,6
DA:195,49
DA:196,39
DA:197,52
DA:198,6
DA:199,61
DA:200,51
DA:201,64
DA:202,6
DA:203,51
DA:204,41
DA:205,54
DA:206,6
DA:207,55
DA:208,45
DA:209,58
DA:210,6
DA:211,57
DA:212,47
DA:213,60
DA:214,6
DA:215,63
DA:216,47
DA:217,41
DA:218,18
DA:219,0
DA:220,0
DA:221,6
DA:222,52
DA:223,0
DA:224,0
DA:225,6
DA:226,55
DA:227,45
DA:228,58
DA:229,6
DA:230,53
DA:231,0
DA:232,6
DA:233,46
DA:235,39
DA:238,51
DA:240,2
DA:246,10
DA:247,0
DA:248,0
DA:249,0
DA:250,0
DA:251,0
DA:252,0
DA:253,0
DA:254,0
DA:255,0
DA:256,0
DA:257,0
DA:258,0
DA:259,0
DA:260,0
DA:261,0
DA:262,0
DA:263,0
DA:264,0
DA:265,0
DA:266,0
DA:267,0
DA:268,0
DA:269,0
DA:270,0
DA:271,0
DA:272,0
DA:273,0
DA:274,0
DA:275,0
DA:276,0
DA:277,0
DA:278,0
DA:279,0
DA:280,0
DA:281,0
DA:282,0
DA:283,0
DA:284,0
DA:285,0
DA:286,0
DA:287,0
DA:288,0
DA:289,0
DA:290,0
DA:291,0
DA:292,0
DA:293,0
DA:294,0
DA:295,0
DA:296,0
DA:297,0
DA:298,0
DA:299,0
DA:300,0
DA:301,0
DA:302,0
DA:303,0
DA:304,0
DA:305,0
DA:306,0
DA:307,0
DA:308,0
DA:309,0
DA:310,0
DA:311,0
DA:312,0
DA:313,0
DA:314,0
DA:315,0
DA:316,0
DA:317,0
DA:318,0
DA:319,0
DA:320,0
DA:321,0
DA:322,0
DA:323,0
DA:324,0
DA:325,0
DA:326,0
DA:327,0
DA:328,0
DA:329,1
DA:334,6
DA:335,10
DA:336,3
DA:337,17
DA:340,21
DA:341,29
DA:344,54
DA:345,24
DA:346,0
DA:347,2
DA:348,11
DA:350,72
DA:351,51
DA:352,81
DA:355,68
DA:358,74
DA:359,59
DA:360,28
DA:361,22
DA:362,23
DA:363,17
DA:364,5
DA:367,63
DA:368,25
DA:370,57
DA:371,11
DA:372,11
DA:373,17
DA:374,8
DA:377,59
DA:378,25
DA:379,26
DA:380,27
DA:381,21
DA:382,9
DA:384,16
DA:386,22
DA:387,24
DA:388,17
DA:389,5
DA:391,16
DA:394,0
DA:395,0
DA:396,0
DA:397,0
DA:398,0
DA:399,0
DA:400,0
DA:401,0
DA:402,0
DA:403,0
DA:404,0
DA:405,0
DA:406,0
DA:407,0
DA:408,0
DA:409,0
DA:410,0
DA:411,0
DA:412,0
LF:415
LH:185
end_of_record
TN:
SF:src/index.ts
FNF:1
FNH:1
DA:9,591
DA:76,142
DA:93,38
DA:111,37
DA:117,85
LF:122
LH:5
end_of_record
TN:
SF:src/utils/helpers.ts
FNF:21
FNH:16
DA:10,68
DA:15,72
DA:20,6
DA:21,6
DA:22,6
DA:23,12
DA:24,3
DA:25,68
DA:28,26
DA:31,0
DA:32,0
DA:35,0
DA:36,2
DA:39,26
DA:42,0
DA:43,0
DA:46,0
DA:47,2
DA:50,23
DA:53,53
DA:54,0
DA:55,0
DA:57,0
DA:58,2
DA:62,51
DA:63,27
DA:64,2
DA:67,46
DA:73,14
DA:75,9
DA:76,0
DA:77,2
DA:79,11
DA:80,14
DA:81,25
DA:83,23
DA:84,51
DA:85,4
DA:87,65
DA:88,2
DA:89,9
DA:95,0
DA:96,0
DA:97,0
DA:98,0
DA:99,0
DA:100,1
DA:106,0
DA:107,0
DA:108,0
DA:109,0
DA:117,1
DA:118,5
DA:119,10
DA:120,3
DA:122,42
DA:123,27
DA:129,0
DA:130,0
DA:131,1
DA:138,14
DA:139,78
DA:140,40
DA:147,23
DA:148,30
DA:150,42
DA:151,2
DA:153,30
DA:155,28
DA:157,21
DA:158,4
DA:160,30
DA:161,2
DA:163,28
DA:164,64
DA:165,2
DA:167,40
DA:168,22
DA:171,54
DA:173,64
DA:174,60
DA:175,4
DA:178,28
DA:179,98
DA:180,61
DA:181,46
DA:182,26
DA:183,27
DA:184,21
DA:185,7
DA:186,4
DA:188,13
DA:189,2
DA:191,10
DA:200,10
DA:202,75
DA:203,25
DA:204,57
DA:205,50
DA:206,4
DA:207,64
DA:208,16
DA:209,2
DA:210,2
DA:213,29
DA:214,4
DA:215,21
DA:216,45
DA:217,43
DA:218,7
DA:219,16
DA:220,4
DA:222,46
DA:223,45
DA:224,18
DA:225,0
DA:226,0
DA:227,6
DA:230,48
DA:231,2
DA:234,34
DA:235,23
DA:236,0
DA:237,0
DA:238,4
DA:239,25
DA:240,17
DA:241,21
DA:242,19
DA:243,18
DA:244,11
DA:246,2
DA:249,15
DA:252,23
DA:253,18
DA:256,38
DA:257,0
DA:258,2
DA:260,23
DA:261,43
DA:262,0
DA:263,2
DA:265,68
DA:266,72
DA:267,43
DA:269,30
DA:272,23
DA:273,68
DA:274,12
DA:276,33
DA:278,4
DA:279,33
DA:280,23
DA:281,42
DA:282,7
DA:283,69
DA:284,44
DA:285,13
DA:286,53
DA:288,2
DA:289,13
DA:296,20
DA:297,27
DA:299,13
DA:301,34
DA:302,51
DA:303,4
DA:306,34
DA:308,32
DA:310,23
DA:311,6
DA:312,32
DA:313,4
DA:316,71
DA:317,35
DA:318,64
DA:319,59
DA:320,6
DA:321,24
DA:322,0
DA:325,0
DA:326,0
DA:327,0
DA:328,0
DA:329,0
DA:330,0
DA:331,0
DA:332,0
DA:333,0
DA:336,2
DA:339,74
DA:340,57
DA:341,2
DA:343,21
DA:349,0
DA:350,0
DA:351,0
DA:352,0
DA:353,0
DA:354,0
DA:355,0
DA:356,0
DA:357,0
DA:358,0
DA:359,0
DA:360,0
DA:361,0
DA:362,0
DA:363,0
DA:364,0
DA:365,0
DA:366,1
DA:373,19
DA:375,59
DA:376,15
DA:377,2
DA:380,60
DA:381,64
DA:383,19
DA:385,61
DA:386,23
DA:387,24
DA:388,25
DA:389,19
DA:390,7
DA:391,15
DA:392,0
DA:395,0
DA:396,0
DA:398,1
DA:409,0
DA:410,0
DA:411,0
DA:412,0
DA:413,0
DA:414,0
DA:415,0
DA:416,0
DA:417,0
DA:418,0
DA:419,0
DA:420,0
DA:421,0
DA:422,0
DA:423,0
DA:424,0
DA:425,0
DA:426,0
DA:427,0
DA:428,0
DA:429,0
DA:430,0
DA:431,0
DA:432,0
DA:433,0
DA:434,0
DA:435,0
DA:436,0
DA:437,0
DA:438,0
DA:439,0
DA:440,0
DA:441,0
DA:442,0
DA:443,0
DA:444,0
DA:445,1
DA:454,6
DA:455,6
DA:456,18
DA:462,12
DA:463,16
DA:464,3
DA:465,72
DA:467,26
DA:468,49
DA:469,2
DA:472,42
DA:473,36
DA:474,2
DA:477,29
DA:478,88
DA:481,68
DA:482,74
DA:483,29
DA:485,12
DA:486,33
DA:487,32
DA:488,21
DA:489,18
DA:493,24
DA:494,3
DA:495,2
DA:501,74
LF:502
LH:201
end_of_record
TN:
SF:src/utils/index.ts
FNF:1
FNH:1
DA:9,187
DA:20,118
LF:26
LH:2
end_of_record
TN:
SF:src/utils/type-guards.ts
FNF:6
FNH:4
DA:10,111
DA:16,14
DA:20,8
DA:21,57
DA:22,16
DA:23,28
DA:31,0
DA:32,0
DA:33,1
DA:40,16
DA:41,15
DA:42,9
DA:43,29
DA:44,18
DA:45,29
DA:46,2
DA:52,0
DA:53,0
DA:54,0
DA:55,0
DA:56,0
DA:57,0
DA:58,1
DA:64,14
DA:65,18
DA:67,30
DA:68,19
DA:69,11
DA:70,2
DA:72,28
DA:73,28
DA:74,50
DA:75,4
DA:76,46
DA:77,46
DA:78,51
DA:79,2
DA:80,3
DA:82,11
LF:84
LH:31
end_of_record
TN:
SF:test/integration/shared-kubeconfig.ts
FNF:3
FNH:1
DA:1,47
DA:7,0
DA:8,0
DA:9,0
DA:10,0
DA:11,0
DA:12,0
DA:13,0
DA:14,0
DA:15,0
DA:16,0
DA:17,0
DA:18,0
DA:19,0
DA:20,0
DA:21,0
DA:22,0
DA:23,0
DA:24,0
DA:25,0
DA:26,1
DA:32,11
DA:33,9
DA:34,34
DA:35,25
DA:37,43
DA:38,20
DA:39,12
DA:40,0
DA:44,0
DA:45,0
DA:46,1
DA:53,0
DA:54,0
DA:55,0
DA:56,0
DA:57,0
DA:58,0
DA:59,0
DA:60,0
DA:61,0
DA:62,0
DA:63,0
DA:64,0
DA:65,0
LF:69
LH:10
end_of_record
