TN:
SF:src/alchemy/deployers.ts
FNF:19
FNH:16
DA:8,144
DA:9,128
DA:10,142
DA:11,124
DA:12,254
DA:18,140
DA:19,178
DA:24,94
DA:26,78
DA:27,28
DA:28,18
DA:29,42
DA:30,34
DA:31,58
DA:32,56
DA:33,32
DA:34,46
DA:35,66
DA:36,70
DA:37,26
DA:38,6
DA:40,147
DA:41,41
DA:42,208
DA:43,125
DA:45,1
DA:56,0
DA:57,0
DA:58,69
DA:61,0
DA:62,59
DA:65,78
DA:66,14
DA:67,96
DA:68,221
DA:72,64
DA:73,107
DA:80,95
DA:82,23
DA:83,65
DA:90,51
DA:91,66
DA:92,30
DA:93,84
DA:94,12
DA:97,102
DA:100,96
DA:101,48
DA:102,38
DA:103,28
DA:104,12
DA:106,28
DA:107,172
DA:108,40
DA:109,22
DA:110,64
DA:111,64
DA:112,14
DA:113,16
DA:114,38
DA:115,14
DA:118,56
DA:124,138
DA:126,128
DA:127,52
DA:128,72
DA:129,168
DA:130,14
DA:132,148
DA:134,72
DA:135,28
DA:136,42
DA:137,96
DA:138,98
DA:139,116
DA:140,12
DA:142,156
DA:144,77
DA:145,98
DA:146,104
DA:147,76
DA:148,56
DA:149,102
DA:150,16
DA:152,77
DA:153,166
DA:154,13
DA:155,47
DA:156,9
DA:159,69
DA:162,9
DA:163,20
DA:164,17
DA:165,10
DA:166,207
DA:167,102
DA:168,9
DA:171,156
DA:172,64
DA:173,90
DA:174,78
DA:175,98
DA:176,203
DA:177,50
DA:178,50
DA:179,48
DA:180,12
DA:183,110
DA:185,2
DA:191,68
DA:192,13
DA:193,84
DA:194,0
DA:195,0
DA:196,0
DA:197,0
DA:198,39
DA:201,56
DA:202,38
DA:203,30
DA:204,64
DA:205,58
DA:206,76
DA:207,34
DA:208,12
DA:209,80
DA:210,96
DA:211,120
DA:214,58
DA:215,116
DA:216,40
DA:217,22
DA:218,50
DA:219,72
DA:220,14
DA:221,16
DA:222,38
DA:223,12
DA:225,136
DA:227,77
DA:228,98
DA:229,104
DA:230,76
DA:231,56
DA:232,102
DA:233,16
DA:234,68
DA:235,83
DA:236,13
DA:237,47
DA:238,9
DA:241,43
DA:244,9
DA:245,20
DA:246,17
DA:247,10
DA:248,111
DA:249,99
DA:250,244
DA:251,53
DA:252,180
DA:253,78
DA:254,26
DA:255,193
DA:256,17
DA:258,158
DA:259,74
DA:260,22
DA:261,133
DA:262,210
DA:263,21
DA:264,7
DA:265,13
DA:267,166
DA:268,70
DA:269,18
DA:270,32
DA:271,230
DA:272,7
DA:273,9
DA:275,108
DA:276,95
DA:277,108
DA:278,17
DA:279,9
DA:281,111
DA:282,32
DA:283,196
DA:284,7
DA:285,5
DA:287,85
DA:288,50
DA:289,28
DA:290,38
DA:291,39
DA:292,33
DA:293,6
DA:295,11
DA:296,40
DA:297,21
DA:298,52
DA:299,18
DA:300,7
DA:301,16
DA:304,66
DA:305,33
DA:306,48
DA:307,13
DA:308,40
DA:309,23
DA:310,54
DA:311,15
DA:312,9
DA:313,25
DA:315,22
DA:316,5
DA:318,107
DA:319,26
DA:320,11
DA:321,16
DA:322,11
DA:323,7
DA:324,34
DA:325,6
DA:326,28
DA:327,71
DA:328,8
DA:330,2
LF:228
LH:221
end_of_record
TN:
SF:src/alchemy/kro-delete.ts
FNF:18
FNH:14
DA:3,66
DA:4,131
DA:5,61
DA:17,16
DA:18,71
DA:21,13
DA:22,41
DA:23,0
DA:26,13
DA:27,75
DA:30,11
DA:31,25
DA:32,66
DA:35,1
DA:36,11
DA:37,12
DA:38,17
DA:39,17
DA:40,3
DA:41,35
DA:42,35
DA:43,59
DA:44,0
DA:45,1
DA:46,2
DA:47,27
DA:81,1
DA:82,12
DA:83,9
DA:84,60
DA:85,3
DA:86,58
DA:87,9
DA:88,31
DA:89,27
DA:90,26
DA:91,6
DA:96,30
DA:98,6
DA:99,33
DA:100,0
DA:101,0
DA:102,0
DA:103,0
DA:104,0
DA:105,0
DA:106,0
DA:107,0
DA:108,0
DA:109,0
DA:110,0
DA:111,0
DA:112,0
DA:116,1
DA:117,12
DA:118,9
DA:119,60
DA:120,3
DA:121,78
DA:122,12
DA:123,0
DA:124,2
DA:126,62
DA:127,35
DA:128,50
DA:129,8
DA:130,5
DA:131,28
DA:135,56
DA:137,0
DA:138,0
DA:139,0
DA:140,0
DA:141,1
DA:144,6
DA:145,12
DA:146,9
DA:147,60
DA:148,3
DA:149,58
DA:150,89
DA:152,9
DA:153,27
DA:154,37
DA:155,38
DA:156,39
DA:157,6
DA:158,19
DA:159,49
DA:160,76
DA:161,33
DA:162,39
DA:163,9
DA:164,11
DA:165,2
DA:168,20
DA:169,73
DA:170,25
DA:171,28
DA:172,7
DA:173,6
DA:174,2
DA:176,60
DA:177,9
DA:178,27
DA:179,44
DA:180,39
DA:181,31
DA:182,5
DA:183,0
DA:184,0
DA:185,0
DA:186,0
DA:187,0
DA:188,0
DA:189,0
DA:190,2
DA:194,0
DA:195,0
DA:196,0
DA:197,0
DA:198,0
DA:199,0
DA:200,0
DA:204,1
DA:205,12
DA:206,6
DA:207,9
DA:208,5
DA:209,3
DA:210,58
DA:211,46
DA:212,52
DA:213,44
DA:214,30
DA:215,31
DA:217,9
DA:218,27
DA:219,17
DA:220,25
DA:221,52
DA:222,7
DA:224,33
DA:225,47
DA:226,13
DA:227,29
DA:228,21
DA:229,29
DA:230,56
DA:231,11
DA:232,25
DA:233,27
DA:234,57
DA:235,33
DA:236,5
DA:237,0
DA:238,0
DA:239,0
DA:240,0
DA:241,0
DA:242,4
DA:244,4
DA:245,28
DA:246,30
DA:247,86
DA:248,13
DA:249,16
DA:250,94
DA:251,7
DA:252,3
DA:253,19
DA:254,49
DA:255,27
DA:256,0
DA:257,0
DA:258,0
DA:259,0
DA:260,0
DA:261,0
DA:262,0
DA:263,0
DA:264,4
DA:268,26
DA:269,27
DA:270,70
DA:271,12
DA:272,14
DA:273,6
DA:274,10
DA:275,1
DA:276,2
DA:278,36
DA:279,9
DA:280,77
DA:281,97
DA:282,0
DA:283,0
DA:284,0
DA:285,0
DA:286,0
DA:287,2
DA:290,32
DA:291,57
DA:292,2
DA:297,91
LF:205
LH:153
end_of_record
TN:
SF:src/alchemy/resolver.ts
FNF:28
FNH:27
DA:10,62
DA:11,74
DA:14,75
DA:41,62
DA:42,61
DA:43,65
DA:44,63
DA:49,16
DA:50,15
DA:51,9
DA:52,29
DA:53,32
DA:54,32
DA:55,2
DA:61,16
DA:62,15
DA:63,9
DA:64,31
DA:66,68
DA:68,20
DA:69,38
DA:70,37
DA:71,33
DA:72,35
DA:73,31
DA:74,2
DA:101,6
DA:102,5
DA:103,9
DA:104,3
DA:105,40
DA:107,49
DA:108,11
DA:110,42
DA:121,6
DA:122,5
DA:123,9
DA:124,22
DA:125,3
DA:126,43
DA:127,10
DA:128,2
DA:131,31
DA:132,10
DA:133,2
DA:140,28
DA:142,21
DA:143,0
DA:144,4
DA:145,21
DA:147,25
DA:148,35
DA:149,74
DA:150,6
DA:151,15
DA:152,2
DA:154,33
DA:156,28
DA:157,10
DA:158,4
DA:159,21
DA:161,24
DA:162,54
DA:163,80
DA:164,4
DA:165,15
DA:166,2
DA:168,11
DA:177,6
DA:178,5
DA:179,9
DA:180,22
DA:181,3
DA:182,43
DA:183,10
DA:184,2
DA:187,31
DA:188,42
DA:189,2
DA:195,28
DA:197,21
DA:198,0
DA:199,4
DA:200,21
DA:202,25
DA:203,35
DA:204,66
DA:205,6
DA:206,15
DA:207,2
DA:209,33
DA:211,21
DA:212,0
DA:213,4
DA:214,21
DA:216,24
DA:217,54
DA:218,72
DA:219,4
DA:220,15
DA:221,2
DA:223,11
DA:229,6
DA:230,9
DA:231,8
DA:232,3
DA:234,51
DA:235,55
DA:236,51
DA:237,2
DA:239,9
DA:241,43
DA:244,41
DA:245,43
DA:246,4
DA:247,67
DA:249,24
DA:250,19
DA:251,23
DA:252,83
DA:253,29
DA:254,49
DA:255,1
DA:262,14
DA:264,35
DA:265,0
DA:266,2
DA:268,36
DA:269,0
DA:270,2
DA:273,77
DA:274,26
DA:275,0
DA:278,0
DA:279,0
DA:280,0
DA:281,0
DA:282,0
DA:283,0
DA:286,0
DA:287,0
DA:288,0
DA:293,0
DA:294,0
DA:295,0
DA:296,0
DA:297,0
DA:298,0
DA:299,0
DA:300,0
DA:303,0
DA:304,0
DA:305,0
DA:307,0
DA:308,0
DA:309,1
DA:319,6
DA:320,11
DA:321,8
DA:322,3
DA:323,32
DA:324,12
DA:325,30
DA:326,4
DA:328,31
DA:330,61
DA:331,89
DA:332,2
DA:334,25
DA:343,6
DA:344,11
DA:345,8
DA:346,3
DA:347,38
DA:348,12
DA:349,31
DA:350,4
DA:352,31
DA:354,61
DA:355,95
DA:356,2
DA:358,25
DA:364,6
DA:365,5
DA:366,23
DA:367,3
DA:368,43
DA:369,12
DA:370,2
DA:372,31
DA:373,11
DA:374,2
DA:376,28
DA:378,21
DA:379,0
DA:380,4
DA:381,21
DA:383,25
DA:384,68
DA:385,2
DA:387,33
DA:389,21
DA:390,0
DA:391,4
DA:392,21
DA:394,80
DA:395,2
DA:397,13
DA:403,14
DA:404,22
DA:405,30
DA:407,31
DA:408,49
DA:409,6
DA:410,4
DA:412,35
DA:413,27
DA:414,6
DA:415,4
DA:417,32
DA:419,23
DA:420,0
DA:421,6
DA:422,25
DA:424,31
DA:425,34
DA:426,6
DA:427,4
DA:429,37
DA:431,23
DA:432,0
DA:433,6
DA:434,25
DA:436,42
DA:437,5
DA:440,15
DA:441,16
DA:447,11
DA:448,12
DA:449,26
DA:450,19
DA:451,34
DA:452,31
DA:453,2
DA:460,20
DA:461,33
DA:462,35
DA:464,53
DA:465,45
DA:466,30
DA:467,4
DA:470,67
DA:471,19
DA:472,0
DA:473,2
DA:474,2
DA:476,49
DA:482,1
DA:483,5
DA:484,23
DA:485,3
DA:486,49
DA:487,0
DA:488,2
DA:490,23
DA:492,0
DA:493,0
DA:494,0
DA:495,0
DA:497,0
DA:498,2
DA:500,40
DA:502,21
DA:503,0
DA:504,4
DA:505,21
DA:507,86
DA:508,2
DA:510,13
DA:517,6
DA:518,20
DA:519,12
DA:524,3
DA:525,53
DA:526,62
DA:529,71
DA:532,20
DA:534,12
DA:535,7
DA:536,9
DA:537,28
DA:538,2
DA:545,17
DA:552,3
DA:553,16
DA:560,5
DA:562,79
DA:564,55
DA:565,66
DA:567,51
DA:568,20
DA:569,43
DA:570,4
DA:571,2
DA:573,14
LF:305
LH:265
end_of_record
TN:
SF:src/alchemy/resource-registration.ts
FNF:17
FNH:8
DA:12,46
DA:13,72
DA:14,48
DA:15,87
DA:16,62
DA:19,123
DA:24,103
DA:26,74
DA:44,75
DA:45,41
DA:46,51
DA:47,55
DA:48,1
DA:49,69
DA:51,84
DA:52,56
DA:53,60
DA:54,1
DA:55,79
DA:68,0
DA:69,0
DA:70,0
DA:71,0
DA:72,0
DA:73,0
DA:74,0
DA:75,0
DA:76,0
DA:77,0
DA:78,0
DA:79,0
DA:80,0
DA:81,0
DA:82,0
DA:83,0
DA:84,0
DA:85,0
DA:86,0
DA:87,0
DA:88,0
DA:89,0
DA:90,0
DA:91,0
DA:92,0
DA:93,0
DA:94,0
DA:95,0
DA:96,0
DA:97,0
DA:98,0
DA:99,0
DA:100,0
DA:101,0
DA:102,0
DA:103,0
DA:104,0
DA:105,0
DA:106,0
DA:107,0
DA:108,0
DA:109,0
DA:110,0
DA:111,0
DA:112,0
DA:113,0
DA:114,0
DA:115,0
DA:116,0
DA:117,0
DA:118,0
DA:119,0
DA:120,0
DA:121,0
DA:122,0
DA:123,0
DA:124,0
DA:125,0
DA:126,0
DA:127,0
DA:128,0
DA:129,0
DA:130,0
DA:131,0
DA:132,0
DA:133,0
DA:134,0
DA:135,0
DA:136,0
DA:137,0
DA:145,0
DA:146,0
DA:147,0
DA:148,0
DA:149,0
DA:150,0
DA:151,0
DA:152,0
DA:153,0
DA:154,0
DA:155,0
DA:156,0
DA:157,0
DA:158,0
DA:159,0
DA:160,0
DA:161,0
DA:162,0
DA:163,0
DA:164,0
DA:165,0
DA:166,0
DA:167,0
DA:168,0
DA:169,0
DA:176,0
DA:177,0
DA:178,0
DA:179,0
DA:180,0
DA:181,0
DA:182,0
DA:183,0
DA:184,0
DA:185,0
DA:186,0
DA:187,0
DA:188,0
DA:189,0
DA:190,0
DA:191,0
DA:192,0
DA:196,23
DA:197,67
DA:198,34
DA:199,78
DA:202,16
DA:203,67
DA:204,24
DA:205,0
DA:208,1
DA:209,7
DA:210,3
DA:211,44
DA:213,34
DA:224,53
DA:225,41
DA:226,73
DA:227,4
DA:228,47
DA:229,36
DA:230,12
DA:231,0
DA:232,0
DA:233,4
DA:235,14
DA:236,17
DA:237,27
DA:238,66
DA:239,93
DA:240,38
DA:241,65
DA:242,1
DA:243,2
DA:245,64
DA:246,4
DA:247,31
DA:248,43
DA:249,34
DA:250,5
DA:251,6
DA:252,2
DA:254,46
DA:255,12
DA:256,36
DA:257,27
DA:258,23
DA:259,92
DA:260,12
DA:261,63
DA:262,2
DA:266,69
DA:268,1
DA:269,7
DA:270,6
DA:271,3
DA:272,24
DA:273,52
DA:274,0
DA:276,0
DA:277,0
DA:278,0
DA:279,0
DA:280,0
DA:281,0
DA:283,0
DA:289,1
DA:290,9
DA:291,7
DA:292,7
DA:293,3
DA:294,72
DA:295,9
DA:296,45
DA:297,22
DA:298,36
DA:299,17
DA:300,6
DA:301,19
DA:302,73
DA:303,86
DA:304,52
DA:305,27
DA:306,9
DA:307,19
DA:308,16
DA:309,33
DA:310,35
DA:311,41
DA:312,21
DA:313,28
DA:314,1
DA:315,4
DA:316,64
DA:317,20
DA:318,5
DA:319,18
DA:321,1
DA:325,68
DA:330,0
DA:331,0
DA:332,0
DA:333,0
DA:334,0
DA:335,0
DA:336,0
DA:337,0
DA:338,0
DA:339,0
DA:340,0
DA:341,0
DA:342,0
DA:343,0
DA:344,0
DA:345,0
DA:346,0
DA:347,0
DA:348,0
DA:349,0
DA:350,0
DA:351,0
DA:352,0
DA:353,0
DA:354,0
DA:355,0
DA:356,0
DA:357,0
DA:358,0
DA:359,1
DA:362,0
DA:363,0
DA:364,0
DA:365,0
DA:366,0
DA:367,0
DA:368,0
DA:369,0
DA:370,0
DA:371,0
DA:372,0
DA:373,0
DA:374,0
DA:375,0
DA:376,0
DA:383,0
DA:384,0
DA:385,0
DA:386,0
DA:387,0
DA:388,0
DA:389,0
DA:390,0
DA:391,0
DA:392,0
DA:393,0
DA:394,0
DA:395,0
DA:396,0
DA:397,0
DA:398,0
DA:399,0
DA:400,0
DA:401,0
DA:402,0
DA:403,0
DA:404,0
DA:405,0
DA:406,0
DA:407,0
DA:408,0
DA:409,0
DA:410,0
DA:411,0
DA:412,0
DA:413,0
DA:414,0
DA:415,0
DA:416,0
DA:417,0
DA:418,0
DA:419,0
DA:420,0
DA:421,0
DA:422,0
DA:423,0
DA:424,0
DA:431,0
DA:432,0
DA:433,0
DA:434,0
DA:435,0
DA:436,0
DA:437,0
DA:438,0
DA:439,0
DA:440,0
DA:441,0
DA:442,0
DA:443,0
DA:444,0
DA:445,0
DA:446,0
DA:447,0
DA:448,0
DA:449,0
DA:450,0
DA:451,0
DA:452,0
DA:453,0
DA:454,1
DA:461,0
DA:462,0
DA:463,0
DA:464,0
DA:465,0
LF:344
LH:107
end_of_record
TN:
SF:src/alchemy/type-inference.ts
FNF:2
FNH:0
DA:8,52
DA:14,47
DA:15,13
DA:16,13
DA:17,12
DA:18,10
DA:19,11
DA:20,12
DA:21,10
DA:22,3
DA:27,35
DA:28,17
DA:29,46
DA:30,44
DA:31,1
DA:36,0
DA:37,0
DA:38,0
DA:39,0
DA:40,0
DA:41,0
DA:42,0
DA:43,0
DA:44,0
DA:45,0
DA:46,0
DA:47,0
DA:48,0
DA:49,0
DA:50,0
DA:51,0
DA:52,0
DA:53,0
DA:54,0
DA:55,0
DA:56,0
DA:57,0
DA:58,0
DA:59,0
DA:60,0
DA:61,0
DA:62,0
DA:63,0
DA:64,0
DA:65,0
DA:66,0
DA:67,0
DA:68,0
DA:69,0
DA:70,0
DA:71,1
DA:78,0
DA:79,0
DA:80,0
DA:81,0
DA:82,0
DA:83,0
DA:84,0
DA:85,0
DA:86,0
DA:87,0
DA:88,0
DA:89,0
DA:90,0
DA:91,0
DA:92,0
DA:93,0
DA:94,0
DA:95,0
DA:96,0
DA:97,0
DA:98,0
DA:99,0
DA:100,0
DA:101,0
DA:102,0
DA:103,0
DA:104,0
DA:105,0
LF:79
LH:16
end_of_record
TN:
SF:src/compositions/typekro-runtime/index.ts
FNF:1
FNH:1
DA:1,62
LF:1
LH:1
end_of_record
TN:
SF:src/compositions/typekro-runtime/typekro-runtime.ts
FNF:9
FNH:6
DA:1,77
DA:2,71
DA:3,51
DA:4,85
DA:5,67
DA:6,73
DA:7,73
DA:8,91
DA:9,72
DA:10,71
DA:50,22
DA:54,53
DA:62,50
DA:63,69
DA:64,50
DA:66,29
DA:67,5
DA:68,38
DA:69,39
DA:70,27
DA:71,29
DA:72,30
DA:73,2
DA:74,15
DA:75,63
DA:77,42
DA:78,19
DA:79,28
DA:80,8
DA:81,25
DA:82,7
DA:86,39
DA:87,19
DA:88,24
DA:89,8
DA:90,22
DA:91,7
DA:105,16
DA:106,34
DA:107,6
DA:108,26
DA:109,73
DA:110,85
DA:111,44
DA:112,40
DA:113,27
DA:114,34
DA:115,25
DA:120,0
DA:121,0
DA:122,0
DA:123,0
DA:124,0
DA:125,0
DA:126,0
DA:127,0
DA:128,0
DA:129,4
DA:132,7
DA:136,47
DA:139,22
DA:140,28
DA:141,34
DA:142,46
DA:143,21
DA:144,18
DA:145,21
DA:146,7
DA:151,42
DA:152,18
DA:153,30
DA:154,16
DA:155,20
DA:156,55
DA:157,25
DA:158,8
DA:159,20
DA:160,30
DA:161,33
DA:162,8
DA:163,17
DA:164,19
DA:165,27
DA:166,31
DA:167,9
DA:168,7
DA:169,8
DA:170,21
DA:171,24
DA:172,7
DA:178,14
DA:179,16
DA:180,34
DA:181,78
DA:182,8
DA:183,21
DA:184,25
DA:186,20
DA:187,34
DA:188,53
DA:189,7
DA:190,5
DA:191,1
DA:193,1
DA:196,0
DA:197,0
DA:198,0
DA:199,0
DA:200,0
DA:201,0
DA:202,0
DA:203,0
DA:204,0
DA:205,0
DA:206,0
DA:207,0
DA:208,0
DA:209,0
DA:210,0
DA:211,0
DA:212,0
DA:213,1
DA:221,32
DA:222,25
DA:223,20
DA:224,22
DA:225,28
DA:226,31
DA:227,30
DA:228,1
DA:238,27
DA:239,48
DA:241,27
DA:242,32
DA:243,2
DA:245,24
DA:246,17
DA:247,33
DA:248,17
DA:250,52
DA:251,41
DA:252,5
DA:253,6
DA:254,16
DA:255,44
DA:256,26
DA:257,18
DA:258,6
DA:259,51
DA:260,29
DA:261,15
DA:262,30
DA:263,4
DA:264,4
DA:268,10
DA:269,56
DA:270,60
DA:271,26
DA:284,6
DA:285,17
DA:286,17
DA:287,39
DA:288,17
DA:290,52
DA:291,44
DA:292,47
DA:293,5
DA:294,6
DA:295,14
DA:297,9
DA:298,24
DA:299,22
DA:300,23
DA:301,17
DA:302,21
DA:303,23
DA:304,20
DA:305,28
DA:306,35
DA:307,16
DA:308,10
DA:309,76
DA:310,8
DA:312,9
DA:313,28
DA:314,80
DA:315,76
DA:316,8
DA:318,9
DA:319,29
DA:320,40
DA:321,76
DA:322,8
DA:324,9
DA:325,49
DA:326,84
DA:327,76
DA:328,8
DA:330,9
DA:331,41
DA:332,52
DA:333,76
DA:334,8
DA:336,9
DA:337,35
DA:338,48
DA:339,76
DA:340,8
DA:342,9
DA:343,30
DA:344,44
DA:345,76
DA:346,8
DA:348,9
DA:349,48
DA:350,22
DA:351,28
DA:352,29
DA:353,23
DA:354,28
DA:355,17
DA:356,10
DA:357,76
DA:358,8
DA:360,9
DA:361,48
DA:362,22
DA:363,35
DA:364,36
DA:365,30
DA:366,35
DA:367,27
DA:368,39
DA:369,40
DA:370,34
DA:371,39
DA:372,28
DA:373,10
DA:374,39
DA:375,8
DA:377,9
DA:378,46
DA:379,36
DA:380,76
DA:381,8
DA:383,9
DA:384,46
DA:385,70
DA:386,39
DA:387,8
DA:389,9
DA:390,51
DA:391,38
DA:392,76
DA:393,8
DA:395,9
DA:396,51
DA:397,74
DA:398,39
DA:399,8
DA:401,9
DA:402,54
DA:403,56
DA:404,76
DA:405,8
DA:407,9
DA:408,54
DA:409,22
DA:410,29
DA:411,26
DA:412,29
DA:413,33
DA:414,30
DA:415,30
DA:416,10
DA:417,39
DA:418,8
DA:420,9
DA:421,47
DA:422,58
DA:423,76
DA:424,8
DA:426,9
DA:427,47
DA:428,46
DA:429,76
DA:430,8
DA:432,9
DA:433,47
DA:434,22
DA:435,33
DA:436,37
DA:437,42
DA:438,37
DA:439,41
DA:440,43
DA:441,10
DA:442,39
DA:443,8
DA:445,9
DA:446,31
DA:447,83
DA:448,76
DA:449,8
DA:451,9
DA:452,44
DA:453,49
DA:454,66
DA:455,8
DA:457,9
DA:458,37
DA:459,30
DA:460,32
DA:461,8
DA:463,9
DA:464,43
DA:465,30
DA:466,76
DA:467,5
DA:468,3
DA:469,4
LF:321
LH:295
end_of_record
TN:
SF:src/compositions/typekro-runtime/types.ts
FNF:1
FNH:1
DA:1,31
DA:15,41
DA:16,20
DA:17,3
DA:19,43
DA:20,71
DA:21,17
DA:22,26
DA:23,22
DA:24,2
DA:25,2
LF:11
LH:11
end_of_record
TN:
SF:src/core/composition-debugger.ts
FNF:12
FNH:10
DA:12,56
DA:14,69
DA:16,22
DA:17,17
DA:22,6
DA:23,19
DA:24,15
DA:30,6
DA:31,20
DA:32,15
DA:38,0
DA:45,29
DA:46,26
DA:48,45
DA:49,74
DA:50,70
DA:52,26
DA:55,64
DA:61,6
DA:62,20
DA:68,6
DA:69,15
DA:75,0
DA:76,0
DA:77,0
DA:78,0
DA:79,0
DA:80,0
DA:81,0
DA:82,0
DA:83,0
DA:84,0
DA:85,0
DA:86,0
DA:87,0
DA:88,0
DA:89,0
DA:90,0
DA:91,0
DA:92,0
DA:99,1
DA:100,12
DA:101,14
DA:102,13
DA:103,3
DA:104,73
DA:105,17
DA:106,13
DA:107,4
DA:113,21
DA:114,64
DA:115,17
DA:116,4
DA:122,1
DA:123,17
DA:124,15
DA:125,14
DA:126,3
DA:127,63
DA:128,20
DA:129,18
DA:130,14
DA:131,4
DA:137,1
DA:138,17
DA:139,14
DA:140,18
DA:141,8
DA:142,3
DA:143,71
DA:144,20
DA:145,54
DA:146,8
DA:147,4
DA:153,1
DA:154,7
DA:155,11
DA:156,9
DA:157,19
DA:158,3
DA:159,39
DA:160,63
DA:161,16
DA:162,19
DA:163,5
DA:170,37
DA:171,18
DA:172,19
DA:173,17
DA:174,6
DA:175,15
DA:176,17
DA:177,21
DA:178,26
DA:179,22
DA:180,20
DA:181,22
DA:182,22
DA:183,1
LF:99
LH:80
end_of_record
TN:
SF:src/core/composition/context.ts
FNF:11
FNH:10
DA:14,53
DA:142,50
DA:154,53
DA:163,11
DA:164,50
DA:171,13
DA:172,44
DA:179,11
DA:180,38
DA:189,22
DA:190,44
DA:201,6
DA:202,16
DA:203,6
DA:204,3
DA:205,49
DA:207,17
DA:208,37
DA:209,54
DA:210,43
DA:211,14
DA:212,2
DA:215,24
DA:224,6
DA:225,6
DA:226,16
DA:227,3
DA:228,22
DA:230,12
DA:231,18
DA:232,17
DA:233,23
DA:234,22
DA:235,34
DA:236,25
DA:237,35
DA:238,34
DA:239,49
DA:240,46
DA:241,22
DA:242,68
DA:244,47
DA:245,35
DA:246,50
DA:247,15
DA:248,44
DA:251,21
DA:252,36
DA:254,34
DA:255,57
DA:257,0
DA:258,4
DA:260,21
DA:261,37
DA:262,47
DA:264,1
LF:56
LH:55
end_of_record
TN:
SF:src/core/composition/imperative.ts
FNF:47
FNH:39
DA:10,130
DA:17,104
DA:20,78
DA:23,65
DA:24,118
DA:29,84
DA:30,57
DA:31,59
DA:47,129
DA:53,52
DA:55,143
DA:66,60
DA:76,6
DA:77,8
DA:78,17
DA:79,15
DA:80,34
DA:81,3
DA:82,29
DA:83,56
DA:84,2
DA:85,87
DA:88,1
DA:89,21
DA:90,8
DA:91,3
DA:92,78
DA:93,44
DA:94,91
DA:95,4
DA:97,42
DA:98,32
DA:99,37
DA:100,0
DA:101,6
DA:103,31
DA:104,53
DA:105,61
DA:106,0
DA:107,8
DA:109,96
DA:110,51
DA:111,72
DA:112,18
DA:113,8
DA:115,52
DA:118,2
DA:121,1
DA:122,7
DA:123,17
DA:124,15
DA:125,3
DA:126,4
DA:127,21
DA:128,9
DA:129,29
DA:130,39
DA:131,5
DA:132,22
DA:133,15
DA:134,2
DA:136,69
DA:137,31
DA:138,0
DA:139,53
DA:140,65
DA:141,5
DA:142,15
DA:143,2
DA:145,69
DA:146,15
DA:147,2
DA:149,54
DA:150,85
DA:151,2
DA:153,15
DA:156,20
DA:157,32
DA:158,0
DA:159,0
DA:160,2
DA:162,38
DA:163,67
DA:164,8
DA:166,28
DA:167,34
DA:168,0
DA:169,0
DA:170,0
DA:171,0
DA:172,0
DA:173,0
DA:174,0
DA:177,1
DA:178,15
DA:179,15
DA:180,3
DA:181,22
DA:183,74
DA:184,70
DA:185,28
DA:186,0
DA:187,2
DA:188,2
DA:190,16
DA:193,11
DA:194,40
DA:200,11
DA:201,41
DA:208,11
DA:209,42
DA:215,11
DA:216,38
DA:223,0
DA:224,0
DA:225,0
DA:226,0
DA:227,0
DA:228,0
DA:229,0
DA:230,0
DA:231,0
DA:232,0
DA:233,0
DA:234,0
DA:235,0
DA:236,0
DA:237,0
DA:238,0
DA:239,0
DA:240,0
DA:241,0
DA:242,0
DA:243,0
DA:244,0
DA:245,0
DA:246,0
DA:247,0
DA:248,0
DA:249,0
DA:250,0
DA:251,0
DA:252,0
DA:253,0
DA:254,0
DA:255,0
DA:256,0
DA:257,0
DA:258,0
DA:259,0
DA:260,0
DA:261,0
DA:262,0
DA:263,0
DA:264,0
DA:265,0
DA:266,0
DA:267,0
DA:268,0
DA:269,0
DA:270,0
DA:271,0
DA:272,0
DA:273,0
DA:274,0
DA:275,0
DA:276,0
DA:277,0
DA:278,0
DA:279,0
DA:280,0
DA:281,0
DA:282,0
DA:283,0
DA:284,0
DA:285,0
DA:286,0
DA:287,0
DA:294,0
DA:295,0
DA:296,0
DA:297,0
DA:298,0
DA:299,0
DA:300,0
DA:301,0
DA:302,0
DA:303,0
DA:304,0
DA:305,0
DA:306,0
DA:307,0
DA:314,0
DA:315,0
DA:316,0
DA:317,0
DA:318,0
DA:319,0
DA:320,0
DA:321,0
DA:322,0
DA:323,0
DA:324,0
DA:325,0
DA:326,0
DA:327,0
DA:349,1
DA:350,12
DA:351,15
DA:352,9
DA:353,15
DA:354,6
DA:355,17
DA:356,3
DA:357,24
DA:358,22
DA:359,60
DA:360,4
DA:374,91
DA:375,79
DA:376,60
DA:377,20
DA:378,5
DA:383,68
DA:390,33
DA:391,43
DA:392,55
DA:393,2
DA:394,35
DA:395,48
DA:397,68
DA:398,70
DA:399,29
DA:400,6
DA:401,4
DA:402,2
DA:410,47
DA:411,69
DA:412,20
DA:417,41
DA:418,16
DA:419,46
DA:420,12
DA:421,1
DA:422,4
DA:423,30
DA:424,12
DA:425,15
DA:426,9
DA:427,18
DA:428,21
DA:429,4
DA:430,1
DA:431,4
DA:436,25
DA:437,0
DA:438,0
DA:439,0
DA:440,0
DA:441,2
DA:445,45
DA:446,47
DA:447,2
DA:448,49
DA:458,45
DA:459,47
DA:460,2
DA:461,64
DA:463,53
DA:464,55
DA:465,2
DA:466,47
DA:467,8
DA:468,10
DA:469,4
DA:471,51
DA:472,53
DA:473,2
DA:474,45
DA:475,8
DA:476,26
DA:477,4
DA:479,61
DA:480,52
DA:481,56
DA:482,58
DA:483,4
DA:484,78
DA:485,2
DA:487,41
DA:488,0
DA:489,2
DA:490,46
DA:491,117
DA:492,73
DA:493,2
DA:496,71
DA:497,77
DA:500,36
DA:501,85
DA:502,107
DA:503,43
DA:504,51
DA:506,80
DA:507,51
DA:508,28
DA:509,77
DA:511,76
DA:514,61
DA:515,17
DA:516,16
DA:517,13
DA:518,46
DA:519,70
DA:520,0
DA:521,8
DA:523,21
DA:524,21
DA:525,28
DA:526,8
DA:527,23
DA:528,15
DA:529,44
DA:530,9
DA:531,1
DA:532,1
DA:533,6
DA:534,4
DA:536,44
DA:537,56
DA:538,40
DA:539,2
DA:541,77
DA:542,0
DA:543,0
DA:544,2
DA:546,24
DA:547,22
DA:548,175
DA:549,4
DA:565,48
DA:568,66
DA:569,66
DA:570,34
DA:571,12
DA:572,35
DA:573,26
DA:574,37
DA:575,1
DA:576,1
DA:577,4
DA:578,72
DA:579,34
DA:580,2
DA:581,27
DA:582,51
DA:583,13
DA:584,47
DA:585,24
DA:586,79
DA:587,30
DA:588,2
DA:605,82
DA:606,45
DA:607,54
DA:608,99
DA:609,59
DA:610,4
DA:611,2
DA:612,2
DA:618,47
DA:619,82
DA:620,67
DA:621,68
DA:622,4
DA:623,2
DA:624,2
DA:626,55
DA:627,48
DA:628,0
DA:629,4
DA:630,98
DA:631,74
DA:632,83
DA:633,4
DA:634,2
DA:635,2
DA:637,53
DA:638,46
DA:639,0
DA:640,4
DA:641,95
DA:642,72
DA:643,80
DA:644,4
DA:645,2
DA:646,2
DA:648,102
DA:649,49
DA:650,0
DA:651,4
DA:652,97
DA:653,86
DA:654,82
DA:655,37
DA:656,0
DA:657,4
DA:658,2
DA:659,2
DA:661,47
DA:662,71
DA:663,57
DA:664,2
DA:665,2
DA:667,48
DA:668,87
DA:669,68
DA:670,73
DA:671,4
DA:672,2
DA:673,2
DA:675,47
DA:676,40
DA:677,0
DA:678,4
DA:679,70
DA:680,0
DA:681,0
DA:682,0
DA:683,2
DA:684,2
DA:694,40
DA:695,36
DA:696,9
DA:697,18
DA:698,29
DA:699,21
DA:700,40
DA:701,3
DA:702,52
DA:703,41
DA:704,31
DA:705,4
DA:711,67
DA:712,40
DA:713,28
DA:714,0
DA:715,0
DA:716,0
DA:717,0
DA:718,0
DA:719,6
DA:722,71
DA:723,80
DA:724,38
DA:729,33
DA:730,8
DA:731,21
DA:732,25
DA:733,42
DA:734,8
DA:735,63
DA:736,33
DA:739,16
DA:740,40
DA:741,68
DA:742,0
DA:743,6
DA:744,24
DA:751,53
DA:752,0
DA:753,0
DA:754,0
DA:755,0
DA:756,0
DA:757,0
DA:758,6
DA:761,69
DA:764,34
DA:765,39
DA:766,58
DA:768,37
DA:770,22
DA:771,24
DA:772,17
DA:773,5
DA:775,33
DA:783,45
DA:784,23
DA:785,15
DA:786,14
DA:787,22
DA:788,2
DA:820,25
DA:821,64
DA:822,28
DA:823,2
DA:825,4
DA:826,21
DA:827,32
DA:828,22
DA:829,30
DA:830,5
DA:831,28
DA:832,2
DA:834,34
DA:835,82
DA:836,28
DA:837,4
DA:839,28
DA:840,16
DA:841,82
DA:842,9
DA:843,4
DA:844,22
DA:846,84
DA:847,93
DA:848,74
DA:849,4
DA:851,13
DA:852,0
DA:854,0
DA:855,0
DA:856,0
DA:857,0
DA:859,0
DA:860,0
DA:861,0
DA:863,0
DA:894,1
DA:895,12
DA:896,10
DA:897,22
DA:898,3
DA:899,22
DA:900,32
DA:901,15
DA:902,24
DA:903,27
DA:904,4
DA:910,70
DA:912,30
DA:913,22
DA:919,46
DA:920,0
DA:921,6
DA:922,41
DA:923,52
DA:924,6
DA:927,34
DA:928,67
DA:929,21
DA:931,25
DA:932,19
DA:933,6
DA:937,38
DA:940,37
DA:941,53
DA:942,65
DA:943,63
DA:944,23
DA:945,8
DA:946,8
DA:948,62
DA:949,67
DA:950,0
DA:952,2
DA:954,2
DA:964,1
DA:965,17
DA:966,15
DA:967,15
DA:968,32
DA:969,3
DA:975,49
DA:976,58
DA:977,2
DA:982,32
DA:983,29
DA:984,4
DA:985,4
DA:986,2
DA:992,32
DA:997,1
DA:998,12
DA:999,15
DA:1000,9
DA:1001,9
DA:1002,17
DA:1003,12
DA:1004,3
DA:1005,31
DA:1008,21
DA:1010,9
DA:1011,61
DA:1014,52
DA:1015,43
DA:1016,51
DA:1019,55
DA:1020,91
DA:1023,31
DA:1024,11
DA:1026,19
DA:1027,13
DA:1028,87
DA:1031,56
DA:1032,47
DA:1033,55
DA:1036,59
DA:1037,99
DA:1040,46
DA:1050,52
DA:1051,29
DA:1052,26
DA:1053,63
DA:1062,78
DA:1063,69
DA:1077,40
DA:1078,79
DA:1079,51
DA:1080,44
DA:1081,8
DA:1082,8
DA:1083,60
DA:1084,46
DA:1085,26
DA:1086,30
DA:1087,20
DA:1088,12
DA:1089,74
DA:1090,56
DA:1093,59
DA:1094,10
DA:1095,79
DA:1096,8
DA:1103,85
DA:1104,92
DA:1105,8
DA:1107,101
DA:1108,108
DA:1109,8
DA:1111,97
DA:1112,104
DA:1113,8
DA:1115,103
DA:1116,110
DA:1117,8
DA:1119,44
DA:1120,42
DA:1121,21
DA:1122,20
DA:1123,18
DA:1124,11
DA:1125,63
DA:1126,58
DA:1127,1
DA:1128,10
DA:1132,28
DA:1135,74
DA:1136,32
DA:1137,8
DA:1142,72
DA:1143,31
DA:1144,8
DA:1146,16
DA:1147,23
DA:1148,52
DA:1149,73
DA:1150,17
DA:1151,21
DA:1152,24
DA:1153,15
DA:1154,25
DA:1155,18
DA:1156,2
DA:1160,1
DA:1161,9
DA:1162,15
DA:1163,7
DA:1164,13
DA:1165,88
DA:1171,92
DA:1175,20
DA:1176,0
DA:1177,0
DA:1178,0
DA:1179,0
DA:1180,0
DA:1181,8
DA:1182,21
DA:1183,0
DA:1184,0
DA:1185,0
DA:1186,0
DA:1188,0
DA:1189,0
DA:1190,0
DA:1191,0
DA:1192,0
DA:1193,0
DA:1194,2
DA:1197,7
DA:1198,6
DA:1201,54
DA:1202,49
DA:1203,30
DA:1204,25
DA:1205,27
DA:1206,20
DA:1207,7
DA:1208,4
DA:1210,31
DA:1211,68
DA:1213,38
DA:1214,17
DA:1215,78
DA:1216,12
DA:1217,6
DA:1219,90
DA:1220,59
DA:1221,57
DA:1222,41
DA:1223,7
DA:1227,11
DA:1228,57
DA:1229,29
DA:1230,24
DA:1231,26
DA:1232,24
DA:1233,9
DA:1234,54
DA:1235,26
DA:1236,24
DA:1237,26
DA:1238,24
DA:1239,9
DA:1240,51
DA:1241,29
DA:1242,24
DA:1243,26
DA:1244,24
DA:1245,9
DA:1246,51
DA:1247,23
DA:1248,24
DA:1249,26
DA:1250,24
DA:1251,9
DA:1252,64
DA:1253,94
DA:1254,24
DA:1255,26
DA:1256,24
DA:1257,9
DA:1258,59
DA:1259,31
DA:1260,24
DA:1261,26
DA:1262,24
DA:1263,8
DA:1264,21
DA:1266,78
DA:1267,26
DA:1268,11
DA:1271,14
DA:1272,19
DA:1273,31
DA:1274,91
DA:1275,37
DA:1276,7
DA:1278,54
DA:1279,11
DA:1280,0
DA:1282,0
DA:1283,0
DA:1284,0
DA:1285,0
DA:1286,0
DA:1287,0
DA:1288,1
DA:1331,5
DA:1334,1
DA:1335,12
DA:1336,15
DA:1337,9
DA:1338,3
DA:1339,67
DA:1342,55
DA:1344,18
DA:1357,0
DA:1358,0
DA:1359,0
DA:1360,0
DA:1361,0
DA:1362,0
DA:1363,0
DA:1364,0
DA:1365,0
DA:1371,0
DA:1372,0
DA:1373,0
DA:1374,0
DA:1375,0
DA:1376,0
DA:1377,0
DA:1378,0
DA:1379,0
DA:1380,0
DA:1393,0
DA:1394,0
DA:1395,0
DA:1396,0
DA:1397,0
DA:1398,0
DA:1399,0
DA:1400,0
DA:1409,0
DA:1410,0
DA:1411,0
DA:1412,0
DA:1413,0
DA:1414,0
DA:1415,0
DA:1416,0
DA:1419,0
DA:1420,0
DA:1421,0
DA:1422,0
DA:1423,0
DA:1424,0
DA:1428,0
DA:1429,0
DA:1430,0
DA:1431,0
DA:1432,0
DA:1433,0
DA:1434,0
DA:1436,0
DA:1437,0
DA:1438,0
DA:1439,0
DA:1441,0
DA:1442,2
DA:1445,83
DA:1446,66
DA:1447,60
DA:1448,30
DA:1449,12
DA:1450,15
DA:1451,9
DA:1452,9
DA:1453,23
DA:1454,9
DA:1455,1
DA:1456,4
DA:1459,42
DA:1461,64
DA:1463,32
DA:1466,40
DA:1467,12
DA:1468,15
DA:1469,9
DA:1470,22
DA:1471,6
DA:1472,15
DA:1473,1
DA:1474,4
DA:1477,88
DA:1478,70
DA:1479,70
DA:1480,30
DA:1481,12
DA:1482,15
DA:1483,9
DA:1484,13
DA:1485,21
DA:1486,4
DA:1487,1
DA:1488,6
DA:1493,15
DA:1494,38
DA:1495,11
DA:1496,67
DA:1497,43
DA:1498,37
DA:1499,4
DA:1503,36
DA:1507,70
DA:1508,32
DA:1510,41
DA:1511,6
DA:1512,6
DA:1515,28
DA:1516,42
DA:1517,6
DA:1521,44
DA:1525,22
DA:1527,34
DA:1528,47
DA:1532,16
DA:1533,49
DA:1534,49
DA:1536,58
DA:1537,35
DA:1538,5
DA:1542,22
DA:1544,32
DA:1545,0
DA:1546,6
DA:1549,72
DA:1550,24
DA:1551,17
DA:1552,0
DA:1555,2
DA:1557,5
DA:1562,58
DA:1563,68
DA:1564,22
DA:1565,64
DA:1566,2
DA:1567,2
DA:1571,58
DA:1572,66
DA:1573,21
DA:1574,24
DA:1575,17
DA:1576,5
DA:1579,76
DA:1580,16
DA:1581,22
DA:1582,24
DA:1583,17
DA:1584,5
DA:1588,58
DA:1589,16
DA:1590,21
DA:1591,45
DA:1592,27
DA:1593,6
DA:1594,15
DA:1596,22
DA:1597,24
DA:1598,17
DA:1599,5
DA:1601,33
LF:945
LH:723
end_of_record
TN:
SF:src/core/composition/nested-status-cel.ts
FNF:35
FNH:33
DA:17,57
DA:18,93
DA:19,60
DA:21,55
DA:38,6
DA:39,5
DA:40,5
DA:41,17
DA:42,19
DA:43,3
DA:44,56
DA:45,44
DA:47,65
DA:49,34
DA:50,88
DA:51,21
DA:52,59
DA:53,6
DA:55,63
DA:56,2
DA:57,15
DA:58,41
DA:59,50
DA:60,47
DA:61,23
DA:62,6
DA:63,5
DA:64,25
DA:65,52
DA:66,9
DA:67,6
DA:68,8
DA:69,8
DA:70,4
DA:73,46
DA:74,34
DA:75,51
DA:76,18
DA:77,41
DA:78,13
DA:79,33
DA:80,29
DA:81,40
DA:83,54
DA:84,26
DA:85,44
DA:86,11
DA:87,15
DA:89,72
DA:90,8
DA:91,4
DA:94,81
DA:95,22
DA:97,55
DA:98,1
DA:101,1
DA:102,11
DA:103,9
DA:104,5
DA:105,3
DA:106,92
DA:107,78
DA:108,21
DA:110,58
DA:111,38
DA:114,11
DA:115,7
DA:116,11
DA:117,29
DA:118,25
DA:119,28
DA:120,32
DA:124,1
DA:125,7
DA:126,16
DA:127,3
DA:128,64
DA:129,94
DA:131,55
DA:132,30
DA:133,2
DA:135,34
DA:136,0
DA:137,0
DA:138,0
DA:139,0
DA:140,2
DA:142,6
DA:166,27
DA:167,69
DA:168,23
DA:169,2
DA:170,4
DA:171,9
DA:172,29
DA:173,30
DA:174,5
DA:175,22
DA:176,43
DA:177,2
DA:178,25
DA:179,0
DA:180,2
DA:181,42
DA:182,78
DA:183,38
DA:184,39
DA:185,33
DA:186,80
DA:187,56
DA:188,6
DA:189,61
DA:190,32
DA:191,0
DA:192,2
DA:193,35
DA:194,69
DA:195,2
DA:196,35
DA:199,63
DA:200,0
DA:201,4
DA:202,20
DA:203,2
DA:204,36
DA:209,66
DA:210,32
DA:211,4
DA:212,20
DA:213,2
DA:214,19
DA:215,0
DA:216,2
DA:218,45
DA:219,32
DA:220,2
DA:221,6
DA:224,11
DA:225,80
DA:226,45
DA:227,90
DA:228,80
DA:229,67
DA:230,67
DA:231,12
DA:235,20
DA:236,7
DA:237,20
DA:238,38
DA:239,34
DA:240,46
DA:254,6
DA:255,9
DA:256,18
DA:257,19
DA:258,3
DA:259,61
DA:260,38
DA:261,64
DA:263,36
DA:264,46
DA:265,33
DA:266,71
DA:268,35
DA:269,53
DA:272,54
DA:273,40
DA:274,59
DA:275,6
DA:276,41
DA:281,41
DA:282,26
DA:283,4
DA:286,45
DA:287,8
DA:288,86
DA:289,39
DA:290,66
DA:291,6
DA:292,63
DA:296,59
DA:297,44
DA:298,104
DA:299,63
DA:300,22
DA:301,6
DA:302,53
DA:303,44
DA:304,87
DA:305,6
DA:306,63
DA:309,64
DA:310,69
DA:311,21
DA:312,57
DA:313,38
DA:314,7
DA:315,13
DA:316,72
DA:317,21
DA:318,25
DA:319,38
DA:320,11
DA:322,9
DA:325,39
DA:326,37
DA:327,29
DA:328,41
DA:329,49
DA:331,4
DA:333,30
DA:334,54
DA:335,31
DA:336,41
DA:337,62
DA:339,1
DA:342,13
DA:343,28
DA:344,96
DA:345,57
DA:346,43
DA:347,2
DA:348,17
DA:380,6
DA:381,21
DA:382,22
DA:383,3
DA:384,26
DA:385,66
DA:386,19
DA:387,2
DA:390,32
DA:391,47
DA:392,44
DA:393,46
DA:394,21
DA:395,31
DA:396,2
DA:397,49
DA:398,29
DA:399,57
DA:400,57
DA:401,18
DA:402,6
DA:403,35
DA:404,2
DA:406,53
DA:407,67
DA:408,20
DA:411,39
DA:412,89
DA:413,67
DA:414,38
DA:415,39
DA:416,61
DA:417,69
DA:418,66
DA:419,37
DA:420,51
DA:421,2
DA:423,63
DA:424,59
DA:425,68
DA:427,73
DA:428,29
DA:429,3
DA:430,65
DA:431,6
DA:433,64
DA:434,13
DA:435,71
DA:437,67
DA:450,22
DA:451,140
DA:452,65
DA:453,25
DA:454,29
DA:455,46
DA:456,56
DA:457,34
DA:463,34
DA:464,75
DA:468,55
DA:470,62
DA:471,79
DA:472,66
DA:473,29
DA:475,33
DA:476,2
DA:483,33
DA:484,164
DA:485,76
DA:486,39
DA:487,29
DA:488,34
DA:489,56
DA:490,34
DA:491,57
DA:493,62
DA:494,79
DA:495,66
DA:496,29
DA:498,35
DA:499,2
DA:501,20
DA:504,6
DA:505,21
DA:506,22
DA:507,18
DA:508,3
DA:509,21
DA:510,56
DA:511,21
DA:512,20
DA:513,4
DA:515,66
DA:516,54
DA:517,67
DA:518,56
DA:519,56
DA:520,64
DA:521,93
DA:522,32
DA:523,4
DA:524,2
DA:525,2
DA:539,69
DA:540,30
DA:541,4
DA:542,66
DA:543,13
DA:544,128
DA:545,7
DA:546,86
DA:547,52
DA:548,1
DA:549,4
DA:550,2
DA:552,15
DA:564,6
DA:565,9
DA:566,18
DA:567,3
DA:568,59
DA:569,56
DA:570,14
DA:571,2
DA:573,83
DA:574,69
DA:575,78
DA:576,37
DA:577,7
DA:578,6
DA:579,2
DA:581,44
DA:582,27
DA:583,56
DA:584,49
DA:585,29
DA:586,42
DA:588,48
DA:589,96
DA:590,10
DA:591,0
DA:592,13
DA:593,86
DA:594,26
DA:595,25
DA:596,39
DA:597,9
DA:599,2
DA:601,52
LF:372
LH:363
end_of_record
TN:
SF:src/core/config/defaults.ts
FNF:1
FNH:1
DA:14,49
DA:17,47
DA:20,41
DA:23,51
DA:30,47
DA:33,51
DA:36,49
DA:39,50
DA:42,50
DA:49,37
DA:52,45
DA:55,44
DA:58,45
DA:61,49
DA:68,42
DA:71,47
DA:74,49
DA:77,48
DA:84,46
DA:87,51
DA:90,44
DA:97,48
DA:100,47
DA:103,52
DA:110,48
DA:113,49
DA:116,51
DA:119,47
DA:122,48
DA:125,43
DA:128,55
DA:131,51
DA:138,46
DA:141,46
DA:144,43
DA:151,51
DA:154,48
DA:161,52
DA:173,54
DA:174,23
DA:175,3
DA:182,46
DA:185,45
DA:192,53
DA:195,53
DA:198,47
DA:205,54
DA:208,45
LF:48
LH:48
end_of_record
TN:
SF:src/core/config/env.ts
FNF:2
FNH:2
DA:10,11
DA:11,72
DA:15,11
DA:16,43
LF:4
LH:4
end_of_record
TN:
SF:src/core/config/index.ts
FNF:1
FNH:1
DA:1,30
DA:2,57
LF:2
LH:2
end_of_record
TN:
SF:src/core/constants/brands.ts
FNF:1
FNH:1
DA:8,374
LF:1
LH:1
end_of_record
TN:
SF:src/core/containers/build.ts
FNF:7
FNH:6
DA:34,37
DA:35,43
DA:36,42
DA:37,57
DA:38,50
DA:39,80
DA:40,56
DA:43,53
DA:51,17
DA:52,31
DA:53,11
DA:54,12
DA:55,30
DA:56,14
DA:57,13
DA:58,14
DA:59,11
DA:60,18
DA:61,21
DA:62,25
DA:63,30
DA:64,10
DA:67,39
DA:68,34
DA:69,30
DA:70,53
DA:71,19
DA:72,67
DA:73,1
DA:74,2
DA:76,55
DA:77,37
DA:78,30
DA:79,43
DA:80,22
DA:81,103
DA:82,1
DA:83,2
DA:87,63
DA:88,30
DA:89,157
DA:90,22
DA:91,64
DA:92,1
DA:93,0
DA:95,0
DA:96,0
DA:97,0
DA:100,0
DA:101,0
DA:102,0
DA:103,0
DA:105,0
DA:108,0
DA:111,0
DA:114,0
DA:117,0
DA:120,0
DA:121,0
DA:122,0
DA:124,0
DA:125,0
DA:126,0
DA:127,0
DA:128,0
DA:129,0
DA:130,0
DA:131,0
DA:132,0
DA:133,0
DA:135,0
DA:138,0
DA:140,0
DA:141,0
DA:143,1
DA:154,37
DA:155,48
DA:158,65
DA:159,23
DA:160,2
DA:163,50
DA:164,22
DA:166,35
DA:167,62
DA:168,38
DA:169,61
DA:170,19
DA:171,2
DA:178,19
DA:182,36
DA:183,83
DA:184,35
DA:185,72
DA:188,82
DA:189,33
DA:190,57
DA:191,34
DA:193,31
DA:194,5
DA:195,6
DA:197,24
DA:198,15
DA:200,30
DA:201,24
DA:202,11
DA:203,64
DA:204,42
DA:205,27
DA:206,4
DA:207,0
DA:210,0
DA:211,0
DA:212,0
DA:213,2
DA:215,2
DA:217,36
DA:218,33
LF:117
LH:83
end_of_record
TN:
SF:src/core/containers/errors.ts
FNF:6
FNH:6
DA:8,13
DA:9,18
DA:10,12
DA:11,107
DA:12,14
DA:13,10
DA:14,143
DA:15,90
DA:18,46
DA:19,62
DA:20,107
DA:21,48
DA:22,14
DA:23,78
DA:24,122
DA:25,146
DA:26,2
DA:27,23
DA:30,59
DA:31,62
DA:32,148
DA:33,32
DA:34,14
DA:35,96
DA:36,124
DA:37,114
DA:38,2
DA:39,23
DA:42,56
DA:43,62
DA:44,96
DA:45,30
DA:46,14
DA:47,94
DA:48,142
DA:49,114
DA:50,6
DA:51,10
DA:52,23
DA:55,39
DA:56,62
DA:57,94
DA:58,38
DA:59,14
DA:60,120
DA:61,122
DA:62,114
DA:63,134
DA:64,6
DA:65,10
DA:66,23
DA:69,44
DA:70,62
DA:71,102
DA:72,52
DA:73,14
DA:74,90
DA:75,132
DA:76,2
DA:77,8
DA:79,1
LF:61
LH:61
end_of_record
TN:
SF:src/core/containers/exec.ts
FNF:3
FNH:1
DA:8,57
DA:9,50
DA:11,52
DA:14,55
DA:35,20
DA:36,58
DA:37,42
DA:38,30
DA:39,77
DA:40,21
DA:41,111
DA:42,1
DA:43,4
DA:44,59
DA:45,30
DA:46,95
DA:47,21
DA:48,42
DA:49,1
DA:50,2
DA:51,2
DA:60,0
DA:61,0
DA:62,0
DA:63,0
DA:64,0
DA:65,0
DA:66,0
DA:67,0
DA:68,0
DA:69,0
DA:70,0
DA:71,0
DA:72,0
DA:73,0
DA:74,0
DA:75,0
DA:76,0
DA:77,0
DA:78,0
DA:79,0
DA:80,0
DA:81,0
DA:82,0
DA:83,0
DA:84,0
DA:85,0
DA:86,0
DA:87,0
DA:88,0
DA:89,0
DA:90,0
DA:91,0
DA:92,0
DA:93,0
DA:94,0
DA:95,0
DA:96,0
DA:97,0
DA:98,0
DA:99,0
DA:100,0
DA:101,0
DA:102,0
DA:103,0
DA:104,0
DA:105,0
DA:106,0
DA:107,0
DA:108,0
DA:109,0
DA:110,0
DA:111,0
DA:112,0
DA:113,0
DA:114,0
DA:115,0
DA:116,0
DA:117,0
DA:118,0
DA:119,0
DA:120,0
DA:121,0
DA:122,0
DA:123,0
DA:124,0
DA:125,0
DA:126,0
DA:127,0
DA:128,1
DA:134,0
DA:135,0
DA:136,0
DA:137,0
DA:138,0
DA:139,0
DA:140,0
DA:141,0
DA:142,0
DA:143,0
DA:144,0
DA:145,0
DA:146,0
DA:147,0
DA:148,0
DA:149,0
DA:150,0
DA:151,0
DA:152,0
DA:153,0
DA:154,0
LF:111
LH:22
end_of_record
TN:
SF:src/core/containers/registries/ecr.ts
FNF:8
FNH:5
DA:9,270
DA:15,148
DA:16,140
DA:18,120
DA:19,102
DA:20,80
DA:23,119
DA:29,1
DA:31,89
DA:32,78
DA:33,52
DA:34,68
DA:35,32
DA:36,156
DA:37,76
DA:38,68
DA:39,80
DA:40,19
DA:43,59
DA:44,96
DA:45,0
DA:46,0
DA:47,0
DA:48,0
DA:49,0
DA:50,0
DA:51,0
DA:52,0
DA:53,0
DA:54,0
DA:55,0
DA:56,0
DA:57,0
DA:58,0
DA:59,0
DA:60,0
DA:61,0
DA:62,0
DA:63,0
DA:64,0
DA:65,0
DA:66,0
DA:67,0
DA:68,0
DA:69,0
DA:70,0
DA:71,0
DA:72,0
DA:73,0
DA:74,0
DA:75,0
DA:76,0
DA:77,0
DA:78,0
DA:79,0
DA:80,0
DA:81,0
DA:82,0
DA:83,0
DA:84,0
DA:85,0
DA:86,0
DA:87,0
DA:88,0
DA:89,0
DA:90,0
DA:91,0
DA:92,0
DA:93,18
DA:97,28
DA:98,124
DA:99,67
DA:101,11
DA:102,35
DA:103,36
DA:104,42
DA:105,9
DA:106,72
DA:107,82
DA:108,48
DA:109,30
DA:110,21
DA:111,40
DA:112,10
DA:113,104
DA:114,56
DA:115,1
DA:116,0
DA:117,0
DA:118,0
DA:119,0
DA:120,0
DA:121,0
DA:122,0
DA:123,0
DA:124,0
DA:125,0
DA:126,0
DA:127,0
DA:128,0
DA:129,0
DA:130,0
DA:131,0
DA:132,0
DA:133,0
DA:134,0
DA:135,0
DA:136,19
DA:140,2
LF:109
LH:41
end_of_record
TN:
SF:src/core/containers/registries/index.ts
FNF:1
FNH:1
DA:7,51
DA:8,46
DA:9,56
DA:12,17
DA:13,30
DA:14,17
DA:15,39
DA:16,12
DA:17,42
DA:18,12
DA:19,58
DA:20,12
DA:21,53
DA:23,0
LF:14
LH:13
end_of_record
TN:
SF:src/core/containers/registries/orbstack.ts
FNF:4
FNH:3
DA:9,60
DA:12,64
DA:14,23
DA:15,22
DA:16,29
DA:19,8
DA:21,63
DA:24,29
DA:26,90
DA:27,13
DA:29,1
LF:11
LH:11
end_of_record
TN:
SF:src/core/dependencies/graph.ts
FNF:20
FNH:19
DA:8,137
DA:12,47
DA:13,35
DA:18,27
DA:19,57
DA:25,47
DA:26,61
DA:27,46
DA:28,118
DA:29,48
DA:30,28
DA:31,7
DA:32,9
DA:34,52
DA:35,18
DA:36,30
DA:37,56
DA:38,46
DA:39,14
DA:47,73
DA:48,100
DA:49,104
DA:51,45
DA:52,46
DA:53,108
DA:54,48
DA:55,84
DA:56,7
DA:57,9
DA:58,47
DA:59,46
DA:60,112
DA:61,48
DA:62,88
DA:63,7
DA:64,9
DA:66,90
DA:67,86
DA:73,24
DA:74,59
DA:80,27
DA:81,57
DA:87,35
DA:88,72
DA:89,97
DA:95,33
DA:96,72
DA:97,93
DA:103,25
DA:104,22
DA:105,66
DA:106,32
DA:107,42
DA:108,106
DA:115,26
DA:116,56
DA:117,70
DA:118,44
DA:120,73
DA:121,81
DA:123,96
DA:124,118
DA:125,19
DA:126,13
DA:128,58
DA:129,13
DA:130,13
DA:132,52
DA:133,66
DA:134,48
DA:136,84
DA:137,37
DA:138,113
DA:139,74
DA:140,13
DA:141,13
DA:143,72
DA:144,41
DA:147,93
DA:148,69
DA:149,44
DA:150,9
DA:151,9
DA:153,33
DA:160,35
DA:161,58
DA:162,42
DA:163,44
DA:166,95
DA:167,102
DA:168,85
DA:169,50
DA:170,9
DA:171,9
DA:174,63
DA:175,70
DA:176,62
DA:177,52
DA:179,84
DA:180,64
DA:181,103
DA:182,116
DA:183,120
DA:184,96
DA:185,94
DA:187,67
DA:188,64
DA:189,13
DA:190,9
DA:191,9
DA:194,91
DA:195,78
DA:196,72
DA:197,124
DA:198,175
DA:199,9
DA:201,33
DA:207,28
DA:208,80
DA:209,102
DA:210,45
DA:216,28
DA:217,80
DA:218,98
DA:219,45
DA:225,21
DA:226,78
DA:229,87
DA:230,76
DA:231,9
DA:234,87
DA:235,109
DA:236,78
DA:237,9
DA:238,9
DA:240,33
DA:246,41
DA:247,82
DA:248,78
DA:251,73
DA:252,84
DA:253,37
DA:254,92
DA:255,9
DA:256,9
DA:259,73
DA:260,84
DA:261,37
DA:262,113
DA:263,91
DA:264,98
DA:265,17
DA:266,13
DA:267,9
DA:268,9
DA:270,36
DA:272,2
LF:157
LH:157
end_of_record
TN:
SF:src/core/dependencies/index.ts
FNF:1
FNH:1
DA:8,45
DA:10,50
LF:2
LH:2
end_of_record
TN:
SF:src/core/dependencies/resolver.ts
FNF:29
FNH:26
DA:8,141
DA:9,186
DA:10,138
DA:11,114
DA:12,142
DA:15,90
DA:17,68
DA:18,120
DA:20,252
DA:21,233
DA:26,22
DA:27,22
DA:28,10
DA:29,76
DA:35,80
DA:36,81
DA:37,86
DA:39,98
DA:40,109
DA:41,110
DA:42,9
DA:43,9
DA:46,81
DA:47,116
DA:49,77
DA:51,95
DA:53,97
DA:54,33
DA:55,99
DA:57,53
DA:58,38
DA:59,100
DA:60,28
DA:63,20
DA:66,65
DA:67,51
DA:68,41
DA:69,30
DA:71,13
DA:72,13
DA:74,150
DA:77,109
DA:78,97
DA:79,19
DA:80,95
DA:81,40
DA:82,23
DA:83,72
DA:84,29
DA:85,71
DA:86,10
DA:87,17
DA:88,30
DA:89,92
DA:90,20
DA:93,9
DA:94,9
DA:99,78
DA:100,81
DA:101,141
DA:102,132
DA:103,9
DA:104,9
DA:106,79
DA:107,85
DA:108,96
DA:109,97
DA:110,116
DA:111,96
DA:113,93
DA:114,38
DA:115,110
DA:116,148
DA:117,76
DA:118,60
DA:119,90
DA:120,32
DA:121,28
DA:124,17
DA:125,13
DA:126,9
DA:127,9
DA:144,100
DA:145,108
DA:146,81
DA:147,152
DA:148,115
DA:149,104
DA:150,87
DA:151,104
DA:152,144
DA:153,166
DA:154,157
DA:155,140
DA:157,55
DA:158,76
DA:159,102
DA:160,124
DA:161,28
DA:163,99
DA:164,180
DA:165,88
DA:166,140
DA:167,21
DA:168,17
DA:169,13
DA:170,9
DA:171,9
DA:173,101
DA:174,85
DA:175,128
DA:176,89
DA:177,167
DA:178,122
DA:179,12
DA:180,90
DA:181,62
DA:182,66
DA:183,28
DA:184,127
DA:185,144
DA:186,42
DA:187,116
DA:188,158
DA:189,80
DA:190,78
DA:191,130
DA:192,92
DA:193,36
DA:194,29
DA:195,83
DA:196,40
DA:197,40
DA:198,71
DA:199,42
DA:201,21
DA:202,17
DA:203,13
DA:204,9
DA:205,9
DA:207,46
DA:223,111
DA:225,33
DA:226,12
DA:227,34
DA:228,34
DA:229,52
DA:230,10
DA:231,108
DA:232,115
DA:233,59
DA:234,90
DA:235,120
DA:236,76
DA:237,95
DA:238,119
DA:239,17
DA:241,81
DA:242,13
DA:244,79
DA:245,9
DA:247,134
DA:248,127
DA:249,32
DA:250,96
DA:251,84
DA:252,7
DA:253,9
DA:255,186
DA:256,61
DA:257,126
DA:258,138
DA:259,51
DA:260,148
DA:261,67
DA:262,98
DA:263,124
DA:264,56
DA:265,88
DA:266,61
DA:267,21
DA:269,71
DA:270,17
DA:272,63
DA:273,96
DA:274,120
DA:275,80
DA:276,99
DA:277,109
DA:278,11
DA:280,40
DA:281,9
DA:283,38
DA:284,5
DA:285,9
DA:287,81
DA:290,57
DA:291,52
DA:292,76
DA:294,172
DA:295,89
DA:296,66
DA:297,74
DA:298,175
DA:299,86
DA:300,100
DA:301,9
DA:303,208
DA:304,87
DA:305,56
DA:306,100
DA:307,9
DA:309,222
DA:310,95
DA:311,56
DA:312,100
DA:313,9
DA:315,206
DA:316,91
DA:317,56
DA:318,100
DA:319,9
DA:323,215
DA:324,84
DA:325,9
DA:327,55
DA:330,21
DA:331,20
DA:332,10
DA:333,44
DA:334,73
DA:335,139
DA:337,148
DA:338,107
DA:339,20
DA:343,102
DA:344,52
DA:345,137
DA:346,147
DA:347,12
DA:348,67
DA:349,89
DA:350,91
DA:351,97
DA:352,98
DA:353,17
DA:354,17
DA:356,99
DA:357,105
DA:358,130
DA:359,138
DA:360,17
DA:361,17
DA:363,88
DA:364,71
DA:365,17
DA:366,93
DA:367,134
DA:368,13
DA:369,9
DA:370,9
DA:374,71
DA:375,75
DA:376,101
DA:377,53
DA:378,155
DA:379,156
DA:380,115
DA:381,82
DA:382,136
DA:383,124
DA:384,188
DA:385,29
DA:387,68
DA:388,70
DA:389,9
DA:391,33
DA:397,45
DA:398,75
DA:404,42
DA:405,59
DA:406,80
DA:407,72
DA:408,124
DA:409,175
DA:410,9
DA:416,19
DA:417,20
DA:418,10
DA:419,40
DA:421,87
DA:422,86
DA:423,13
DA:424,13
DA:426,69
DA:427,42
DA:428,82
DA:430,128
DA:431,56
DA:432,88
DA:435,118
DA:436,62
DA:437,78
DA:438,79
DA:439,89
DA:440,16
DA:441,88
DA:442,117
DA:443,107
DA:444,13
DA:445,21
DA:448,46
DA:449,29
DA:464,47
DA:465,40
DA:470,160
DA:471,84
DA:473,59
DA:474,92
DA:475,40
DA:476,72
DA:477,38
DA:478,30
DA:479,18
DA:480,76
DA:481,9
DA:483,29
DA:489,54
DA:490,40
DA:494,92
DA:495,88
DA:497,59
DA:498,102
DA:500,40
DA:501,72
DA:502,38
DA:503,76
DA:504,18
DA:506,80
DA:507,9
DA:509,29
DA:515,48
DA:516,114
DA:517,44
DA:518,60
DA:521,111
DA:522,60
DA:524,103
DA:525,83
DA:526,34
DA:527,17
DA:530,126
DA:531,176
DA:533,81
DA:534,76
DA:535,13
DA:536,13
DA:538,70
DA:539,23
DA:540,71
DA:541,27
DA:542,71
DA:543,8
DA:544,13
DA:546,64
DA:547,102
DA:548,9
DA:550,28
DA:551,26
DA:552,92
DA:553,134
DA:554,9
DA:567,22
DA:568,14
DA:569,38
DA:570,10
DA:572,83
DA:573,57
DA:574,19
DA:576,140
DA:578,28
DA:579,102
DA:580,104
DA:581,98
DA:582,9
DA:588,0
DA:589,0
DA:590,0
DA:591,0
DA:592,0
DA:593,0
DA:594,0
DA:595,0
DA:596,0
DA:597,0
DA:598,0
DA:599,0
DA:600,0
DA:601,0
DA:602,0
DA:603,0
DA:604,0
DA:605,0
DA:606,0
DA:607,0
DA:608,0
DA:609,0
DA:610,22
DA:616,42
DA:617,112
DA:618,71
DA:624,50
DA:625,61
DA:631,47
DA:632,60
DA:634,1
LF:416
LH:394
end_of_record
TN:
SF:src/core/deployment/client-provider-manager.ts
FNF:7
FNH:4
DA:10,257
DA:28,1
DA:30,137
DA:35,33
DA:36,65
DA:37,146
DA:38,9
DA:39,59
DA:45,29
DA:46,101
DA:52,0
DA:53,0
DA:54,0
DA:55,0
DA:56,41
DA:59,0
DA:60,0
DA:61,0
DA:62,0
DA:63,0
DA:64,0
DA:65,0
DA:66,0
DA:67,0
DA:68,8
DA:71,0
DA:72,0
DA:73,0
DA:74,38
DA:80,50
DA:82,61
DA:83,147
DA:84,9
DA:87,62
DA:88,178
DA:89,132
DA:90,12
DA:92,108
DA:94,2
LF:39
LH:23
end_of_record
TN:
SF:src/core/deployment/closure-planner.ts
FNF:6
FNH:5
DA:17,6
DA:18,10
DA:19,6
DA:20,17
DA:21,20
DA:22,3
DA:23,33
DA:25,60
DA:26,67
DA:31,19
DA:32,28
DA:33,0
DA:34,0
DA:35,0
DA:36,0
DA:37,4
DA:39,32
DA:40,11
DA:41,14
DA:42,19
DA:43,9
DA:44,5
DA:45,2
DA:47,26
DA:54,21
DA:57,9
DA:63,0
DA:64,0
DA:65,0
DA:66,0
DA:67,0
DA:68,0
DA:69,0
DA:70,0
DA:71,0
DA:72,0
DA:73,0
DA:74,0
DA:75,0
DA:76,0
DA:77,1
DA:83,6
DA:84,16
DA:85,21
DA:86,3
DA:87,28
DA:90,78
DA:93,40
DA:94,27
DA:95,20
DA:96,33
DA:97,5
DA:98,2
DA:101,58
DA:102,27
DA:103,48
DA:104,16
DA:105,5
DA:106,2
DA:109,51
DA:110,29
DA:111,0
DA:112,0
DA:114,0
DA:115,0
DA:117,0
DA:118,0
DA:119,0
DA:121,0
DA:122,0
DA:123,0
DA:124,0
DA:125,2
DA:127,12
DA:128,27
DA:129,50
DA:130,46
DA:131,25
DA:132,31
DA:133,63
DA:134,3
DA:135,1
LF:82
LH:53
end_of_record
TN:
SF:src/core/deployment/crd-manager.ts
FNF:17
FNH:16
DA:8,238
DA:13,134
DA:14,114
DA:26,60
DA:27,14
DA:28,24
DA:29,46
DA:30,50
DA:31,28
DA:32,66
DA:33,44
DA:34,56
DA:35,72
DA:36,60
DA:37,58
DA:38,56
DA:39,38
DA:40,38
DA:41,26
DA:42,54
DA:43,54
DA:44,48
DA:45,42
DA:46,82
DA:47,38
DA:48,46
DA:49,3
DA:53,1
DA:55,13
DA:56,66
DA:57,90
DA:58,114
DA:59,120
DA:60,10
DA:65,48
DA:66,101
DA:67,29
DA:68,9
DA:69,126
DA:75,53
DA:76,101
DA:77,27
DA:78,9
DA:80,89
DA:81,27
DA:82,9
DA:85,118
DA:86,135
DA:88,30
DA:89,16
DA:90,9
DA:92,22
DA:93,194
DA:95,54
DA:96,117
DA:97,66
DA:98,154
DA:99,16
DA:101,51
DA:102,89
DA:103,12
DA:104,42
DA:105,182
DA:106,52
DA:107,23
DA:111,90
DA:112,113
DA:113,62
DA:119,71
DA:120,127
DA:121,29
DA:122,9
DA:123,126
DA:124,54
DA:131,24
DA:132,18
DA:133,16
DA:134,10
DA:135,75
DA:136,69
DA:137,9
DA:139,88
DA:140,118
DA:141,166
DA:143,26
DA:144,180
DA:145,102
DA:146,116
DA:147,23
DA:148,41
DA:149,12
DA:150,83
DA:151,11
DA:152,44
DA:153,91
DA:154,1
DA:155,23
DA:157,12
DA:159,76
DA:165,29
DA:166,20
DA:167,18
DA:168,16
DA:169,25
DA:170,10
DA:171,65
DA:172,119
DA:173,9
DA:175,89
DA:176,17
DA:177,9
DA:179,126
DA:180,34
DA:181,73
DA:182,28
DA:183,37
DA:184,9
DA:185,11
DA:186,9
DA:188,108
DA:189,54
DA:190,9
DA:192,158
DA:193,68
DA:194,22
DA:195,14
DA:197,70
DA:198,66
DA:199,18
DA:200,16
DA:201,22
DA:202,12
DA:204,166
DA:205,68
DA:206,22
DA:207,20
DA:213,18
DA:214,18
DA:215,32
DA:216,74
DA:217,25
DA:218,10
DA:219,118
DA:220,46
DA:221,54
DA:222,22
DA:223,12
DA:225,70
DA:226,66
DA:227,18
DA:228,16
DA:229,22
DA:230,18
DA:236,26
DA:237,10
DA:238,18
DA:239,16
DA:240,25
DA:241,10
DA:242,78
DA:243,132
DA:244,66
DA:245,94
DA:247,172
DA:249,95
DA:250,69
DA:251,121
DA:252,13
DA:254,26
DA:255,90
DA:256,56
DA:257,96
DA:258,86
DA:259,70
DA:260,8
DA:261,22
DA:262,20
DA:264,68
DA:265,142
DA:266,122
DA:267,89
DA:268,61
DA:269,20
DA:271,155
DA:272,138
DA:273,21
DA:274,17
DA:276,148
DA:277,36
DA:278,142
DA:279,98
DA:280,21
DA:281,46
DA:282,8
DA:283,68
DA:284,125
DA:285,22
DA:286,31
DA:287,17
DA:289,156
DA:290,36
DA:291,82
DA:292,31
DA:295,26
DA:296,121
DA:297,46
DA:298,8
DA:299,68
DA:300,125
DA:301,22
DA:302,31
DA:303,16
DA:305,9
DA:307,66
DA:308,150
DA:309,56
DA:310,44
DA:311,18
DA:312,38
DA:313,0
DA:314,0
DA:315,0
DA:316,0
DA:317,0
DA:318,0
DA:319,0
DA:320,0
DA:321,0
DA:322,0
DA:323,0
DA:324,0
DA:325,0
DA:326,0
DA:327,0
DA:328,0
DA:329,0
DA:330,0
DA:331,0
DA:332,0
DA:333,0
DA:334,0
DA:335,0
DA:336,0
DA:337,0
DA:338,0
DA:339,0
DA:340,0
DA:341,0
DA:342,0
DA:343,0
DA:344,0
DA:345,0
DA:346,0
DA:347,0
DA:348,0
DA:349,0
DA:350,0
DA:351,0
DA:352,0
DA:353,0
DA:354,0
DA:355,0
DA:356,0
DA:357,0
DA:358,0
DA:359,0
DA:360,0
DA:361,0
DA:362,0
DA:363,0
DA:364,0
DA:365,0
DA:366,0
DA:367,0
DA:368,0
DA:369,0
DA:370,0
DA:371,0
DA:372,0
DA:373,0
DA:374,0
DA:375,0
DA:376,0
DA:377,0
DA:378,0
DA:379,0
DA:380,0
DA:381,0
DA:382,0
DA:383,0
DA:384,0
DA:385,0
DA:386,0
DA:387,0
DA:388,0
DA:389,0
DA:390,0
DA:391,0
DA:392,0
DA:393,0
DA:394,0
DA:395,0
DA:396,0
DA:397,0
DA:398,0
DA:399,0
DA:400,0
DA:401,0
DA:402,0
DA:403,0
DA:404,0
DA:405,0
DA:406,0
DA:407,0
DA:408,0
DA:409,0
DA:410,0
DA:411,0
DA:412,0
DA:413,0
DA:414,32
DA:416,2
LF:322
LH:221
end_of_record
TN:
SF:src/core/deployment/debug-logger.ts
FNF:20
FNH:20
DA:8,142
DA:9,114
DA:53,1
DA:55,51
DA:56,44
DA:57,80
DA:58,102
DA:59,126
DA:60,178
DA:61,102
DA:62,156
DA:63,12
DA:69,19
DA:70,20
DA:71,30
DA:72,34
DA:73,18
DA:74,10
DA:75,129
DA:76,17
DA:77,9
DA:79,118
DA:80,124
DA:81,140
DA:84,73
DA:85,124
DA:86,38
DA:87,76
DA:88,66
DA:89,82
DA:90,74
DA:91,78
DA:92,44
DA:93,104
DA:94,14
DA:95,27
DA:96,36
DA:97,256
DA:98,21
DA:102,139
DA:103,56
DA:104,58
DA:105,38
DA:106,154
DA:107,56
DA:108,116
DA:109,48
DA:110,40
DA:111,70
DA:112,86
DA:113,72
DA:114,14
DA:115,16
DA:117,162
DA:118,45
DA:119,54
DA:120,9
DA:121,9
DA:127,24
DA:128,20
DA:129,22
DA:130,16
DA:131,10
DA:132,141
DA:133,17
DA:134,9
DA:136,118
DA:137,118
DA:139,118
DA:140,34
DA:141,72
DA:142,80
DA:143,80
DA:144,54
DA:145,56
DA:146,115
DA:147,14
DA:150,83
DA:151,56
DA:152,58
DA:153,38
DA:154,229
DA:155,56
DA:156,88
DA:157,64
DA:158,40
DA:159,42
DA:160,50
DA:161,48
DA:162,14
DA:163,16
DA:165,92
DA:166,9
DA:172,12
DA:173,20
DA:174,26
DA:175,36
DA:176,30
DA:177,10
DA:178,60
DA:179,11
DA:180,9
DA:182,118
DA:183,120
DA:185,108
DA:186,34
DA:187,72
DA:188,46
DA:189,40
DA:190,149
DA:191,14
DA:194,83
DA:195,56
DA:196,58
DA:197,38
DA:198,224
DA:199,56
DA:200,112
DA:201,62
DA:202,40
DA:203,66
DA:204,80
DA:205,46
DA:206,14
DA:207,16
DA:209,92
DA:210,9
DA:216,75
DA:217,60
DA:218,11
DA:219,9
DA:221,118
DA:223,120
DA:224,34
DA:225,72
DA:226,62
DA:227,78
DA:228,54
DA:229,74
DA:230,14
DA:233,139
DA:234,56
DA:235,58
DA:236,38
DA:237,192
DA:238,56
DA:239,28
DA:240,52
DA:241,62
DA:242,40
DA:243,70
DA:244,86
DA:245,72
DA:246,14
DA:247,16
DA:249,162
DA:250,45
DA:251,54
DA:252,9
DA:253,9
DA:259,43
DA:260,102
DA:266,51
DA:267,41
DA:268,90
DA:269,9
DA:275,43
DA:276,99
DA:277,77
DA:278,9
DA:280,58
DA:281,80
DA:283,59
DA:284,55
DA:285,9
DA:288,62
DA:289,28
DA:290,28
DA:291,38
DA:292,34
DA:293,44
DA:294,52
DA:295,48
DA:296,48
DA:297,12
DA:298,46
DA:300,87
DA:301,65
DA:302,78
DA:303,125
DA:304,67
DA:305,51
DA:306,24
DA:307,75
DA:308,59
DA:309,24
DA:311,65
DA:312,26
DA:313,181
DA:314,24
DA:315,21
DA:316,111
DA:317,26
DA:318,209
DA:319,24
DA:320,17
DA:321,35
DA:322,97
DA:324,9
DA:325,9
DA:327,65
DA:328,197
DA:329,9
DA:331,57
DA:337,39
DA:340,10
DA:341,79
DA:342,102
DA:343,9
DA:345,98
DA:346,149
DA:348,14
DA:349,98
DA:350,52
DA:351,9
DA:357,40
DA:360,10
DA:361,88
DA:364,160
DA:365,94
DA:368,48
DA:369,185
DA:370,48
DA:371,53
DA:372,29
DA:373,48
DA:374,25
DA:375,10
DA:377,49
DA:383,42
DA:384,92
DA:385,18
DA:386,9
DA:388,96
DA:389,135
DA:390,31
DA:391,5
DA:395,87
DA:396,42
DA:402,42
DA:403,99
DA:404,53
DA:405,9
DA:407,58
DA:408,50
DA:411,62
DA:412,28
DA:413,34
DA:414,30
DA:415,24
DA:416,26
DA:417,38
DA:418,30
DA:419,30
DA:420,44
DA:421,32
DA:422,38
DA:423,40
DA:424,42
DA:425,38
DA:426,18
DA:427,12
DA:429,121
DA:430,82
DA:431,166
DA:433,51
DA:434,72
DA:435,128
DA:437,118
DA:438,31
DA:439,68
DA:441,9
DA:443,39
DA:449,62
DA:450,121
DA:451,25
DA:452,9
DA:454,61
DA:455,171
DA:456,9
DA:458,44
DA:459,80
DA:462,111
DA:463,82
DA:464,66
DA:465,32
DA:466,38
DA:467,34
DA:468,28
DA:469,30
DA:470,42
DA:471,34
DA:472,34
DA:473,48
DA:474,36
DA:475,42
DA:476,44
DA:477,46
DA:478,42
DA:479,22
DA:480,16
DA:481,166
DA:483,51
DA:484,66
DA:485,31
DA:486,143
DA:488,9
DA:490,56
DA:491,59
DA:492,9
DA:494,32
DA:496,2
DA:501,73
DA:502,66
DA:508,78
DA:517,6
DA:518,52
DA:519,104
DA:520,128
DA:521,152
DA:522,42
DA:523,160
DA:524,126
DA:525,152
DA:526,8
DA:528,79
LF:336
LH:336
end_of_record
TN:
SF:src/core/deployment/deployment-state-discovery.ts
FNF:14
FNH:14
DA:49,59
DA:50,57
DA:51,56
DA:58,90
DA:63,64
DA:97,31
DA:99,61
DA:100,60
DA:101,57
DA:102,58
DA:103,65
DA:104,72
DA:105,68
DA:107,66
DA:108,67
DA:109,65
DA:110,66
DA:112,60
DA:113,64
DA:115,76
DA:116,82
DA:118,81
DA:119,88
DA:120,89
DA:121,96
DA:123,86
DA:125,75
DA:126,2
DA:135,6
DA:136,7
DA:137,3
DA:138,37
DA:140,9
DA:141,34
DA:142,27
DA:143,26
DA:144,6
DA:146,45
DA:147,48
DA:148,32
DA:149,2
DA:150,0
DA:151,0
DA:152,0
DA:153,0
DA:154,2
DA:157,14
DA:165,9
DA:166,32
DA:167,37
DA:170,32
DA:171,25
DA:172,44
DA:173,41
DA:174,21
DA:175,30
DA:176,42
DA:177,20
DA:178,39
DA:179,11
DA:180,14
DA:181,5
DA:182,2
DA:183,15
DA:201,6
DA:202,8
DA:203,5
DA:215,3
DA:216,59
DA:217,59
DA:218,43
DA:219,55
DA:220,2
DA:222,45
DA:223,61
DA:224,34
DA:225,36
DA:226,32
DA:227,39
DA:228,15
DA:229,5
DA:234,36
DA:235,42
DA:236,12
DA:237,2
DA:238,16
DA:239,11
DA:240,33
DA:241,19
DA:242,13
DA:243,11
DA:244,11
DA:245,11
DA:246,11
DA:247,11
DA:248,13
DA:249,8
DA:254,39
DA:255,34
DA:256,73
DA:257,55
DA:258,34
DA:259,51
DA:260,6
DA:261,6
DA:262,12
DA:263,0
DA:267,0
DA:268,0
DA:269,0
DA:270,0
DA:271,0
DA:272,1
DA:275,4
DA:277,56
DA:278,51
DA:279,34
DA:280,36
DA:281,32
DA:282,34
DA:283,31
DA:284,5
DA:292,23
DA:293,29
DA:294,39
DA:295,113
DA:296,35
DA:297,18
DA:299,42
DA:300,79
DA:301,82
DA:302,29
DA:303,2
DA:305,38
DA:306,55
DA:307,36
DA:308,35
DA:309,7
DA:310,6
DA:311,2
DA:313,54
DA:316,13
DA:317,25
DA:318,34
DA:319,54
DA:320,37
DA:321,21
DA:322,30
DA:323,8
DA:324,4
DA:325,46
DA:326,0
DA:327,2
DA:328,2
DA:329,34
DA:338,1
DA:339,11
DA:340,6
DA:341,3
DA:342,31
DA:343,31
DA:344,35
DA:347,19
DA:348,20
DA:349,23
DA:351,38
DA:352,46
DA:353,31
DA:354,15
DA:358,85
DA:359,28
DA:360,35
DA:361,9
DA:362,8
DA:363,4
DA:365,80
DA:366,54
DA:367,45
DA:368,4
DA:370,68
DA:371,72
DA:372,31
DA:373,4
DA:375,24
DA:376,9
DA:377,39
DA:378,49
DA:379,52
DA:380,25
DA:381,25
DA:382,38
DA:383,6
DA:384,37
DA:385,35
DA:386,40
DA:387,48
DA:388,2
DA:389,2
DA:392,46
DA:393,57
DA:395,49
DA:396,2
DA:397,59
DA:398,29
DA:402,47
DA:403,13
DA:404,40
DA:405,0
DA:406,0
DA:407,0
DA:408,0
DA:409,0
DA:410,4
DA:412,2
DA:413,2
DA:415,12
DA:416,61
DA:417,33
DA:418,20
DA:419,41
DA:420,24
DA:421,16
DA:422,24
DA:423,58
DA:424,36
DA:425,35
DA:426,3
DA:427,1
DA:435,11
DA:436,74
DA:437,0
DA:438,0
DA:439,0
DA:440,0
DA:441,0
DA:448,1
DA:449,7
DA:450,13
DA:451,3
DA:452,3
DA:453,42
DA:454,15
DA:455,21
DA:456,24
DA:457,19
DA:460,25
DA:461,43
DA:462,30
DA:463,36
DA:464,34
DA:465,4
DA:467,65
DA:468,25
DA:469,2
DA:470,29
DA:471,14
LF:256
LH:235
end_of_record
TN:
SF:src/core/deployment/direct-factory.ts
FNF:72
FNH:59
DA:8,64
DA:9,104
DA:10,156
DA:11,192
DA:12,178
DA:13,154
DA:14,244
DA:19,124
DA:20,128
DA:21,208
DA:28,114
DA:29,216
DA:30,112
DA:50,142
DA:51,106
DA:52,166
DA:53,116
DA:54,202
DA:55,322
DA:60,184
DA:61,133
DA:92,1
DA:94,13
DA:95,12
DA:96,22
DA:97,36
DA:99,30
DA:100,28
DA:101,10
DA:102,42
DA:103,104
DA:104,90
DA:105,102
DA:106,62
DA:107,86
DA:108,90
DA:109,78
DA:110,68
DA:111,134
DA:112,124
DA:118,33
DA:119,97
DA:122,0
DA:123,0
DA:124,0
DA:125,0
DA:126,0
DA:127,0
DA:128,0
DA:129,0
DA:130,0
DA:131,0
DA:132,0
DA:133,0
DA:134,0
DA:135,0
DA:136,0
DA:137,0
DA:138,0
DA:139,0
DA:140,0
DA:141,0
DA:142,0
DA:143,0
DA:144,9
DA:150,35
DA:151,69
DA:152,178
DA:155,108
DA:156,112
DA:160,102
DA:161,24
DA:162,22
DA:163,22
DA:164,20
DA:165,64
DA:166,16
DA:168,148
DA:169,110
DA:170,104
DA:171,14
DA:172,9
DA:173,68
DA:179,9
DA:180,12
DA:181,11
DA:182,10
DA:183,128
DA:184,58
DA:185,84
DA:186,14
DA:188,98
DA:189,78
DA:190,38
DA:191,14
DA:194,100
DA:196,104
DA:197,86
DA:198,14
DA:200,86
DA:202,110
DA:205,172
DA:206,21
DA:207,67
DA:208,51
DA:209,79
DA:210,9
DA:213,174
DA:214,110
DA:216,38
DA:222,37
DA:224,100
DA:225,22
DA:226,32
DA:227,46
DA:228,40
DA:229,32
DA:230,42
DA:231,56
DA:232,8
DA:233,12
DA:236,109
DA:237,74
DA:238,22
DA:239,32
DA:240,46
DA:241,40
DA:242,32
DA:243,42
DA:244,38
DA:245,24
DA:246,7
DA:247,9
DA:249,50
DA:260,29
DA:261,112
DA:290,50
DA:291,92
DA:293,22
DA:294,156
DA:296,171
DA:297,86
DA:298,148
DA:299,38
DA:300,32
DA:301,231
DA:302,9
DA:303,7
DA:308,61
DA:309,42
DA:310,28
DA:311,53
DA:313,43
DA:316,68
DA:317,15
DA:318,72
DA:319,62
DA:320,49
DA:321,19
DA:322,96
DA:323,44
DA:324,86
DA:325,72
DA:326,17
DA:327,15
DA:328,47
DA:329,51
DA:330,56
DA:331,71
DA:332,32
DA:333,29
DA:334,0
DA:335,0
DA:336,0
DA:337,20
DA:338,16
DA:339,15
DA:340,18
DA:343,11
DA:344,16
DA:348,49
DA:349,84
DA:350,84
DA:351,7
DA:354,43
DA:355,42
DA:360,165
DA:361,29
DA:362,13
DA:367,108
DA:368,100
DA:369,44
DA:370,13
DA:371,13
DA:372,72
DA:373,108
DA:374,22
DA:375,18
DA:376,15
DA:380,30
DA:381,58
DA:382,107
DA:383,102
DA:384,92
DA:385,88
DA:386,98
DA:387,198
DA:388,9
DA:389,28
DA:390,46
DA:391,48
DA:392,14
DA:395,28
DA:396,12
DA:397,11
DA:398,10
DA:399,92
DA:400,108
DA:402,41
DA:403,176
DA:404,53
DA:405,30
DA:406,118
DA:407,110
DA:408,178
DA:409,15
DA:410,25
DA:411,19
DA:412,46
DA:413,40
DA:414,30
DA:415,22
DA:416,16
DA:418,5
DA:419,9
DA:421,120
DA:422,58
DA:423,50
DA:424,72
DA:425,14
DA:426,39
DA:427,46
DA:428,412
DA:429,44
DA:430,92
DA:431,7
DA:432,5
DA:433,92
DA:434,25
DA:435,29
DA:436,40
DA:437,42
DA:438,7
DA:439,47
DA:440,49
DA:441,83
DA:442,15
DA:451,27
DA:452,16
DA:453,24
DA:454,17
DA:455,10
DA:456,104
DA:458,71
DA:460,74
DA:461,52
DA:462,94
DA:463,15
DA:464,31
DA:465,29
DA:466,30
DA:467,32
DA:468,13
DA:470,76
DA:471,25
DA:473,31
DA:474,73
DA:475,76
DA:476,27
DA:477,16
DA:478,11
DA:480,66
DA:481,26
DA:482,43
DA:483,13
DA:484,27
DA:486,13
DA:487,45
DA:488,72
DA:489,148
DA:490,22
DA:491,18
DA:492,9
DA:493,5
DA:494,13
DA:504,25
DA:505,96
DA:508,54
DA:510,58
DA:512,45
DA:513,9
DA:515,28
DA:516,44
DA:517,44
DA:518,92
DA:519,64
DA:520,76
DA:521,20
DA:522,0
DA:523,0
DA:524,0
DA:525,0
DA:526,0
DA:527,0
DA:528,0
DA:529,0
DA:530,0
DA:531,0
DA:532,0
DA:533,0
DA:534,0
DA:535,0
DA:536,0
DA:537,0
DA:538,0
DA:539,0
DA:540,0
DA:541,0
DA:542,0
DA:543,0
DA:544,0
DA:545,0
DA:546,0
DA:547,0
DA:548,0
DA:549,0
DA:550,0
DA:551,0
DA:552,0
DA:553,0
DA:554,0
DA:555,0
DA:556,0
DA:557,0
DA:558,0
DA:559,0
DA:560,0
DA:561,0
DA:562,0
DA:563,0
DA:564,0
DA:565,0
DA:566,0
DA:567,0
DA:568,0
DA:569,0
DA:570,0
DA:571,0
DA:572,0
DA:573,0
DA:574,0
DA:575,0
DA:576,0
DA:577,0
DA:578,0
DA:579,0
DA:580,0
DA:581,0
DA:582,0
DA:583,0
DA:584,0
DA:585,0
DA:586,0
DA:587,0
DA:588,0
DA:589,0
DA:590,0
DA:591,0
DA:592,0
DA:593,0
DA:594,0
DA:595,0
DA:596,0
DA:597,0
DA:598,0
DA:599,0
DA:600,0
DA:601,0
DA:602,0
DA:603,0
DA:604,0
DA:605,0
DA:606,0
DA:607,0
DA:608,0
DA:609,0
DA:610,0
DA:611,0
DA:612,0
DA:613,0
DA:614,0
DA:615,0
DA:616,0
DA:617,0
DA:618,0
DA:619,0
DA:620,0
DA:621,0
DA:622,0
DA:623,0
DA:624,0
DA:625,0
DA:626,0
DA:627,0
DA:628,0
DA:629,32
DA:637,22
DA:646,10
DA:647,150
DA:650,96
DA:651,69
DA:652,32
DA:653,52
DA:654,146
DA:655,32
DA:656,7
DA:657,5
DA:659,11
DA:660,48
DA:661,63
DA:663,44
DA:664,18
DA:665,28
DA:666,75
DA:667,18
DA:668,8
DA:669,7
DA:671,47
DA:672,68
DA:674,27
DA:675,28
DA:676,26
DA:677,29
DA:678,30
DA:681,57
DA:682,69
DA:683,27
DA:685,17
DA:686,35
DA:687,69
DA:688,42
DA:689,27
DA:690,44
DA:691,51
DA:692,13
DA:693,14
DA:695,64
DA:697,75
DA:699,28
DA:700,27
DA:701,22
DA:702,41
DA:704,27
DA:705,26
DA:706,35
DA:707,46
DA:708,33
DA:709,40
DA:710,31
DA:711,14
DA:712,50
DA:714,7
DA:715,7
DA:717,93
DA:719,16
DA:720,15
DA:721,27
DA:722,32
DA:723,34
DA:724,30
DA:725,29
DA:726,10
DA:727,26
DA:728,8
DA:729,21
DA:730,77
DA:731,16
DA:732,25
DA:733,73
DA:734,19
DA:735,13
DA:736,34
DA:737,31
DA:738,38
DA:739,29
DA:740,9
DA:741,7
DA:742,19
DA:753,24
DA:754,140
DA:756,66
DA:757,136
DA:759,102
DA:760,84
DA:761,34
DA:762,14
DA:764,70
DA:765,44
DA:766,54
DA:768,97
DA:769,26
DA:770,148
DA:771,128
DA:772,76
DA:773,74
DA:774,26
DA:775,137
DA:776,27
DA:777,18
DA:778,147
DA:779,104
DA:780,15
DA:781,23
DA:782,26
DA:783,23
DA:784,35
DA:785,28
DA:786,36
DA:787,27
DA:788,18
DA:790,9
DA:792,100
DA:793,67
DA:794,9
DA:796,44
DA:797,106
DA:798,52
DA:799,78
DA:800,26
DA:801,20
DA:802,12
DA:804,79
DA:805,70
DA:806,9
DA:808,92
DA:809,56
DA:810,104
DA:811,14
DA:813,0
DA:814,0
DA:815,0
DA:816,0
DA:817,0
DA:818,0
DA:819,0
DA:820,0
DA:821,0
DA:822,0
DA:823,0
DA:824,0
DA:825,0
DA:826,0
DA:827,0
DA:828,0
DA:829,0
DA:830,0
DA:831,0
DA:832,0
DA:833,0
DA:834,81
DA:847,30
DA:849,130
DA:853,142
DA:854,68
DA:855,92
DA:856,26
DA:857,205
DA:859,281
DA:864,25
DA:865,11
DA:866,11
DA:867,9
DA:868,99
DA:869,71
DA:870,87
DA:871,1
DA:872,6
DA:873,9
DA:877,151
DA:879,88
DA:880,60
DA:883,52
DA:884,90
DA:885,66
DA:886,42
DA:887,90
DA:888,78
DA:889,65
DA:890,87
DA:891,33
DA:892,14
DA:893,16
DA:896,90
DA:899,71
DA:900,88
DA:901,13
DA:903,90
DA:906,71
DA:907,88
DA:908,13
DA:912,128
DA:913,186
DA:914,12
DA:916,63
DA:922,32
DA:923,12
DA:924,44
DA:925,10
DA:926,108
DA:927,130
DA:929,162
DA:930,173
DA:931,136
DA:932,28
DA:933,64
DA:934,72
DA:935,58
DA:936,82
DA:937,18
DA:938,234
DA:939,84
DA:940,104
DA:941,28
DA:942,64
DA:943,72
DA:944,30
DA:945,26
DA:946,18
DA:947,70
DA:948,34
DA:949,34
DA:950,16
DA:954,106
DA:957,114
DA:958,92
DA:959,152
DA:961,126
DA:962,54
DA:963,56
DA:964,56
DA:965,104
DA:966,102
DA:967,18
DA:969,67
DA:970,118
DA:971,130
DA:972,100
DA:973,44
DA:974,18
DA:975,13
DA:977,48
DA:978,12
DA:981,92
DA:984,178
DA:987,145
DA:988,44
DA:989,44
DA:990,15
DA:992,28
DA:993,72
DA:994,72
DA:995,38
DA:996,10
DA:1003,51
DA:1005,47
DA:1007,66
DA:1010,181
DA:1011,158
DA:1012,124
DA:1013,150
DA:1014,18
DA:1016,26
DA:1018,164
DA:1019,67
DA:1020,180
DA:1021,150
DA:1022,179
DA:1023,26
DA:1026,118
DA:1028,77
DA:1029,10
DA:1030,46
DA:1031,36
DA:1032,120
DA:1033,36
DA:1034,20
DA:1035,34
DA:1037,5
DA:1040,18
DA:1041,77
DA:1042,6
DA:1043,33
DA:1044,69
DA:1045,13
DA:1048,86
DA:1049,50
DA:1050,23
DA:1052,91
DA:1053,45
DA:1055,5
DA:1057,31
DA:1064,38
DA:1065,12
DA:1066,10
DA:1067,178
DA:1068,16
DA:1069,9
DA:1071,22
DA:1072,152
DA:1079,154
DA:1080,58
DA:1081,50
DA:1082,18
DA:1085,181
DA:1087,146
DA:1088,36
DA:1089,100
DA:1090,60
DA:1091,10
DA:1092,16
DA:1094,130
DA:1095,122
DA:1096,88
DA:1097,99
DA:1098,18
DA:1103,74
DA:1104,129
DA:1106,127
DA:1107,168
DA:1108,25
DA:1109,17
DA:1112,140
DA:1113,16
DA:1114,20
DA:1115,102
DA:1116,13
DA:1120,32
DA:1121,78
DA:1122,24
DA:1123,10
DA:1124,42
DA:1125,160
DA:1126,34
DA:1134,35
DA:1135,63
DA:1138,26
DA:1139,42
DA:1140,30
DA:1141,10
DA:1142,108
DA:1144,38
DA:1146,46
DA:1147,11
DA:1148,9
DA:1150,166
DA:1151,54
DA:1152,46
DA:1153,14
DA:1154,102
DA:1156,129
DA:1157,77
DA:1158,12
DA:1160,149
DA:1161,31
DA:1162,5
DA:1164,13
DA:1179,25
DA:1180,12
DA:1181,30
DA:1182,10
DA:1183,109
DA:1185,22
DA:1186,154
DA:1187,92
DA:1188,88
DA:1189,18
DA:1195,154
DA:1196,58
DA:1197,50
DA:1198,18
DA:1199,98
DA:1201,109
DA:1202,97
DA:1203,16
DA:1214,108
DA:1215,48
DA:1216,30
DA:1217,26
DA:1218,70
DA:1219,68
DA:1220,16
DA:1227,112
DA:1228,92
DA:1229,66
DA:1230,16
DA:1231,136
DA:1232,58
DA:1233,65
DA:1234,54
DA:1235,7
DA:1236,13
DA:1238,86
DA:1239,121
DA:1240,118
DA:1241,13
DA:1242,169
DA:1243,118
DA:1244,13
DA:1246,129
DA:1247,150
DA:1248,105
DA:1249,34
DA:1250,17
DA:1252,48
DA:1253,112
DA:1254,130
DA:1255,63
DA:1256,124
DA:1257,13
DA:1258,13
DA:1261,154
DA:1262,58
DA:1263,50
DA:1264,18
DA:1265,106
DA:1267,159
DA:1268,146
DA:1269,74
DA:1270,16
DA:1272,130
DA:1273,99
DA:1274,18
DA:1276,33
DA:1277,21
DA:1278,79
DA:1279,39
DA:1280,9
DA:1281,23
DA:1296,81
DA:1298,62
DA:1299,59
DA:1300,13
DA:1301,37
DA:1302,32
DA:1303,9
DA:1306,48
DA:1307,64
DA:1308,7
DA:1311,71
DA:1312,9
DA:1315,69
DA:1316,118
DA:1317,26
DA:1318,68
DA:1319,18
DA:1320,51
DA:1321,9
DA:1324,65
DA:1325,187
DA:1326,9
DA:1329,111
DA:1330,52
DA:1331,113
DA:1332,152
DA:1333,13
DA:1334,35
DA:1335,9
DA:1338,31
DA:1352,69
DA:1354,48
DA:1355,76
DA:1356,52
DA:1357,126
DA:1358,12
DA:1362,119
DA:1364,149
DA:1365,30
DA:1366,13
DA:1370,103
DA:1371,144
DA:1372,9
DA:1373,9
DA:1376,47
DA:1377,60
DA:1378,9
DA:1382,90
DA:1384,37
DA:1391,14
DA:1392,12
DA:1393,22
DA:1394,18
DA:1395,10
DA:1396,56
DA:1397,144
DA:1398,73
DA:1399,173
DA:1400,80
DA:1401,16
DA:1402,59
DA:1403,24
DA:1404,15
DA:1405,15
DA:1406,89
DA:1407,11
DA:1408,39
DA:1410,9
DA:1411,93
DA:1414,82
DA:1415,116
DA:1416,107
DA:1419,51
DA:1420,71
DA:1421,104
DA:1422,176
DA:1423,35
DA:1430,105
DA:1431,112
DA:1432,22
DA:1433,56
DA:1434,126
DA:1435,14
DA:1438,148
DA:1439,95
DA:1440,54
DA:1441,73
DA:1442,29
DA:1443,71
DA:1444,15
DA:1445,37
DA:1446,11
DA:1447,28
DA:1448,7
DA:1449,20
DA:1450,9
DA:1453,75
DA:1454,182
DA:1456,98
DA:1457,226
DA:1458,96
DA:1459,83
DA:1460,156
DA:1461,61
DA:1462,51
DA:1463,7
DA:1464,13
DA:1468,269
DA:1469,146
DA:1470,118
DA:1471,152
DA:1475,148
DA:1476,16
DA:1477,126
DA:1478,26
DA:1479,74
DA:1480,18
DA:1482,51
DA:1483,5
DA:1486,36
DA:1487,54
DA:1488,0
DA:1489,69
DA:1490,6
DA:1491,5
DA:1493,53
DA:1494,84
DA:1495,26
DA:1496,62
DA:1497,90
DA:1498,7
DA:1501,38
DA:1502,51
DA:1503,63
DA:1504,15
DA:1505,40
DA:1506,34
DA:1507,46
DA:1508,43
DA:1509,9
DA:1510,7
DA:1513,64
DA:1514,47
DA:1515,7
DA:1518,32
DA:1519,91
DA:1520,38
DA:1521,7
DA:1523,20
DA:1524,5
DA:1528,83
DA:1529,94
DA:1535,40
DA:1536,54
DA:1537,0
DA:1538,0
DA:1539,0
DA:1540,0
DA:1541,0
DA:1542,0
DA:1543,0
DA:1544,0
DA:1545,0
DA:1546,0
DA:1547,0
DA:1548,0
DA:1549,0
DA:1550,0
DA:1551,0
DA:1552,0
DA:1553,0
DA:1554,0
DA:1555,0
DA:1556,0
DA:1557,30
DA:1560,8
DA:1565,59
DA:1566,13
DA:1567,27
DA:1568,30
DA:1569,9
DA:1570,26
DA:1571,5
DA:1573,84
DA:1575,22
DA:1581,44
DA:1583,0
DA:1584,0
DA:1585,0
DA:1586,0
DA:1587,0
DA:1588,0
DA:1589,0
DA:1590,0
DA:1591,0
DA:1592,0
DA:1593,0
DA:1594,0
DA:1595,0
DA:1596,0
DA:1597,0
DA:1598,0
DA:1599,0
DA:1600,0
DA:1601,0
DA:1602,0
DA:1603,0
DA:1604,0
DA:1605,0
DA:1606,0
DA:1607,0
DA:1608,0
DA:1609,0
DA:1610,0
DA:1611,0
DA:1612,0
DA:1613,0
DA:1614,0
DA:1615,0
DA:1616,0
DA:1617,0
DA:1618,0
DA:1619,0
DA:1620,0
DA:1621,0
DA:1622,0
DA:1623,0
DA:1624,0
DA:1625,0
DA:1626,0
DA:1627,0
DA:1628,0
DA:1629,0
DA:1630,0
DA:1631,0
DA:1632,0
DA:1633,0
DA:1634,0
DA:1635,0
DA:1636,0
DA:1637,0
DA:1638,0
DA:1639,0
DA:1640,0
DA:1641,0
DA:1642,0
DA:1643,0
DA:1644,0
DA:1645,0
DA:1646,0
DA:1647,0
DA:1648,0
DA:1649,0
DA:1650,0
DA:1651,0
DA:1652,0
DA:1653,0
DA:1654,0
DA:1655,0
DA:1656,0
DA:1657,0
DA:1658,0
DA:1659,0
DA:1660,0
DA:1661,0
DA:1662,0
DA:1663,0
DA:1664,0
DA:1665,0
DA:1666,0
DA:1667,0
DA:1668,0
DA:1669,0
DA:1670,0
DA:1671,0
DA:1672,0
DA:1673,0
DA:1674,0
DA:1675,0
DA:1676,0
DA:1677,0
DA:1678,18
DA:1682,45
DA:1683,82
DA:1685,91
DA:1686,170
DA:1687,117
DA:1688,97
DA:1689,16
DA:1691,171
DA:1692,96
DA:1693,9
DA:1694,9
DA:1696,117
DA:1697,111
DA:1698,118
DA:1699,9
DA:1700,9
DA:1702,104
DA:1704,125
DA:1705,138
DA:1707,152
DA:1708,150
DA:1709,96
DA:1710,60
DA:1711,159
DA:1712,171
DA:1713,171
DA:1714,18
DA:1716,26
DA:1717,144
DA:1718,70
DA:1719,24
DA:1720,46
DA:1721,34
DA:1722,20
DA:1723,205
DA:1724,180
DA:1725,94
DA:1726,90
DA:1727,26
DA:1728,132
DA:1729,112
DA:1730,24
DA:1731,46
DA:1732,38
DA:1733,24
DA:1734,125
DA:1735,140
DA:1736,34
DA:1737,42
DA:1738,28
DA:1739,186
DA:1740,151
DA:1741,59
DA:1742,28
DA:1743,121
DA:1744,107
DA:1745,28
DA:1747,148
DA:1748,24
DA:1749,38
DA:1750,28
DA:1751,65
DA:1752,196
DA:1753,25
DA:1754,143
DA:1755,264
DA:1756,86
DA:1757,90
DA:1758,76
DA:1759,122
DA:1760,34
DA:1761,29
DA:1762,25
DA:1764,222
DA:1765,82
DA:1766,86
DA:1767,72
DA:1768,124
DA:1769,132
DA:1770,136
DA:1771,76
DA:1772,70
DA:1773,26
DA:1774,17
DA:1775,17
DA:1777,84
DA:1778,108
DA:1779,202
DA:1780,20
DA:1781,210
DA:1782,114
DA:1783,211
DA:1784,64
DA:1785,80
DA:1786,30
DA:1787,20
DA:1788,32
DA:1789,18
DA:1790,91
DA:1792,10
DA:1795,49
DA:1796,24
DA:1797,22
DA:1798,10
DA:1799,85
DA:1801,68
DA:1802,174
DA:1803,148
DA:1804,81
DA:1805,82
DA:1806,30
DA:1807,133
DA:1808,35
DA:1809,31
DA:1810,42
DA:1811,129
DA:1812,17
DA:1813,17
DA:1815,255
DA:1816,84
DA:1817,9
DA:1818,9
DA:1820,149
DA:1823,36
DA:1824,24
DA:1825,10
DA:1826,90
DA:1828,38
DA:1829,68
DA:1830,78
DA:1832,178
DA:1833,54
DA:1834,46
DA:1835,14
DA:1836,162
DA:1838,151
DA:1839,234
DA:1840,116
DA:1841,208
DA:1842,180
DA:1843,9
DA:1845,47
DA:1848,27
DA:1849,28
DA:1850,20
DA:1851,46
DA:1852,48
DA:1853,10
DA:1854,88
DA:1855,42
DA:1856,85
DA:1857,119
DA:1858,18
DA:1859,104
DA:1861,108
DA:1862,28
DA:1863,46
DA:1864,62
DA:1865,12
DA:1866,92
DA:1868,105
DA:1869,64
DA:1870,234
DA:1871,208
DA:1872,34
DA:1873,116
DA:1874,188
DA:1875,68
DA:1876,9
DA:1878,45
DA:1881,32
DA:1882,8
DA:1883,46
DA:1884,48
DA:1885,10
DA:1886,134
DA:1887,124
DA:1888,64
DA:1889,144
DA:1890,100
DA:1891,99
DA:1892,8
DA:1893,48
DA:1894,96
DA:1895,117
DA:1896,18
DA:1897,39
DA:1898,5
DA:1899,5
DA:1900,20
DA:1903,76
DA:1904,64
DA:1905,92
DA:1907,2
DA:1922,34
DA:1923,22
DA:1924,6
DA:1925,36
DA:1926,59
DA:1928,65
DA:1929,109
DA:1931,148
DA:1932,80
DA:1933,13
DA:1934,17
DA:1935,9
DA:1937,108
DA:1938,72
DA:1939,46
DA:1941,62
DA:1942,24
DA:1943,19
DA:1944,13
DA:1945,84
DA:1946,9
DA:1947,11
DA:1948,9
DA:1950,62
DA:1951,25
DA:1952,19
DA:1953,13
DA:1954,61
DA:1955,9
DA:1956,11
DA:1957,9
DA:1959,65
DA:1960,93
DA:1961,98
DA:1962,13
DA:1963,17
DA:1964,9
DA:1966,113
DA:1967,108
DA:1968,10
DA:1971,139
DA:1972,186
DA:1973,54
DA:1974,5
DA:1976,26
DA:1982,47
DA:1985,2
DA:1986,12
DA:1987,22
DA:1988,36
DA:1990,30
DA:1991,28
DA:1992,6
DA:1993,74
DA:1994,12
DA:1995,22
DA:1996,36
DA:1997,30
DA:1998,14
DA:1999,5
LF:1384
LH:1115
end_of_record
TN:
SF:src/core/deployment/engine.ts
FNF:67
FNH:55
DA:9,246
DA:14,124
DA:15,190
DA:16,160
DA:17,114
DA:18,200
DA:19,130
DA:20,150
DA:21,102
DA:45,186
DA:46,92
DA:47,150
DA:48,172
DA:49,112
DA:50,112
DA:51,210
DA:56,116
DA:57,112
DA:58,112
DA:59,127
DA:93,1
DA:95,13
DA:96,90
DA:97,16
DA:98,38
DA:99,162
DA:100,28
DA:101,10
DA:102,106
DA:103,50
DA:104,176
DA:108,186
DA:109,140
DA:110,194
DA:111,136
DA:112,86
DA:113,26
DA:114,42
DA:115,46
DA:116,26
DA:117,22
DA:118,14
DA:119,106
DA:120,110
DA:121,80
DA:122,2
DA:123,12
DA:124,66
DA:125,26
DA:126,24
DA:127,64
DA:128,62
DA:129,12
DA:132,0
DA:133,0
DA:134,0
DA:135,0
DA:136,0
DA:137,0
DA:138,8
DA:139,12
DA:148,50
DA:149,93
DA:150,50
DA:151,64
DA:152,13
DA:153,13
DA:155,87
DA:156,37
DA:157,20
DA:159,50
DA:160,17
DA:161,30
DA:162,64
DA:163,129
DA:165,28
DA:166,13
DA:167,14
DA:179,66
DA:180,39
DA:181,37
DA:182,9
DA:184,46
DA:185,62
DA:186,9
DA:188,93
DA:189,0
DA:190,81
DA:193,138
DA:195,20
DA:196,51
DA:197,116
DA:198,45
DA:199,4
DA:200,51
DA:201,116
DA:203,50
DA:204,68
DA:205,35
DA:206,58
DA:208,13
DA:209,9
DA:216,44
DA:217,86
DA:218,96
DA:219,41
DA:226,64
DA:227,102
DA:234,34
DA:235,118
DA:236,110
DA:237,14
DA:238,114
DA:239,23
DA:240,9
DA:241,80
DA:248,32
DA:249,43
DA:252,29
DA:253,28
DA:254,84
DA:255,108
DA:256,104
DA:257,126
DA:258,104
DA:259,14
DA:262,23
DA:263,148
DA:264,74
DA:265,14
DA:267,60
DA:269,52
DA:270,40
DA:271,34
DA:272,9
DA:274,66
DA:275,64
DA:277,146
DA:278,74
DA:279,20
DA:285,72
DA:286,145
DA:292,38
DA:293,108
DA:299,9
DA:300,14
DA:301,18
DA:302,10
DA:305,134
DA:311,21
DA:312,14
DA:313,20
DA:314,18
DA:315,12
DA:316,27
DA:317,10
DA:318,106
DA:319,66
DA:320,66
DA:321,44
DA:322,100
DA:323,38
DA:324,88
DA:325,92
DA:326,14
DA:328,188
DA:329,28
DA:330,18
DA:331,32
DA:332,12
DA:333,114
DA:335,44
DA:336,73
DA:337,47
DA:338,73
DA:339,14
DA:340,28
DA:341,70
DA:342,2
DA:343,12
DA:345,22
DA:346,66
DA:347,48
DA:348,246
DA:349,50
DA:350,18
DA:353,182
DA:354,14
DA:355,20
DA:356,12
DA:357,18
DA:358,22
DA:359,38
DA:360,36
DA:361,24
DA:362,16
DA:365,175
DA:366,122
DA:367,59
DA:368,34
DA:369,17
DA:371,86
DA:372,24
DA:373,28
DA:374,14
DA:375,38
DA:376,16
DA:377,18
DA:378,40
DA:379,18
DA:380,28
DA:381,26
DA:382,22
DA:383,28
DA:384,32
DA:385,20
DA:388,55
DA:389,190
DA:390,45
DA:391,13
DA:392,13
DA:394,84
DA:395,28
DA:396,14
DA:397,28
DA:398,38
DA:399,16
DA:400,22
DA:401,18
DA:402,32
DA:403,16
DA:405,182
DA:408,62
DA:409,42
DA:410,74
DA:411,94
DA:412,78
DA:413,52
DA:414,16
DA:415,59
DA:416,27
DA:417,59
DA:418,27
DA:419,33
DA:420,26
DA:421,16
DA:422,120
DA:430,34
DA:431,42
DA:433,109
DA:435,186
DA:436,29
DA:437,13
DA:440,182
DA:442,92
DA:443,66
DA:444,46
DA:445,164
DA:446,56
DA:447,62
DA:448,18
DA:451,62
DA:452,42
DA:453,74
DA:454,94
DA:455,78
DA:456,52
DA:457,50
DA:458,26
DA:459,16
DA:460,120
DA:466,32
DA:467,42
DA:468,74
DA:469,94
DA:470,34
DA:471,50
DA:472,38
DA:473,26
DA:474,74
DA:475,64
DA:476,76
DA:477,58
DA:478,18
DA:479,14
DA:480,15
DA:492,24
DA:493,28
DA:494,18
DA:495,36
DA:496,10
DA:497,128
DA:498,132
DA:500,83
DA:501,166
DA:502,42
DA:503,26
DA:504,18
DA:508,54
DA:509,0
DA:510,0
DA:511,0
DA:512,12
DA:513,8
DA:514,13
DA:516,61
DA:517,26
DA:521,48
DA:523,86
DA:539,28
DA:540,14
DA:541,20
DA:542,12
DA:543,18
DA:544,22
DA:545,38
DA:546,36
DA:547,27
DA:552,10
DA:554,122
DA:555,84
DA:556,14
DA:557,136
DA:560,160
DA:561,194
DA:562,120
DA:563,86
DA:564,104
DA:565,98
DA:566,14
DA:569,158
DA:572,76
DA:573,73
DA:574,61
DA:575,56
DA:576,9
DA:579,110
DA:580,20
DA:581,12
DA:582,46
DA:583,46
DA:584,12
DA:585,176
DA:587,144
DA:588,82
DA:589,100
DA:590,96
DA:591,94
DA:592,14
DA:596,78
DA:597,80
DA:598,80
DA:599,93
DA:600,82
DA:601,130
DA:602,112
DA:603,156
DA:604,65
DA:605,130
DA:608,44
DA:609,79
DA:610,39
DA:611,89
DA:612,132
DA:613,148
DA:614,58
DA:615,60
DA:616,74
DA:617,18
DA:618,9
DA:619,9
DA:621,46
DA:622,48
DA:623,68
DA:624,50
DA:625,44
DA:626,120
DA:627,120
DA:632,99
DA:633,148
DA:634,58
DA:635,50
DA:636,96
DA:638,12
DA:640,117
DA:650,28
DA:651,18
DA:652,22
DA:653,35
DA:654,10
DA:655,82
DA:656,13
DA:657,67
DA:658,52
DA:659,81
DA:660,87
DA:661,44
DA:662,82
DA:663,11
DA:666,52
DA:667,74
DA:668,23
DA:669,97
DA:670,41
DA:671,14
DA:673,15
DA:695,14
DA:696,24
DA:697,28
DA:698,14
DA:699,38
DA:700,16
DA:701,18
DA:702,40
DA:703,18
DA:704,28
DA:705,26
DA:706,22
DA:707,28
DA:708,35
DA:709,10
DA:710,100
DA:711,56
DA:712,102
DA:713,92
DA:714,14
DA:715,36
DA:716,280
DA:717,12
DA:719,76
DA:722,82
DA:724,97
DA:725,104
DA:726,9
DA:728,66
DA:729,66
DA:730,74
DA:731,84
DA:732,120
DA:733,92
DA:734,0
DA:735,0
DA:736,26
DA:738,12
DA:741,58
DA:744,154
DA:745,136
DA:746,118
DA:748,142
DA:749,47
DA:750,120
DA:751,174
DA:752,36
DA:753,50
DA:754,42
DA:755,40
DA:756,46
DA:757,64
DA:758,36
DA:759,58
DA:760,18
DA:761,9
DA:762,13
DA:764,114
DA:765,64
DA:766,76
DA:767,90
DA:768,18
DA:775,97
DA:776,138
DA:777,157
DA:778,180
DA:779,54
DA:780,88
DA:781,26
DA:782,81
DA:783,13
DA:784,13
DA:786,26
DA:787,122
DA:790,98
DA:791,38
DA:792,18
DA:793,32
DA:794,22
DA:795,20
DA:797,164
DA:801,56
DA:802,41
DA:803,27
DA:804,45
DA:805,68
DA:806,99
DA:807,44
DA:808,31
DA:809,30
DA:810,12
DA:811,59
DA:812,0
DA:813,90
DA:815,0
DA:816,0
DA:817,0
DA:818,0
DA:819,13
DA:821,10
DA:822,17
DA:824,114
DA:825,46
DA:826,18
DA:827,18
DA:828,22
DA:829,20
DA:830,126
DA:832,36
DA:833,48
DA:834,42
DA:835,48
DA:836,12
DA:837,46
DA:838,158
DA:839,68
DA:840,50
DA:841,78
DA:842,124
DA:843,144
DA:844,76
DA:845,54
DA:846,62
DA:847,66
DA:848,20
DA:849,110
DA:850,36
DA:851,50
DA:852,42
DA:853,124
DA:854,40
DA:855,46
DA:856,64
DA:857,76
DA:858,58
DA:859,18
DA:860,16
DA:862,12
DA:865,152
DA:866,162
DA:867,166
DA:869,26
DA:870,136
DA:871,128
DA:872,80
DA:873,22
DA:874,36
DA:875,48
DA:876,52
DA:877,66
DA:878,28
DA:879,12
DA:880,46
DA:881,152
DA:882,36
DA:883,50
DA:884,52
DA:885,66
DA:886,40
DA:887,108
DA:888,64
DA:889,76
DA:890,58
DA:891,18
DA:892,16
DA:894,12
DA:897,128
DA:900,130
DA:903,66
DA:904,64
DA:905,62
DA:906,56
DA:907,54
DA:909,83
DA:910,87
DA:911,92
DA:913,103
DA:915,85
DA:916,62
DA:917,39
DA:918,72
DA:919,58
DA:920,85
DA:921,96
DA:922,38
DA:924,35
DA:926,159
DA:927,140
DA:928,68
DA:930,104
DA:931,70
DA:932,40
DA:933,32
DA:934,24
DA:935,39
DA:936,72
DA:937,60
DA:938,85
DA:939,96
DA:940,25
DA:941,107
DA:942,140
DA:943,51
DA:946,16
DA:947,32
DA:948,103
DA:950,9
DA:953,115
DA:954,142
DA:955,142
DA:957,92
DA:958,66
DA:959,50
DA:960,140
DA:961,50
DA:962,18
DA:963,32
DA:964,42
DA:965,74
DA:966,94
DA:967,34
DA:968,50
DA:969,24
DA:970,7
DA:971,9
DA:974,108
DA:975,178
DA:977,144
DA:978,156
DA:979,150
DA:980,60
DA:981,70
DA:982,50
DA:983,140
DA:984,14
DA:986,20
DA:1002,23
DA:1003,28
DA:1004,14
DA:1005,28
DA:1006,38
DA:1007,16
DA:1008,22
DA:1009,18
DA:1010,36
DA:1011,10
DA:1012,88
DA:1013,172
DA:1014,30
DA:1015,179
DA:1018,172
DA:1019,60
DA:1020,100
DA:1021,96
DA:1022,98
DA:1023,100
DA:1024,48
DA:1025,187
DA:1026,108
DA:1027,74
DA:1028,20
DA:1029,14
DA:1031,62
DA:1032,113
DA:1033,394
DA:1034,46
DA:1035,14
DA:1037,28
DA:1038,38
DA:1039,70
DA:1040,90
DA:1041,30
DA:1042,26
DA:1043,20
DA:1044,14
DA:1054,20
DA:1055,34
DA:1056,22
DA:1057,35
DA:1058,10
DA:1060,52
DA:1061,13
DA:1062,49
DA:1063,59
DA:1064,23
DA:1065,76
DA:1066,41
DA:1067,14
DA:1069,9
DA:1072,56
DA:1073,116
DA:1080,43
DA:1081,26
DA:1082,40
DA:1083,15
DA:1084,10
DA:1085,150
DA:1086,157
DA:1087,17
DA:1088,9
DA:1089,22
DA:1090,106
DA:1091,116
DA:1092,62
DA:1093,42
DA:1094,66
DA:1095,80
DA:1096,14
DA:1097,18
DA:1098,126
DA:1099,156
DA:1100,54
DA:1101,62
DA:1102,62
DA:1103,76
DA:1104,17
DA:1105,42
DA:1106,158
DA:1107,54
DA:1108,78
DA:1109,29
DA:1116,23
DA:1117,20
DA:1118,18
DA:1119,18
DA:1120,25
DA:1121,10
DA:1123,58
DA:1124,62
DA:1125,9
DA:1128,110
DA:1129,122
DA:1130,96
DA:1131,34
DA:1132,52
DA:1133,66
DA:1134,14
DA:1135,128
DA:1137,62
DA:1138,46
DA:1139,34
DA:1140,142
DA:1141,46
DA:1142,14
DA:1145,146
DA:1146,20
DA:1147,18
DA:1148,18
DA:1149,28
DA:1150,12
DA:1155,96
DA:1158,142
DA:1159,26
DA:1160,38
DA:1161,28
DA:1162,12
DA:1166,106
DA:1172,45
DA:1173,184
DA:1174,9
DA:1177,194
DA:1180,64
DA:1181,42
DA:1182,94
DA:1183,114
DA:1184,134
DA:1185,66
DA:1186,50
DA:1187,40
DA:1188,48
DA:1189,12
DA:1192,85
DA:1193,126
DA:1194,26
DA:1195,159
DA:1196,46
DA:1197,86
DA:1198,104
DA:1199,142
DA:1201,76
DA:1202,9
DA:1204,130
DA:1205,59
DA:1214,23
DA:1215,36
DA:1216,18
DA:1217,26
DA:1218,10
DA:1219,188
DA:1225,28
DA:1226,38
DA:1227,18
DA:1228,10
DA:1229,174
DA:1232,27
DA:1233,38
DA:1234,18
DA:1235,10
DA:1236,167
DA:1242,36
DA:1243,167
DA:1249,53
DA:1250,73
DA:1251,72
DA:1252,14
DA:1258,17
DA:1259,20
DA:1260,18
DA:1261,10
DA:1262,46
DA:1263,56
DA:1264,74
DA:1265,120
DA:1266,114
DA:1267,12
DA:1270,0
DA:1271,0
DA:1272,0
DA:1273,0
DA:1274,0
DA:1275,0
DA:1276,0
DA:1277,72
DA:1288,11
DA:1289,28
DA:1290,22
DA:1291,10
DA:1292,136
DA:1293,59
DA:1294,72
DA:1295,116
DA:1296,28
DA:1297,18
DA:1298,7
DA:1299,9
DA:1300,112
DA:1325,17
DA:1326,36
DA:1327,21
DA:1328,10
DA:1329,66
DA:1330,110
DA:1331,84
DA:1332,136
DA:1333,22
DA:1338,66
DA:1339,105
DA:1340,126
DA:1341,152
DA:1342,29
DA:1343,13
DA:1344,13
DA:1350,112
DA:1351,93
DA:1352,30
DA:1353,132
DA:1354,68
DA:1355,76
DA:1356,23
DA:1359,174
DA:1360,64
DA:1361,107
DA:1362,77
DA:1363,102
DA:1364,144
DA:1365,21
DA:1366,21
DA:1368,134
DA:1369,50
DA:1370,94
DA:1371,102
DA:1372,48
DA:1373,68
DA:1374,24
DA:1375,30
DA:1376,98
DA:1377,48
DA:1378,13
DA:1381,51
DA:1382,10
DA:1383,58
DA:1385,41
DA:1387,89
DA:1388,14
DA:1390,152
DA:1391,36
DA:1392,48
DA:1393,16
DA:1395,30
DA:1396,174
DA:1401,105
DA:1402,96
DA:1403,13
DA:1405,32
DA:1406,42
DA:1407,56
DA:1408,82
DA:1409,30
DA:1410,24
DA:1411,9
DA:1412,21
DA:1414,16
DA:1415,21
DA:1416,32
DA:1417,41
DA:1418,25
DA:1419,19
DA:1420,13
DA:1421,37
DA:1422,30
DA:1423,38
DA:1424,29
DA:1425,9
DA:1426,7
DA:1427,19
DA:1440,39
DA:1444,10
DA:1445,134
DA:1451,50
DA:1452,136
DA:1454,59
DA:1455,32
DA:1456,42
DA:1457,52
DA:1458,56
DA:1459,38
DA:1460,7
DA:1461,9
DA:1463,44
DA:1464,38
DA:1465,16
DA:1466,83
DA:1467,25
DA:1468,39
DA:1469,11
DA:1470,22
DA:1471,88
DA:1472,82
DA:1473,12
DA:1475,73
DA:1476,96
DA:1477,192
DA:1478,9
DA:1480,0
DA:1481,0
DA:1482,0
DA:1483,0
DA:1484,0
DA:1485,0
DA:1486,0
DA:1487,0
DA:1488,0
DA:1489,0
DA:1490,0
DA:1491,0
DA:1492,0
DA:1493,0
DA:1494,0
DA:1495,0
DA:1496,0
DA:1497,0
DA:1498,0
DA:1499,0
DA:1500,0
DA:1501,0
DA:1502,0
DA:1503,0
DA:1504,0
DA:1505,0
DA:1506,0
DA:1507,0
DA:1508,0
DA:1509,0
DA:1510,0
DA:1511,0
DA:1512,7
DA:1514,2
LF:983
LH:927
end_of_record
TN:
SF:src/core/deployment/errors.ts
FNF:4
FNH:3
DA:16,1
DA:18,93
DA:19,54
DA:20,190
DA:21,206
DA:22,80
DA:23,12
DA:24,12
DA:25,140
DA:26,58
DA:27,14
DA:28,38
DA:29,38
DA:30,54
DA:31,30
DA:32,2
DA:33,12
DA:34,84
DA:35,46
DA:36,69
DA:38,2
DA:43,116
DA:44,30
DA:45,30
DA:46,24
DA:47,27
DA:49,101
DA:50,127
DA:51,54
DA:52,180
DA:53,166
DA:54,170
DA:55,12
DA:56,204
DA:57,38
DA:58,38
DA:59,32
DA:60,30
DA:61,14
DA:62,80
DA:63,74
DA:64,74
DA:65,62
DA:66,69
DA:68,2
DA:70,132
DA:71,27
DA:73,0
DA:74,0
DA:75,0
DA:76,0
DA:77,0
DA:78,0
DA:79,0
DA:80,0
DA:81,0
DA:82,0
DA:83,0
DA:84,0
DA:85,0
DA:86,0
DA:87,0
DA:88,0
DA:89,0
DA:90,0
DA:91,36
DA:93,2
DA:95,123
DA:96,123
DA:97,12
DA:98,318
DA:99,52
DA:100,134
DA:101,12
DA:102,88
DA:103,45
DA:105,1
LF:77
LH:59
end_of_record
TN:
SF:src/core/deployment/event-filter.ts
FNF:28
FNH:25
DA:9,222
DA:13,86
DA:14,114
DA:75,57
DA:76,111
DA:81,51
DA:82,69
DA:83,23
DA:84,9
DA:87,152
DA:88,50
DA:90,113
DA:91,106
DA:92,80
DA:93,100
DA:94,178
DA:95,45
DA:96,62
DA:97,9
DA:98,9
DA:100,59
DA:106,69
DA:107,50
DA:109,65
DA:110,102
DA:111,47
DA:112,118
DA:113,13
DA:114,58
DA:115,9
DA:117,59
DA:123,0
DA:124,0
DA:125,0
DA:126,0
DA:127,0
DA:128,0
DA:129,0
DA:130,0
DA:131,0
DA:132,0
DA:133,0
DA:134,0
DA:135,0
DA:136,33
DA:142,54
DA:143,71
DA:144,23
DA:145,9
DA:150,194
DA:152,71
DA:153,65
DA:154,9
DA:156,25
DA:162,34
DA:163,22
DA:164,10
DA:165,54
DA:167,81
DA:168,144
DA:169,84
DA:170,54
DA:171,54
DA:172,9
DA:174,33
DA:180,31
DA:181,12
DA:182,22
DA:183,22
DA:184,10
DA:185,186
DA:187,69
DA:189,163
DA:190,80
DA:193,43
DA:194,14
DA:197,30
DA:200,2
DA:205,54
DA:206,20
DA:207,92
DA:208,100
DA:209,62
DA:211,61
DA:213,51
DA:214,44
DA:215,122
DA:216,134
DA:217,190
DA:218,178
DA:219,12
DA:225,56
DA:226,76
DA:227,78
DA:228,37
DA:229,38
DA:230,38
DA:231,58
DA:232,78
DA:233,15
DA:236,110
DA:239,82
DA:240,170
DA:242,149
DA:243,174
DA:244,45
DA:245,104
DA:246,9
DA:247,9
DA:249,108
DA:250,116
DA:251,92
DA:252,14
DA:254,61
DA:260,74
DA:262,125
DA:263,29
DA:264,9
DA:267,86
DA:268,54
DA:269,54
DA:270,60
DA:271,12
DA:273,113
DA:274,27
DA:275,9
DA:278,93
DA:279,121
DA:280,5
DA:282,19
DA:288,43
DA:289,122
DA:290,142
DA:292,50
DA:293,120
DA:295,43
DA:297,96
DA:298,60
DA:299,46
DA:300,44
DA:301,34
DA:302,44
DA:303,18
DA:304,29
DA:305,9
DA:308,144
DA:309,122
DA:311,75
DA:313,96
DA:314,60
DA:315,46
DA:316,44
DA:317,34
DA:318,44
DA:319,18
DA:320,29
DA:321,9
DA:324,56
DA:325,42
DA:326,62
DA:329,57
DA:335,42
DA:337,79
DA:338,31
DA:339,9
DA:342,83
DA:343,74
DA:344,34
DA:345,44
DA:346,54
DA:347,66
DA:348,60
DA:349,56
DA:350,40
DA:351,40
DA:352,16
DA:354,161
DA:355,33
DA:356,13
DA:358,35
DA:359,9
DA:362,81
DA:363,78
DA:364,40
DA:365,34
DA:366,36
DA:367,36
DA:368,36
DA:369,50
DA:370,16
DA:372,165
DA:373,37
DA:374,13
DA:376,29
DA:377,5
DA:379,24
DA:385,25
DA:386,32
DA:387,15
DA:388,10
DA:389,60
DA:391,22
DA:396,101
DA:398,184
DA:399,88
DA:402,86
DA:403,76
DA:404,37
DA:405,13
DA:406,13
DA:408,114
DA:409,128
DA:410,78
DA:411,16
DA:412,21
DA:413,89
DA:416,50
DA:422,41
DA:423,50
DA:424,122
DA:425,50
DA:427,117
DA:428,118
DA:429,65
DA:431,88
DA:432,42
DA:433,9
DA:434,9
DA:436,57
DA:437,122
DA:438,74
DA:439,104
DA:440,14
DA:441,9
DA:447,58
DA:448,72
DA:449,81
DA:450,188
DA:451,88
DA:452,9
DA:458,27
DA:459,22
DA:460,10
DA:461,54
DA:463,81
DA:464,112
DA:465,96
DA:466,54
DA:467,66
DA:468,9
DA:470,33
DA:476,22
DA:477,14
DA:478,38
DA:479,10
DA:484,97
DA:485,172
DA:487,74
DA:488,20
DA:489,7
DA:490,13
DA:492,167
DA:494,147
DA:495,31
DA:496,7
DA:497,9
DA:498,9
DA:500,31
DA:506,45
DA:507,28
DA:508,38
DA:509,188
DA:510,54
DA:511,62
DA:512,9
DA:518,47
DA:519,131
DA:525,71
DA:526,112
DA:532,31
DA:533,26
DA:534,18
DA:535,10
DA:539,0
DA:540,0
DA:541,0
DA:542,0
DA:543,0
DA:544,0
DA:545,0
DA:546,0
DA:547,0
DA:548,0
DA:549,0
DA:550,0
DA:551,0
DA:552,0
DA:553,0
DA:554,0
DA:555,0
DA:556,0
DA:557,0
DA:558,0
DA:559,0
DA:560,0
DA:561,0
DA:562,0
DA:563,0
DA:564,0
DA:565,0
DA:566,0
DA:567,0
DA:568,20
DA:571,2
DA:576,73
DA:577,65
LF:316
LH:274
end_of_record
TN:
SF:src/core/deployment/event-monitor.ts
FNF:56
FNH:46
DA:8,94
DA:9,510
DA:18,86
DA:19,114
DA:162,1
DA:164,13
DA:165,66
DA:166,90
DA:167,28
DA:168,28
DA:169,10
DA:170,118
DA:171,118
DA:172,44
DA:173,96
DA:174,122
DA:175,134
DA:176,94
DA:177,36
DA:178,57
DA:179,24
DA:182,176
DA:187,176
DA:188,182
DA:189,162
DA:190,164
DA:191,158
DA:192,17
DA:198,65
DA:199,52
DA:200,59
DA:201,11
DA:202,9
DA:204,106
DA:205,92
DA:206,80
DA:207,78
DA:208,14
DA:210,22
DA:213,62
[...]
FNF:1
FNH:0
DA:11,69
DA:29,0
DA:30,0
DA:31,0
DA:32,0
DA:33,0
DA:34,0
DA:35,0
DA:36,0
DA:37,0
DA:38,0
DA:39,0
DA:40,0
DA:41,0
DA:42,0
DA:43,0
DA:44,0
DA:45,0
DA:46,0
DA:47,0
DA:48,0
DA:49,0
DA:50,0
DA:51,0
DA:52,0
DA:53,0
DA:54,0
DA:55,0
DA:56,0
DA:57,0
DA:58,0
DA:59,0
LF:32
LH:1
end_of_record
TN:
SF:src/factories/simple/workloads/deployment.ts
FNF:2
FNH:2
DA:9,97
DA:10,68
DA:13,70
DA:16,63
DA:24,1
DA:25,8
DA:26,3
DA:27,24
DA:28,55
DA:29,9
DA:30,27
DA:31,7
DA:32,74
DA:33,13
DA:34,3
DA:35,4
DA:36,4
DA:38,26
DA:39,35
DA:40,17
DA:41,26
DA:42,13
DA:43,74
DA:44,15
DA:45,11
DA:46,29
DA:47,31
DA:48,18
DA:49,74
DA:50,20
DA:51,7
DA:52,8
DA:53,17
DA:54,25
DA:55,13
DA:56,74
DA:57,21
DA:58,7
DA:59,5
DA:60,6
DA:61,13
DA:62,30
DA:63,22
DA:64,74
DA:65,15
DA:66,8
DA:67,19
DA:68,24
DA:69,25
DA:70,13
DA:71,74
DA:72,31
DA:73,9
DA:74,7
DA:75,8
DA:76,19
DA:77,21
DA:78,21
DA:79,25
DA:80,13
DA:81,74
DA:82,35
DA:83,11
DA:84,9
DA:85,10
DA:86,17
DA:87,25
DA:88,15
DA:89,26
DA:90,13
DA:91,74
DA:92,39
DA:93,16
DA:94,27
DA:95,14
DA:96,74
DA:97,40
DA:98,19
DA:99,63
DA:100,54
DA:101,43
DA:102,63
DA:103,57
DA:104,69
DA:105,72
DA:106,11
DA:107,15
DA:108,53
DA:109,7
DA:110,5
DA:111,3
DA:112,3
DA:132,80
LF:93
LH:93
end_of_record
TN:
SF:src/factories/simple/workloads/index.ts
FNF:1
FNH:1
DA:8,40
DA:9,44
DA:10,45
DA:11,31
DA:12,47
LF:5
LH:5
end_of_record
TN:
SF:src/factories/simple/workloads/job.ts
FNF:1
FNH:0
DA:10,56
DA:29,0
DA:30,0
DA:31,0
DA:32,0
DA:33,0
DA:34,0
DA:35,0
DA:36,0
DA:37,0
DA:38,0
DA:39,0
DA:40,0
DA:41,0
DA:42,0
DA:43,0
DA:44,0
DA:45,0
DA:46,0
DA:47,0
DA:48,0
DA:49,0
DA:50,0
DA:51,0
DA:52,0
DA:53,0
LF:26
LH:1
end_of_record
TN:
SF:src/factories/simple/workloads/stateful-set.ts
FNF:1
FNH:0
DA:11,73
DA:31,0
DA:32,0
DA:33,0
DA:34,0
DA:35,0
DA:36,0
DA:37,0
DA:38,0
DA:39,0
DA:40,0
DA:41,0
DA:42,0
DA:43,0
DA:44,0
DA:45,0
DA:46,0
DA:47,0
DA:48,0
DA:49,0
DA:50,0
DA:51,0
DA:52,0
DA:53,0
DA:54,0
DA:55,0
DA:56,0
DA:57,0
DA:58,0
DA:59,0
DA:60,0
DA:61,0
DA:62,0
DA:63,0
DA:64,0
DA:65,0
LF:36
LH:1
end_of_record
TN:
SF:src/factories/simple/yaml/index.ts
FNF:1
FNH:0
DA:6,62
DA:23,0
DA:24,0
DA:25,0
DA:26,0
DA:27,0
DA:28,0
DA:29,0
DA:30,0
DA:31,0
DA:32,0
LF:11
LH:1
end_of_record
TN:
SF:src/factories/valkey/compositions/valkey-bootstrap.ts
FNF:2
FNH:2
DA:1,80
DA:2,74
DA:3,67
DA:4,54
DA:5,63
DA:6,68
DA:7,83
DA:8,132
DA:14,88
DA:19,76
DA:26,13
DA:27,38
DA:59,52
DA:60,3
DA:61,27
DA:62,26
DA:63,36
DA:64,36
DA:65,1
DA:66,13
DA:67,71
DA:68,65
DA:69,55
DA:73,41
DA:75,55
DA:76,9
DA:77,33
DA:78,26
DA:79,5
DA:84,40
DA:85,17
DA:86,30
DA:87,17
DA:88,52
DA:89,48
DA:90,48
DA:91,47
DA:92,5
DA:93,6
DA:94,23
DA:95,5
DA:100,50
DA:101,35
DA:102,38
DA:103,28
DA:104,5
DA:106,44
DA:107,20
DA:108,33
DA:109,29
DA:110,23
DA:111,45
DA:112,25
DA:113,5
DA:115,38
DA:116,17
DA:117,43
DA:118,17
DA:119,52
DA:120,48
DA:121,48
DA:122,47
DA:123,5
DA:124,6
DA:125,14
DA:126,9
DA:127,24
DA:128,76
DA:129,76
DA:130,8
DA:131,9
DA:132,24
DA:133,28
DA:134,37
DA:135,8
DA:136,9
DA:137,24
DA:138,30
DA:139,32
DA:140,8
DA:141,9
DA:142,28
DA:143,51
DA:144,76
DA:145,8
DA:146,9
DA:147,30
DA:148,44
DA:149,76
DA:150,8
DA:151,9
DA:152,37
DA:153,31
DA:154,76
DA:155,8
DA:156,9
DA:157,37
DA:158,38
DA:159,39
DA:160,8
DA:161,9
DA:162,37
DA:163,42
DA:164,23
DA:165,8
DA:166,9
DA:167,38
DA:168,38
DA:169,37
DA:170,8
DA:171,9
DA:172,39
DA:173,36
DA:174,76
DA:175,8
DA:176,9
DA:177,39
DA:178,49
DA:179,37
DA:180,8
DA:181,9
DA:182,45
DA:183,39
DA:184,76
DA:185,5
DA:186,6
DA:187,25
DA:188,5
DA:190,52
DA:191,17
DA:192,68
DA:193,17
DA:194,52
DA:195,48
DA:196,48
DA:197,47
DA:198,5
DA:199,6
DA:200,16
DA:201,44
DA:202,26
DA:203,40
DA:204,6
DA:205,17
DA:206,9
DA:207,31
DA:208,51
DA:209,34
DA:210,5
DA:211,6
DA:212,32
DA:213,5
DA:219,18
DA:220,62
DA:221,61
DA:222,58
DA:223,58
DA:224,63
DA:225,2
DA:228,12
DA:229,16
DA:230,32
DA:231,53
DA:232,6
DA:235,16
DA:236,32
DA:237,78
DA:238,6
DA:241,17
DA:242,32
DA:243,54
DA:244,6
DA:248,21
DA:249,1
DA:251,2
LF:175
LH:175
end_of_record
TN:
SF:src/factories/valkey/resources/helm.ts
FNF:2
FNH:2
DA:12,74
DA:14,104
DA:20,87
DA:22,57
DA:26,66
DA:29,54
DA:32,63
DA:49,6
DA:50,8
DA:51,3
DA:52,27
DA:53,50
DA:54,58
DA:55,47
DA:56,16
DA:57,41
DA:58,32
DA:59,26
DA:60,48
DA:61,2
DA:79,6
DA:80,8
DA:81,3
DA:86,24
DA:87,22
DA:88,60
DA:89,14
DA:90,42
DA:91,30
DA:92,53
DA:93,6
DA:94,18
DA:95,62
DA:96,40
DA:97,26
DA:98,6
DA:99,35
DA:100,32
DA:101,26
DA:102,43
DA:103,1
LF:41
LH:41
end_of_record
TN:
SF:src/factories/valkey/resources/valkey.ts
FNF:3
FNH:3
DA:8,90
DA:10,49
DA:14,86
DA:23,18
DA:24,32
DA:25,34
DA:27,17
DA:28,14
DA:29,19
DA:30,50
DA:31,27
DA:32,1
DA:33,2
DA:36,31
DA:37,14
DA:38,18
DA:39,41
DA:40,19
DA:41,1
DA:42,2
DA:44,32
DA:46,76
DA:47,26
DA:48,16
DA:49,21
DA:50,73
DA:51,49
DA:52,1
DA:53,4
DA:54,14
DA:55,19
DA:56,45
DA:57,22
DA:58,1
DA:59,2
DA:62,40
DA:99,1
DA:100,8
DA:101,3
DA:105,27
DA:106,21
DA:107,53
DA:108,28
DA:109,26
DA:110,13
DA:111,27
DA:113,2
DA:115,22
DA:116,5
DA:117,35
DA:118,19
DA:119,17
DA:120,27
DA:121,58
DA:125,17
DA:126,43
DA:127,50
DA:128,47
DA:129,5
DA:130,6
DA:131,21
DA:132,32
DA:133,3
DA:134,45
DA:135,51
DA:141,42
LF:66
LH:66
end_of_record
TN:
SF:src/factories/valkey/types.ts
FNF:1
FNH:1
DA:13,31
DA:20,32
DA:21,19
DA:22,36
DA:23,21
DA:24,63
DA:25,31
DA:26,2
DA:29,42
DA:30,57
DA:31,53
DA:32,2
DA:44,50
DA:46,17
DA:48,25
DA:50,23
DA:52,45
DA:62,21
DA:63,3
DA:82,41
DA:84,17
DA:86,25
DA:88,18
DA:90,11
DA:93,23
DA:95,31
DA:97,24
DA:99,26
DA:101,31
DA:105,32
DA:107,58
DA:111,22
DA:113,28
DA:115,32
DA:119,19
DA:120,18
DA:122,35
DA:124,38
DA:126,25
DA:127,45
DA:128,7
DA:129,5
DA:130,6
DA:132,36
DA:134,50
DA:136,49
DA:140,78
DA:144,26
DA:146,28
DA:148,42
DA:150,32
DA:152,30
DA:154,34
DA:156,19
DA:158,27
DA:160,30
DA:162,30
DA:164,54
DA:166,33
DA:168,46
DA:169,8
DA:171,26
DA:173,46
DA:174,5
DA:175,6
DA:179,29
DA:181,50
DA:183,33
DA:187,46
DA:189,53
DA:190,2
DA:191,3
DA:240,50
DA:241,34
DA:242,19
DA:243,20
DA:244,21
DA:245,3
DA:252,55
DA:254,20
DA:256,25
DA:258,19
DA:260,31
DA:262,24
DA:264,16
DA:265,3
DA:271,52
DA:273,17
DA:275,25
DA:277,23
DA:279,39
DA:281,30
DA:283,16
DA:284,2
LF:94
LH:94
end_of_record
TN:
SF:src/factories/valkey/utils/helm-values-mapper.ts
FNF:3
FNH:2
DA:27,17
DA:28,20
DA:30,29
DA:31,45
DA:32,2
DA:34,36
DA:41,9
DA:42,20
DA:43,52
DA:44,41
DA:45,80
DA:46,51
DA:47,45
DA:48,28
DA:49,4
DA:50,13
DA:51,26
DA:53,2
DA:54,14
DA:63,0
DA:64,0
DA:65,0
LF:22
LH:19
end_of_record
TN:
SF:src/factories/webapp/compositions/web-app-with-processing.ts
FNF:1
FNH:1
DA:2,80
DA:3,65
DA:4,64
DA:5,74
DA:6,58
DA:7,59
DA:8,56
DA:9,83
DA:10,47
DA:11,80
DA:12,58
DA:13,98
DA:100,57
DA:101,3
DA:102,34
DA:103,31
DA:104,41
DA:105,41
DA:106,1
DA:107,13
DA:108,41
DA:109,40
DA:110,45
DA:111,56
DA:118,49
DA:119,47
DA:145,44
DA:146,24
DA:147,16
DA:148,24
DA:149,55
DA:150,63
DA:151,55
DA:152,3
DA:153,5
DA:155,50
DA:156,26
DA:157,16
DA:158,26
DA:159,59
DA:160,73
DA:161,3
DA:162,5
DA:166,30
DA:167,28
DA:168,18
DA:169,13
DA:170,41
DA:171,18
DA:172,43
DA:173,81
DA:174,8
DA:175,20
DA:176,50
DA:177,5
DA:178,6
DA:179,16
DA:180,5
DA:182,29
DA:183,35
DA:184,18
DA:185,13
DA:186,43
DA:187,17
DA:188,42
DA:189,6
DA:190,16
DA:191,5
DA:195,26
DA:196,31
DA:197,18
DA:198,13
DA:199,63
DA:200,29
DA:201,70
DA:202,73
DA:203,18
DA:204,17
DA:205,41
DA:206,78
DA:207,7
DA:208,5
DA:209,6
DA:210,13
DA:211,5
DA:231,20
DA:232,31
DA:233,18
DA:234,17
DA:235,41
DA:236,54
DA:237,6
DA:238,46
DA:239,20
DA:240,5
DA:241,22
DA:242,31
DA:243,18
DA:244,13
DA:245,22
DA:246,5
DA:255,52
DA:256,66
DA:264,50
DA:265,33
DA:266,18
DA:267,42
DA:268,16
DA:269,41
DA:270,45
DA:271,92
DA:272,60
DA:273,34
DA:274,6
DA:275,35
DA:276,30
DA:277,37
DA:278,75
DA:281,21
DA:282,45
DA:283,18
DA:284,28
DA:285,30
DA:286,21
DA:287,13
DA:288,38
DA:289,26
DA:290,31
DA:291,57
DA:292,38
DA:293,13
DA:294,11
DA:295,12
DA:296,13
DA:297,40
DA:298,26
DA:299,31
DA:300,57
DA:301,40
DA:302,13
DA:303,11
DA:304,12
DA:305,13
DA:306,41
DA:307,26
DA:308,31
DA:309,35
DA:310,24
DA:311,13
DA:312,11
DA:313,9
DA:314,7
DA:315,5
DA:316,3
DA:317,5
DA:323,41
DA:324,44
DA:325,44
DA:334,63
DA:335,12
DA:336,17
DA:337,30
DA:338,17
DA:339,6
DA:340,19
DA:341,50
DA:342,51
DA:343,6
DA:344,26
DA:345,5
DA:349,20
DA:350,85
DA:351,54
DA:352,53
DA:353,60
DA:356,14
DA:357,4
DA:362,42
DA:363,52
DA:364,46
DA:365,71
DA:367,35
DA:368,20
DA:369,18
DA:370,26
DA:371,26
DA:372,40
DA:373,16
DA:374,24
DA:375,11
DA:376,5
DA:378,20
DA:379,20
DA:380,18
DA:381,33
DA:382,52
DA:383,18
DA:384,5
DA:388,12
DA:389,7
DA:390,43
DA:391,68
DA:392,22
DA:393,37
DA:394,84
DA:395,46
DA:396,23
DA:397,52
DA:398,40
DA:399,20
DA:400,51
DA:401,45
DA:402,19
DA:403,51
DA:404,81
DA:405,32
DA:406,45
DA:407,3
DA:408,1
DA:410,2
LF:220
LH:220
end_of_record
TN:
SF:src/factories/webapp/types.ts
FNF:1
FNH:1
DA:14,31
DA:15,61
DA:16,65
DA:18,42
DA:19,57
DA:20,53
DA:21,2
DA:23,35
DA:24,22
DA:25,56
DA:26,25
DA:27,8
DA:28,22
DA:29,59
DA:30,22
DA:31,3
DA:43,55
DA:45,17
DA:47,25
DA:49,10
DA:51,20
DA:53,22
DA:55,26
DA:57,37
DA:74,41
DA:75,4
DA:77,15
DA:79,27
DA:81,26
DA:83,30
DA:85,26
DA:87,20
DA:88,4
DA:90,15
DA:92,24
DA:94,26
DA:96,36
DA:98,26
DA:99,4
DA:101,17
DA:107,23
DA:113,25
DA:115,26
DA:117,26
DA:119,47
DA:120,4
DA:143,55
DA:151,57
DA:152,3
DA:161,55
DA:162,19
DA:163,24
DA:164,25
DA:165,25
DA:166,21
DA:167,22
DA:168,22
DA:169,23
DA:170,19
DA:171,17
DA:172,19
DA:173,24
DA:174,21
DA:175,20
DA:176,2
DA:177,2
LF:66
LH:66
end_of_record
TN:
SF:src/index.ts
FNF:1
FNH:1
DA:96,73
DA:97,58
DA:104,65
DA:106,67
DA:116,170
DA:124,68
DA:129,64
DA:131,37
DA:139,82
DA:144,77
DA:145,162
DA:151,69
DA:153,82
DA:160,152
LF:14
LH:14
end_of_record
TN:
SF:src/shared/brands.ts
FNF:1
FNH:1
DA:16,72
DA:21,72
DA:26,72
DA:31,80
DA:36,84
DA:41,76
DA:60,93
DA:61,141
DA:62,199
DA:63,169
DA:64,55
DA:65,161
DA:66,2
LF:13
LH:13
end_of_record
TN:
SF:src/utils/cel-escape.ts
FNF:1
FNH:1
DA:11,16
DA:12,13
DA:13,23
DA:14,22
DA:15,22
DA:16,22
DA:17,21
LF:7
LH:7
end_of_record
TN:
SF:src/utils/helpers.ts
FNF:4
FNH:4
DA:15,65
DA:24,14
DA:25,43
DA:26,10
DA:27,2
DA:29,28
DA:30,72
DA:31,2
DA:33,33
DA:34,23
DA:35,54
DA:36,56
DA:37,40
DA:38,34
DA:39,4
DA:40,4
DA:41,14
DA:42,2
DA:44,11
DA:55,6
DA:56,8
DA:57,8
DA:58,3
DA:63,39
DA:77,14
DA:78,49
LF:26
LH:26
end_of_record
TN:
SF:src/utils/index.ts
FNF:1
FNH:1
DA:9,97
DA:11,118
DA:20,158
LF:3
LH:3
end_of_record
TN:
SF:src/utils/string.ts
FNF:8
FNH:8
DA:12,14
DA:13,9
DA:14,0
DA:15,2
DA:17,11
DA:18,14
DA:19,25
DA:20,23
DA:21,51
DA:22,4
DA:23,65
DA:24,2
DA:25,9
DA:31,14
DA:32,11
DA:33,17
DA:34,72
DA:35,9
DA:42,21
DA:43,31
DA:44,31
DA:45,27
DA:46,11
DA:47,31
DA:50,29
DA:51,57
DA:52,58
DA:54,42
DA:55,33
DA:56,38
DA:57,44
DA:58,57
DA:59,26
DA:60,30
DA:61,27
DA:62,36
DA:63,6
DA:64,2
DA:65,2
DA:67,45
DA:74,21
DA:75,54
DA:76,55
DA:78,29
DA:80,56
DA:81,50
DA:88,18
DA:89,47
LF:48
LH:47
end_of_record
TN:
SF:src/utils/type-guards.ts
FNF:11
FNH:9
DA:8,105
DA:15,31
DA:27,14
DA:28,78
DA:29,12
DA:30,2
DA:31,7
DA:32,51
DA:33,23
DA:34,22
DA:35,38
DA:36,34
DA:44,0
DA:45,0
DA:46,1
DA:56,16
DA:57,53
DA:58,12
DA:59,2
DA:60,7
DA:61,33
DA:62,40
DA:63,25
DA:64,37
DA:71,0
DA:72,0
DA:73,0
DA:74,0
DA:75,0
DA:76,1
DA:84,6
DA:85,7
DA:86,9
DA:87,11
DA:88,3
DA:89,32
DA:90,11
DA:91,2
DA:93,38
DA:95,30
DA:96,40
DA:97,29
DA:98,20
DA:99,72
DA:100,2
DA:102,44
DA:103,40
DA:104,41
DA:105,20
DA:106,85
DA:107,2
DA:109,13
DA:117,6
DA:118,7
DA:119,9
DA:120,11
DA:121,3
DA:122,32
DA:123,11
DA:124,2
DA:126,38
DA:128,30
DA:129,40
DA:130,29
DA:131,20
DA:132,72
DA:133,2
DA:135,44
DA:136,40
DA:137,41
DA:138,20
DA:139,85
DA:140,2
DA:142,13
DA:149,6
DA:150,5
DA:151,9
DA:152,11
DA:153,3
DA:154,18
DA:156,30
DA:157,19
DA:158,11
DA:159,2
DA:161,38
DA:163,28
DA:164,40
DA:165,27
DA:166,18
DA:167,30
DA:168,67
DA:169,2
DA:170,46
DA:171,40
DA:172,38
DA:173,18
DA:174,46
DA:175,68
DA:176,2
DA:177,3
DA:179,11
LF:101
LH:94
end_of_record
TN:
SF:test/integration/shared-kubeconfig.ts
FNF:20
FNH:2
DA:1,47
DA:2,192
DA:13,11
DA:14,32
DA:15,23
DA:18,41
DA:19,17
DA:20,31
DA:21,2
DA:24,28
DA:25,0
DA:26,0
DA:28,0
DA:29,2
DA:31,10
DA:39,0
DA:40,0
DA:41,1
DA:48,0
DA:49,0
DA:50,1
DA:57,0
DA:58,0
DA:59,1
DA:66,0
DA:67,0
DA:68,1
DA:74,11
DA:75,9
DA:76,34
DA:77,25
DA:79,43
DA:80,13
DA:81,0
DA:82,4
DA:84,42
DA:85,16
DA:86,29
DA:87,18
DA:88,10
DA:89,21
DA:90,18
DA:91,7
DA:93,34
DA:94,0
DA:95,1
DA:102,0
DA:103,0
DA:104,0
DA:105,0
DA:106,0
DA:107,0
DA:108,0
DA:109,0
DA:110,0
DA:111,0
DA:112,0
DA:113,0
DA:114,0
DA:115,0
DA:116,0
DA:117,0
DA:118,1
DA:126,0
DA:127,0
DA:128,0
DA:129,0
DA:130,0
DA:131,0
DA:132,0
DA:133,0
DA:134,0
DA:135,0
DA:136,0
DA:137,0
DA:138,0
DA:139,0
DA:140,0
DA:141,0
DA:142,1
DA:149,0
DA:150,0
DA:151,0
DA:152,0
DA:153,0
DA:154,0
DA:155,0
DA:156,0
DA:157,0
DA:158,0
DA:159,0
DA:160,0
DA:161,1
DA:169,0
DA:170,0
DA:171,0
DA:172,0
DA:173,0
DA:174,0
DA:175,0
DA:176,0
DA:177,0
DA:178,0
DA:179,0
DA:180,0
DA:181,0
DA:182,0
DA:183,0
DA:184,0
DA:185,0
DA:186,0
DA:187,0
DA:188,0
DA:189,0
DA:190,0
DA:191,0
DA:192,0
DA:193,0
DA:194,0
DA:195,0
DA:196,0
DA:197,0
DA:198,0
DA:199,0
DA:200,0
DA:201,0
DA:202,0
DA:203,0
DA:204,0
DA:205,0
DA:206,0
DA:207,0
DA:208,0
DA:209,0
DA:210,0
DA:211,0
DA:212,0
DA:213,0
DA:214,0
DA:215,0
DA:216,0
DA:217,0
DA:218,0
DA:219,0
DA:220,0
DA:221,0
DA:222,0
DA:223,0
DA:224,0
DA:225,0
DA:226,0
DA:227,0
DA:228,0
DA:229,0
DA:230,1
DA:237,0
DA:238,0
DA:239,0
DA:240,0
DA:241,0
DA:242,0
DA:243,0
DA:244,0
DA:245,0
DA:246,0
DA:247,0
DA:248,0
DA:249,0
DA:250,0
DA:251,0
DA:252,0
DA:253,0
DA:254,0
DA:255,0
DA:256,0
DA:257,0
DA:258,0
DA:259,0
DA:260,0
DA:261,0
DA:262,0
DA:263,0
DA:264,0
DA:265,0
DA:266,0
DA:267,0
DA:268,1
DA:304,0
DA:305,0
DA:306,0
DA:307,0
DA:308,0
DA:309,0
DA:310,0
DA:311,0
DA:312,0
DA:313,0
DA:314,0
DA:315,0
DA:316,0
DA:317,0
DA:318,0
DA:319,0
DA:320,0
DA:321,0
DA:322,0
DA:323,0
DA:324,0
DA:325,0
DA:326,0
DA:327,0
DA:328,0
DA:329,0
DA:330,0
DA:331,0
DA:332,0
DA:333,0
DA:334,0
DA:335,0
DA:336,0
DA:337,0
DA:338,0
DA:339,0
DA:340,0
DA:341,0
DA:342,0
DA:343,0
DA:344,0
DA:345,0
DA:346,0
DA:347,0
DA:348,0
DA:349,0
DA:350,0
DA:351,0
DA:352,0
DA:353,0
DA:354,0
DA:355,0
DA:356,0
DA:357,0
DA:358,0
DA:359,0
DA:360,0
DA:361,0
DA:362,0
DA:363,0
DA:364,0
DA:365,0
DA:366,0
DA:367,0
DA:368,0
DA:369,0
DA:370,0
DA:371,0
DA:372,0
DA:373,0
DA:374,0
DA:375,0
DA:376,0
DA:377,0
DA:378,0
DA:379,0
DA:380,0
DA:381,0
DA:382,0
DA:383,0
DA:384,0
DA:385,1
DA:394,0
DA:395,0
DA:396,0
DA:397,0
DA:398,0
DA:399,0
DA:400,0
DA:401,0
DA:402,0
DA:403,0
DA:404,0
DA:405,0
DA:406,0
DA:407,0
DA:408,0
DA:409,0
DA:410,0
DA:411,0
DA:412,0
DA:413,0
DA:414,0
DA:415,0
DA:416,0
DA:417,0
DA:418,0
DA:419,0
DA:420,0
DA:421,0
DA:422,0
DA:423,0
DA:424,0
DA:425,0
DA:426,0
DA:427,0
DA:439,0
DA:440,0
DA:441,0
DA:442,0
DA:443,0
DA:444,0
DA:445,0
DA:446,0
DA:447,0
DA:448,0
DA:449,0
DA:450,0
DA:451,0
DA:452,0
DA:453,0
DA:454,0
DA:455,0
DA:456,0
DA:457,0
DA:458,0
DA:459,0
DA:460,0
DA:461,1
DA:483,0
DA:484,0
DA:485,0
DA:486,0
DA:487,0
DA:488,0
DA:489,0
DA:490,0
DA:491,0
DA:492,0
DA:493,0
DA:494,0
DA:495,0
DA:496,0
DA:497,0
DA:498,0
DA:499,0
DA:500,0
DA:501,0
DA:502,0
DA:503,0
DA:504,0
DA:505,0
DA:506,0
DA:507,0
DA:508,0
DA:509,0
DA:510,0
DA:511,0
DA:512,0
DA:513,0
DA:514,0
DA:515,0
DA:516,0
DA:517,1
DA:557,0
DA:558,0
DA:559,0
DA:560,0
DA:561,0
DA:562,0
DA:563,0
DA:564,0
DA:565,0
DA:566,0
DA:567,0
DA:568,0
DA:569,0
DA:570,0
DA:571,0
DA:572,0
DA:573,0
DA:574,0
DA:575,0
DA:576,0
DA:577,0
DA:578,0
DA:579,0
DA:580,0
DA:581,0
DA:582,0
DA:583,0
DA:584,0
DA:585,0
DA:586,0
DA:587,0
DA:588,0
DA:589,0
DA:590,0
DA:591,0
DA:592,0
DA:593,0
DA:594,0
DA:595,0
DA:596,0
DA:597,0
DA:598,0
DA:599,0
DA:600,0
DA:601,0
DA:602,0
DA:603,0
DA:604,0
DA:605,0
DA:606,0
DA:607,0
DA:608,0
DA:609,0
DA:610,0
DA:611,0
DA:612,0
DA:613,0
DA:614,0
DA:615,0
DA:616,0
DA:617,0
DA:618,0
DA:625,0
DA:626,0
DA:627,0
DA:628,0
DA:629,0
DA:630,0
DA:631,0
DA:632,0
DA:633,0
DA:634,0
DA:635,0
DA:636,0
DA:637,0
DA:638,0
DA:639,0
DA:640,0
DA:641,0
DA:642,0
DA:643,0
DA:644,0
DA:645,0
DA:646,0
DA:647,0
DA:648,0
DA:649,0
DA:650,0
DA:651,0
DA:652,0
DA:653,0
DA:654,1
DA:683,0
DA:684,0
DA:685,0
DA:686,0
DA:687,0
DA:688,0
DA:689,0
DA:690,0
DA:691,0
DA:692,0
DA:693,0
DA:694,0
DA:695,0
DA:696,0
DA:697,0
DA:698,0
DA:699,0
DA:700,0
DA:701,0
DA:702,0
DA:703,0
DA:704,0
DA:705,0
DA:706,0
DA:707,0
DA:708,0
DA:709,0
DA:710,0
DA:711,0
DA:712,0
DA:713,0
DA:714,0
DA:715,0
DA:716,0
DA:717,0
DA:718,0
DA:719,0
DA:720,0
DA:721,0
DA:722,0
DA:723,0
DA:724,0
DA:725,0
DA:726,0
DA:727,0
DA:728,0
DA:729,0
DA:730,0
DA:731,0
DA:732,0
DA:733,0
DA:734,0
DA:745,0
DA:746,0
DA:747,0
DA:748,0
DA:749,0
DA:750,0
DA:751,0
DA:752,0
DA:753,0
DA:754,0
DA:755,0
DA:756,0
DA:757,0
DA:758,0
DA:759,0
DA:760,0
DA:761,0
DA:762,0
DA:763,0
DA:764,0
DA:765,0
DA:766,0
DA:767,0
DA:768,0
DA:769,0
DA:770,0
DA:771,0
DA:772,0
DA:773,0
DA:774,1
DA:812,0
DA:813,0
DA:814,0
DA:815,0
DA:816,0
DA:817,0
DA:818,0
DA:819,0
DA:820,0
DA:821,0
DA:822,0
DA:823,0
DA:824,0
DA:825,0
DA:826,0
DA:827,0
DA:828,0
DA:829,0
DA:830,0
DA:831,0
DA:832,0
DA:833,0
DA:834,0
DA:835,0
DA:836,0
DA:837,0
DA:838,0
DA:839,0
DA:840,0
DA:841,0
DA:842,0
DA:843,0
DA:844,0
DA:845,0
DA:846,0
DA:847,0
DA:848,0
DA:849,0
DA:850,0
DA:851,0
DA:852,0
DA:853,0
DA:854,0
DA:855,0
DA:856,0
DA:857,0
DA:858,0
DA:859,0
DA:860,0
DA:861,0
DA:862,0
DA:863,0
DA:864,0
DA:865,0
DA:866,0
DA:867,0
DA:868,0
DA:869,0
DA:870,0
DA:871,0
DA:872,0
DA:873,0
DA:874,0
DA:875,0
DA:876,0
LF:600
LH:43
end_of_record
TN:
SF:test/utils/mock-factories.ts
FNF:42
FNH:16
DA:8,40
DA:12,88
DA:26,6
DA:27,10
DA:28,3
DA:29,35
DA:36,6
DA:37,10
DA:38,3
DA:39,48
DA:40,15
DA:41,0
DA:42,2
DA:43,17
DA:69,23
DA:70,51
DA:71,21
DA:72,22
DA:73,50
DA:74,4
DA:76,37
DA:77,86
DA:78,66
DA:80,17
DA:81,17
DA:82,18
DA:83,77
DA:84,18
DA:85,16
DA:86,16
DA:87,4
DA:89,11
DA:97,6
DA:98,12
DA:101,4
DA:102,3
DA:103,24
DA:104,27
DA:105,27
DA:106,24
DA:107,26
DA:108,25
DA:109,37
DA:110,27
DA:111,66
DA:112,7
DA:113,29
DA:114,23
DA:115,0
DA:116,0
DA:117,0
DA:118,0
DA:120,6
DA:121,26
DA:122,20
DA:123,31
DA:124,28
DA:125,4
DA:127,18
DA:142,0
DA:143,0
DA:144,0
DA:145,0
DA:146,0
DA:147,0
DA:148,0
DA:149,0
DA:150,0
DA:151,0
DA:152,0
DA:153,0
DA:154,0
DA:155,0
DA:156,0
DA:157,0
DA:158,0
DA:159,0
DA:160,0
DA:161,0
DA:162,0
DA:163,0
DA:164,0
DA:165,0
DA:166,0
DA:167,0
DA:168,0
DA:169,0
DA:170,0
DA:171,1
DA:177,0
DA:178,0
DA:179,0
DA:180,0
DA:181,0
DA:182,0
DA:183,0
DA:184,0
DA:185,0
DA:186,0
DA:187,0
DA:188,0
DA:189,0
DA:190,0
DA:191,0
DA:192,0
DA:193,0
DA:194,0
DA:195,0
DA:196,0
DA:197,0
DA:198,0
DA:199,0
DA:200,0
DA:201,0
DA:202,0
DA:203,1
DA:209,0
DA:210,0
DA:211,0
DA:212,0
DA:213,0
DA:214,0
DA:215,0
DA:216,0
DA:217,0
DA:218,0
DA:219,0
DA:220,0
DA:221,0
DA:222,0
DA:223,0
DA:224,0
DA:225,0
DA:226,0
DA:227,0
DA:228,0
DA:229,0
DA:230,0
DA:231,0
DA:232,0
DA:233,1
DA:239,0
DA:240,0
DA:241,0
DA:242,0
DA:243,0
DA:244,0
DA:245,0
DA:246,0
DA:247,0
DA:248,0
DA:249,0
DA:250,0
DA:251,0
DA:252,0
DA:253,0
DA:254,0
DA:255,1
DA:261,0
DA:262,0
DA:263,0
DA:264,0
DA:265,0
DA:266,0
DA:267,0
DA:268,0
DA:269,0
DA:270,0
DA:271,0
DA:272,0
DA:273,0
DA:274,1
DA:280,0
DA:281,0
DA:282,0
DA:283,0
DA:284,0
DA:285,0
DA:286,0
DA:287,0
DA:288,0
DA:289,0
DA:290,0
DA:291,0
DA:292,0
DA:293,0
DA:294,0
DA:295,0
DA:296,0
DA:297,0
DA:298,0
DA:299,0
DA:300,0
DA:301,0
DA:302,1
DA:308,0
DA:309,0
DA:310,0
DA:311,0
DA:312,0
DA:313,0
DA:314,0
DA:315,0
DA:316,0
DA:317,0
DA:318,0
DA:319,0
DA:320,0
DA:321,0
DA:322,0
DA:323,0
DA:324,0
DA:325,0
DA:326,0
DA:327,0
DA:328,0
DA:329,0
DA:330,1
DA:340,0
DA:341,0
DA:342,0
DA:343,0
DA:344,0
DA:345,0
DA:346,0
DA:347,0
DA:348,0
DA:349,0
DA:350,0
DA:351,0
DA:352,0
DA:353,0
DA:354,0
DA:355,0
DA:356,0
DA:357,0
DA:358,0
DA:359,0
DA:360,0
DA:361,0
DA:362,0
DA:363,0
DA:364,0
DA:365,0
DA:366,0
DA:367,0
DA:368,0
DA:369,0
DA:370,1
DA:404,16
DA:405,13
DA:426,6
DA:427,7
DA:428,10
DA:434,3
DA:436,78
DA:437,20
DA:438,49
DA:440,44
DA:441,51
DA:442,2
DA:443,43
DA:444,49
DA:445,2
DA:446,51
DA:447,67
DA:448,2
DA:449,40
DA:450,0
DA:451,2
DA:462,16
DA:463,8
DA:464,61
DA:465,18
DA:466,30
DA:488,0
DA:489,0
DA:490,0
DA:491,0
DA:492,0
DA:493,0
DA:494,0
DA:495,0
DA:496,0
DA:497,1
DA:514,0
DA:515,0
DA:516,0
DA:517,0
DA:518,0
DA:519,1
DA:537,6
DA:538,17
DA:539,3
DA:540,12
DA:541,40
DA:542,2
DA:589,19
DA:590,16
DA:605,6
DA:606,9
DA:607,12
DA:608,3
DA:609,57
DA:625,16
DA:626,56
DA:629,11
DA:630,54
LF:308
LH:106
end_of_record
